[0.016s] Invoking command in '/home/yappel/ros2_ws/build/ackermann_msgs': CMAKE_PREFIX_PATH=/opt/ros/humble:${CMAKE_PREFIX_PATH} /usr/bin/cmake --build /home/yappel/ros2_ws/build/ackermann_msgs -- -j16 -l16
[0.076s] [  2%] Built target ackermann_msgs__cpp
[0.077s] [ 12%] Built target ackermann_msgs__rosidl_generator_c
[0.094s] [ 12%] Built target ament_cmake_python_copy_ackermann_msgs
[0.107s] [ 53%] Built target ackermann_msgs__rosidl_typesupport_c
[0.107s] [ 53%] Built target ackermann_msgs__rosidl_typesupport_fastrtps_c
[0.107s] [ 53%] Built target ackermann_msgs__rosidl_typesupport_fastrtps_cpp
[0.108s] [ 53%] Built target ackermann_msgs__rosidl_typesupport_introspection_c
[0.108s] [ 64%] Built target ackermann_msgs__rosidl_typesupport_introspection_cpp
[0.110s] [ 74%] Built target ackermann_msgs__rosidl_typesupport_cpp
[0.136s] [ 74%] Built target ackermann_msgs
[0.159s] [ 76%] Built target ackermann_msgs__py
[0.185s] [ 84%] Built target ackermann_msgs__rosidl_generator_py
[0.207s] [100%] Built target ackermann_msgs__rosidl_typesupport_introspection_c__pyext
[0.207s] [100%] Built target ackermann_msgs__rosidl_typesupport_fastrtps_c__pyext
[0.207s] [100%] Built target ackermann_msgs__rosidl_typesupport_c__pyext
[0.366s] running egg_info
[0.367s] writing ackermann_msgs.egg-info/PKG-INFO
[0.367s] writing dependency_links to ackermann_msgs.egg-info/dependency_links.txt
[0.368s] writing top-level names to ackermann_msgs.egg-info/top_level.txt
[0.370s] reading manifest file 'ackermann_msgs.egg-info/SOURCES.txt'
[0.370s] writing manifest file 'ackermann_msgs.egg-info/SOURCES.txt'
[0.396s] [100%] Built target ament_cmake_python_build_ackermann_msgs_egg
