[0.018s] Invoking command in '/home/yappel/ros2_ws/build/smart_car': CMAKE_PREFIX_PATH=/opt/ros/humble:${CMAKE_PREFIX_PATH} /usr/bin/cmake --build /home/yappel/ros2_ws/build/smart_car -- -j16 -l16
[0.039s] -- Found ament_cmake: 1.3.12 (/opt/ros/humble/share/ament_cmake/cmake)
[0.226s] -- Configuring done
[0.229s] -- Generating done
[0.233s] -- Build files have been written to: /home/yappel/ros2_ws/build/smart_car
[0.256s] Invoked command in '/home/yappel/ros2_ws/build/smart_car' returned '0': CMAKE_PREFIX_PATH=/opt/ros/humble:${CMAKE_PREFIX_PATH} /usr/bin/cmake --build /home/yappel/ros2_ws/build/smart_car -- -j16 -l16
[0.257s] Invoking command in '/home/yappel/ros2_ws/build/smart_car': CMAKE_PREFIX_PATH=/opt/ros/humble:${CMAKE_PREFIX_PATH} /usr/bin/cmake --install /home/yappel/ros2_ws/build/smart_car
[0.264s] -- Install configuration: ""
[0.264s] -- Up-to-date: /home/yappel/ros2_ws/install/smart_car/share/smart_car/launch
[0.264s] -- Up-to-date: /home/yappel/ros2_ws/install/smart_car/share/smart_car/launch/sim.launch.py
[0.264s] -- Up-to-date: /home/yappel/ros2_ws/install/smart_car/share/smart_car/urdf
[0.264s] -- Up-to-date: /home/yappel/ros2_ws/install/smart_car/share/smart_car/urdf/smart_car.urdf
[0.264s] -- Up-to-date: /home/yappel/ros2_ws/install/smart_car/share/smart_car/urdf/smartcar.urdf.xacro
[0.264s] -- Up-to-date: /home/yappel/ros2_ws/install/smart_car/share/smart_car/worlds
[0.264s] -- Up-to-date: /home/yappel/ros2_ws/install/smart_car/share/smart_car/worlds/empty.world
[0.264s] -- Up-to-date: /home/yappel/ros2_ws/install/smart_car/share/smart_car/worlds/smalltown.world
[0.264s] -- Up-to-date: /home/yappel/ros2_ws/install/smart_car/share/smart_car/scripts
[0.264s] -- Up-to-date: /home/yappel/ros2_ws/install/smart_car/share/smart_car/scripts/joint_state_publisher.py
[0.264s] [31mCMake Error at cmake_install.cmake:55 (file):
[0.264s]   file INSTALL cannot find
[0.265s]   "/home/yappel/ros2_ws/src/smart_car/script/joint_state_pub.py": No such
[0.265s]   file or directory.
[0.265s] 
[0.265s] [0m
[0.265s] Invoked command in '/home/yappel/ros2_ws/build/smart_car' returned '1': CMAKE_PREFIX_PATH=/opt/ros/humble:${CMAKE_PREFIX_PATH} /usr/bin/cmake --install /home/yappel/ros2_ws/build/smart_car
