[0.017s] Invoking command in '/home/yappel/ros2_ws/build/smartcar_msgs': /usr/bin/cmake /home/yappel/ros2_ws/src/smartcar_msgs -DCATKIN_INSTALL_INTO_PREFIX_ROOT=0 -DCMAKE_INSTALL_PREFIX=/home/yappel/ros2_ws/install/smartcar_msgs
[0.091s] -- The C compiler identification is GNU 11.4.0
[0.156s] -- The CXX compiler identification is GNU 11.4.0
[0.164s] -- Detecting C compiler ABI info
[0.243s] -- Detecting C compiler ABI info - done
[0.250s] -- Check for working C compiler: /usr/bin/cc - skipped
[0.250s] -- Detecting C compile features
[0.251s] -- Detecting C compile features - done
[0.254s] -- Detecting CXX compiler ABI info
[0.353s] -- Detecting CXX compiler ABI info - done
[0.359s] -- Check for working CXX compiler: /usr/bin/c++ - skipped
[0.359s] -- Detecting CXX compile features
[0.360s] -- Detecting CXX compile features - done
[0.362s] -- Found ament_cmake: 1.3.12 (/opt/ros/humble/share/ament_cmake/cmake)
[0.554s] -- Found Python3: /usr/bin/python3 (found version "3.10.12") found components: Interpreter 
[0.655s] -- Found std_msgs: 4.9.0 (/opt/ros/humble/share/std_msgs/cmake)
[0.689s] -- Found rosidl_generator_c: 3.1.7 (/opt/ros/humble/share/rosidl_generator_c/cmake)
[0.694s] -- Found rosidl_adapter: 3.1.7 (/opt/ros/humble/share/rosidl_adapter/cmake)
[0.701s] -- Found rosidl_generator_cpp: 3.1.7 (/opt/ros/humble/share/rosidl_generator_cpp/cmake)
[0.714s] -- Using all available rosidl_typesupport_c: rosidl_typesupport_fastrtps_c;rosidl_typesupport_introspection_c
[0.733s] -- Using all available rosidl_typesupport_cpp: rosidl_typesupport_fastrtps_cpp;rosidl_typesupport_introspection_cpp
[1.013s] -- Found ament_cmake_ros: 0.10.0 (/opt/ros/humble/share/ament_cmake_ros/cmake)
[1.318s] -- Using all available rosidl_typesupport_c: rosidl_typesupport_fastrtps_c;rosidl_typesupport_introspection_c
[1.434s] -- Using all available rosidl_typesupport_cpp: rosidl_typesupport_fastrtps_cpp;rosidl_typesupport_introspection_cpp
[1.442s] -- Configuring done
[1.459s] -- Generating done
[1.461s] [33mCMake Warning:
[1.461s]   Manually-specified variables were not used by the project:
[1.461s] 
[1.461s]     CATKIN_INSTALL_INTO_PREFIX_ROOT
[1.461s] 
[1.461s] [0m
[1.465s] -- Build files have been written to: /home/yappel/ros2_ws/build/smartcar_msgs
[1.473s] Invoked command in '/home/yappel/ros2_ws/build/smartcar_msgs' returned '0': /usr/bin/cmake /home/yappel/ros2_ws/src/smartcar_msgs -DCATKIN_INSTALL_INTO_PREFIX_ROOT=0 -DCMAKE_INSTALL_PREFIX=/home/yappel/ros2_ws/install/smartcar_msgs
[1.474s] Invoking command in '/home/yappel/ros2_ws/build/smartcar_msgs': /usr/bin/cmake --build /home/yappel/ros2_ws/build/smartcar_msgs -- -j16 -l16
[1.523s] [  4%] [34m[1mGenerating C code for ROS interfaces[0m
[1.537s] [  9%] [34m[1mGenerating C++ code for ROS interfaces[0m
[1.811s] [  9%] Built target smartcar_msgs__cpp
[1.823s] [ 13%] [32mBuilding C object CMakeFiles/smartcar_msgs__rosidl_generator_c.dir/rosidl_generator_c/smartcar_msgs/msg/detail/status__functions.c.o[0m
[1.828s] [ 18%] [34m[1mGenerating C++ type support for eProsima Fast-RTPS[0m
[1.829s] [ 22%] [34m[1mGenerating C++ introspection for ROS interfaces[0m
[1.833s] [ 27%] [34m[1mGenerating C++ type support dispatch for ROS interfaces[0m
[1.888s] [ 31%] [32m[1mLinking C shared library libsmartcar_msgs__rosidl_generator_c.so[0m
[1.964s] [ 31%] Built target smartcar_msgs__rosidl_generator_c
[1.976s] [ 36%] [34m[1mGenerating C type support for eProsima Fast-RTPS[0m
[1.979s] [ 45%] [34m[1mGenerating C introspection for ROS interfaces[0m
[1.980s] [ 45%] [34m[1mGenerating C type support dispatch for ROS interfaces[0m
[2.155s] [ 50%] [32mBuilding CXX object CMakeFiles/smartcar_msgs__rosidl_typesupport_cpp.dir/rosidl_typesupport_cpp/smartcar_msgs/msg/status__type_support.cpp.o[0m
[2.187s] [ 54%] [32mBuilding CXX object CMakeFiles/smartcar_msgs__rosidl_typesupport_introspection_cpp.dir/rosidl_typesupport_introspection_cpp/smartcar_msgs/msg/detail/status__type_support.cpp.o[0m
[2.187s] [ 59%] [32mBuilding CXX object CMakeFiles/smartcar_msgs__rosidl_typesupport_fastrtps_cpp.dir/rosidl_typesupport_fastrtps_cpp/smartcar_msgs/msg/detail/dds_fastrtps/status__type_support.cpp.o[0m
[2.301s] [ 63%] [32mBuilding CXX object CMakeFiles/smartcar_msgs__rosidl_typesupport_c.dir/rosidl_typesupport_c/smartcar_msgs/msg/status__type_support.cpp.o[0m
[2.355s] [ 68%] [32m[1mLinking CXX shared library libsmartcar_msgs__rosidl_typesupport_c.so[0m
[2.375s] [ 72%] [32mBuilding CXX object CMakeFiles/smartcar_msgs__rosidl_typesupport_fastrtps_c.dir/rosidl_typesupport_fastrtps_c/smartcar_msgs/msg/detail/status__type_support_c.cpp.o[0m
[2.383s] [ 77%] [32mBuilding C object CMakeFiles/smartcar_msgs__rosidl_typesupport_introspection_c.dir/rosidl_typesupport_introspection_c/smartcar_msgs/msg/detail/status__type_support.c.o[0m
[2.429s] [ 81%] [32m[1mLinking C shared library libsmartcar_msgs__rosidl_typesupport_introspection_c.so[0m
[2.444s] [ 81%] Built target smartcar_msgs__rosidl_typesupport_c
[2.483s] [ 81%] Built target smartcar_msgs__rosidl_typesupport_introspection_c
[2.555s] [ 86%] [32m[1mLinking CXX shared library libsmartcar_msgs__rosidl_typesupport_cpp.so[0m
[2.618s] [ 86%] Built target smartcar_msgs__rosidl_typesupport_cpp
[2.714s] [ 90%] [32m[1mLinking CXX shared library libsmartcar_msgs__rosidl_typesupport_introspection_cpp.so[0m
[2.722s] [ 95%] [32m[1mLinking CXX shared library libsmartcar_msgs__rosidl_typesupport_fastrtps_cpp.so[0m
[2.779s] [ 95%] Built target smartcar_msgs__rosidl_typesupport_introspection_cpp
[2.845s] [100%] [32m[1mLinking CXX shared library libsmartcar_msgs__rosidl_typesupport_fastrtps_c.so[0m
[2.861s] [100%] Built target smartcar_msgs__rosidl_typesupport_fastrtps_cpp
[2.972s] [100%] Built target smartcar_msgs__rosidl_typesupport_fastrtps_c
[3.003s] [100%] Built target smartcar_msgs
[3.031s] Invoked command in '/home/yappel/ros2_ws/build/smartcar_msgs' returned '0': /usr/bin/cmake --build /home/yappel/ros2_ws/build/smartcar_msgs -- -j16 -l16
[3.032s] Invoking command in '/home/yappel/ros2_ws/build/smartcar_msgs': /usr/bin/cmake --install /home/yappel/ros2_ws/build/smartcar_msgs
[3.057s] -- Install configuration: ""
[3.057s] -- Installing: /home/yappel/ros2_ws/install/smartcar_msgs/share/ament_index/resource_index/rosidl_interfaces/smartcar_msgs
[3.058s] -- Installing: /home/yappel/ros2_ws/install/smartcar_msgs/include/smartcar_msgs/smartcar_msgs
[3.058s] -- Installing: /home/yappel/ros2_ws/install/smartcar_msgs/include/smartcar_msgs/smartcar_msgs/msg
[3.059s] -- Installing: /home/yappel/ros2_ws/install/smartcar_msgs/include/smartcar_msgs/smartcar_msgs/msg/status.h
[3.059s] -- Installing: /home/yappel/ros2_ws/install/smartcar_msgs/include/smartcar_msgs/smartcar_msgs/msg/detail
[3.059s] -- Installing: /home/yappel/ros2_ws/install/smartcar_msgs/include/smartcar_msgs/smartcar_msgs/msg/detail/status__type_support.h
[3.060s] -- Installing: /home/yappel/ros2_ws/install/smartcar_msgs/include/smartcar_msgs/smartcar_msgs/msg/detail/status__functions.h
[3.060s] -- Installing: /home/yappel/ros2_ws/install/smartcar_msgs/include/smartcar_msgs/smartcar_msgs/msg/detail/status__struct.h
[3.060s] -- Installing: /home/yappel/ros2_ws/install/smartcar_msgs/include/smartcar_msgs/smartcar_msgs/msg/detail/status__functions.c
[3.061s] -- Installing: /home/yappel/ros2_ws/install/smartcar_msgs/include/smartcar_msgs/smartcar_msgs/msg/rosidl_generator_c__visibility_control.h
[3.061s] -- Installing: /home/yappel/ros2_ws/install/smartcar_msgs/share/smartcar_msgs/environment/library_path.sh
[3.062s] -- Installing: /home/yappel/ros2_ws/install/smartcar_msgs/share/smartcar_msgs/environment/library_path.dsv
[3.062s] -- Installing: /home/yappel/ros2_ws/install/smartcar_msgs/lib/libsmartcar_msgs__rosidl_generator_c.so
[3.062s] -- Set runtime path of "/home/yappel/ros2_ws/install/smartcar_msgs/lib/libsmartcar_msgs__rosidl_generator_c.so" to ""
[3.063s] -- Up-to-date: /home/yappel/ros2_ws/install/smartcar_msgs/include/smartcar_msgs/smartcar_msgs
[3.065s] -- Up-to-date: /home/yappel/ros2_ws/install/smartcar_msgs/include/smartcar_msgs/smartcar_msgs/msg
[3.065s] -- Installing: /home/yappel/ros2_ws/install/smartcar_msgs/include/smartcar_msgs/smartcar_msgs/msg/rosidl_typesupport_fastrtps_c__visibility_control.h
[3.065s] -- Up-to-date: /home/yappel/ros2_ws/install/smartcar_msgs/include/smartcar_msgs/smartcar_msgs/msg/detail
[3.065s] -- Installing: /home/yappel/ros2_ws/install/smartcar_msgs/include/smartcar_msgs/smartcar_msgs/msg/detail/status__rosidl_typesupport_fastrtps_c.h
[3.065s] -- Installing: /home/yappel/ros2_ws/install/smartcar_msgs/lib/libsmartcar_msgs__rosidl_typesupport_fastrtps_c.so
[3.065s] -- Set runtime path of "/home/yappel/ros2_ws/install/smartcar_msgs/lib/libsmartcar_msgs__rosidl_typesupport_fastrtps_c.so" to ""
[3.065s] -- Up-to-date: /home/yappel/ros2_ws/install/smartcar_msgs/include/smartcar_msgs/smartcar_msgs
[3.065s] -- Up-to-date: /home/yappel/ros2_ws/install/smartcar_msgs/include/smartcar_msgs/smartcar_msgs/msg
[3.065s] -- Up-to-date: /home/yappel/ros2_ws/install/smartcar_msgs/include/smartcar_msgs/smartcar_msgs/msg/detail
[3.066s] -- Installing: /home/yappel/ros2_ws/install/smartcar_msgs/include/smartcar_msgs/smartcar_msgs/msg/detail/status__builder.hpp
[3.066s] -- Installing: /home/yappel/ros2_ws/install/smartcar_msgs/include/smartcar_msgs/smartcar_msgs/msg/detail/status__type_support.hpp
[3.066s] -- Installing: /home/yappel/ros2_ws/install/smartcar_msgs/include/smartcar_msgs/smartcar_msgs/msg/detail/status__struct.hpp
[3.066s] -- Installing: /home/yappel/ros2_ws/install/smartcar_msgs/include/smartcar_msgs/smartcar_msgs/msg/detail/status__traits.hpp
[3.066s] -- Installing: /home/yappel/ros2_ws/install/smartcar_msgs/include/smartcar_msgs/smartcar_msgs/msg/status.hpp
[3.067s] -- Installing: /home/yappel/ros2_ws/install/smartcar_msgs/include/smartcar_msgs/smartcar_msgs/msg/rosidl_generator_cpp__visibility_control.hpp
[3.067s] -- Up-to-date: /home/yappel/ros2_ws/install/smartcar_msgs/include/smartcar_msgs/smartcar_msgs
[3.067s] -- Up-to-date: /home/yappel/ros2_ws/install/smartcar_msgs/include/smartcar_msgs/smartcar_msgs/msg
[3.067s] -- Up-to-date: /home/yappel/ros2_ws/install/smartcar_msgs/include/smartcar_msgs/smartcar_msgs/msg/detail
[3.067s] -- Installing: /home/yappel/ros2_ws/install/smartcar_msgs/include/smartcar_msgs/smartcar_msgs/msg/detail/status__rosidl_typesupport_fastrtps_cpp.hpp
[3.068s] -- Installing: /home/yappel/ros2_ws/install/smartcar_msgs/include/smartcar_msgs/smartcar_msgs/msg/detail/dds_fastrtps
[3.068s] -- Installing: /home/yappel/ros2_ws/install/smartcar_msgs/include/smartcar_msgs/smartcar_msgs/msg/rosidl_typesupport_fastrtps_cpp__visibility_control.h
[3.068s] -- Installing: /home/yappel/ros2_ws/install/smartcar_msgs/lib/libsmartcar_msgs__rosidl_typesupport_fastrtps_cpp.so
[3.068s] -- Set runtime path of "/home/yappel/ros2_ws/install/smartcar_msgs/lib/libsmartcar_msgs__rosidl_typesupport_fastrtps_cpp.so" to ""
[3.068s] -- Up-to-date: /home/yappel/ros2_ws/install/smartcar_msgs/include/smartcar_msgs/smartcar_msgs
[3.069s] -- Up-to-date: /home/yappel/ros2_ws/install/smartcar_msgs/include/smartcar_msgs/smartcar_msgs/msg
[3.069s] -- Installing: /home/yappel/ros2_ws/install/smartcar_msgs/include/smartcar_msgs/smartcar_msgs/msg/rosidl_typesupport_introspection_c__visibility_control.h
[3.069s] -- Up-to-date: /home/yappel/ros2_ws/install/smartcar_msgs/include/smartcar_msgs/smartcar_msgs/msg/detail
[3.069s] -- Installing: /home/yappel/ros2_ws/install/smartcar_msgs/include/smartcar_msgs/smartcar_msgs/msg/detail/status__type_support.c
[3.069s] -- Installing: /home/yappel/ros2_ws/install/smartcar_msgs/include/smartcar_msgs/smartcar_msgs/msg/detail/status__rosidl_typesupport_introspection_c.h
[3.069s] -- Installing: /home/yappel/ros2_ws/install/smartcar_msgs/lib/libsmartcar_msgs__rosidl_typesupport_introspection_c.so
[3.070s] -- Set runtime path of "/home/yappel/ros2_ws/install/smartcar_msgs/lib/libsmartcar_msgs__rosidl_typesupport_introspection_c.so" to ""
[3.070s] -- Installing: /home/yappel/ros2_ws/install/smartcar_msgs/lib/libsmartcar_msgs__rosidl_typesupport_c.so
[3.071s] -- Set runtime path of "/home/yappel/ros2_ws/install/smartcar_msgs/lib/libsmartcar_msgs__rosidl_typesupport_c.so" to ""
[3.071s] -- Up-to-date: /home/yappel/ros2_ws/install/smartcar_msgs/include/smartcar_msgs/smartcar_msgs
[3.071s] -- Up-to-date: /home/yappel/ros2_ws/install/smartcar_msgs/include/smartcar_msgs/smartcar_msgs/msg
[3.071s] -- Up-to-date: /home/yappel/ros2_ws/install/smartcar_msgs/include/smartcar_msgs/smartcar_msgs/msg/detail
[3.071s] -- Installing: /home/yappel/ros2_ws/install/smartcar_msgs/include/smartcar_msgs/smartcar_msgs/msg/detail/status__rosidl_typesupport_introspection_cpp.hpp
[3.071s] -- Installing: /home/yappel/ros2_ws/install/smartcar_msgs/include/smartcar_msgs/smartcar_msgs/msg/detail/status__type_support.cpp
[3.071s] -- Installing: /home/yappel/ros2_ws/install/smartcar_msgs/lib/libsmartcar_msgs__rosidl_typesupport_introspection_cpp.so
[3.072s] -- Set runtime path of "/home/yappel/ros2_ws/install/smartcar_msgs/lib/libsmartcar_msgs__rosidl_typesupport_introspection_cpp.so" to ""
[3.072s] -- Installing: /home/yappel/ros2_ws/install/smartcar_msgs/lib/libsmartcar_msgs__rosidl_typesupport_cpp.so
[3.073s] -- Set runtime path of "/home/yappel/ros2_ws/install/smartcar_msgs/lib/libsmartcar_msgs__rosidl_typesupport_cpp.so" to ""
[3.073s] -- Installing: /home/yappel/ros2_ws/install/smartcar_msgs/share/smartcar_msgs/msg/Status.idl
[3.073s] -- Installing: /home/yappel/ros2_ws/install/smartcar_msgs/share/smartcar_msgs/msg/Status.msg
[3.074s] -- Installing: /home/yappel/ros2_ws/install/smartcar_msgs/share/ament_index/resource_index/package_run_dependencies/smartcar_msgs
[3.074s] -- Installing: /home/yappel/ros2_ws/install/smartcar_msgs/share/ament_index/resource_index/parent_prefix_path/smartcar_msgs
[3.077s] -- Installing: /home/yappel/ros2_ws/install/smartcar_msgs/share/smartcar_msgs/environment/ament_prefix_path.sh
[3.077s] -- Installing: /home/yappel/ros2_ws/install/smartcar_msgs/share/smartcar_msgs/environment/ament_prefix_path.dsv
[3.077s] -- Installing: /home/yappel/ros2_ws/install/smartcar_msgs/share/smartcar_msgs/environment/path.sh
[3.077s] -- Installing: /home/yappel/ros2_ws/install/smartcar_msgs/share/smartcar_msgs/environment/path.dsv
[3.077s] -- Installing: /home/yappel/ros2_ws/install/smartcar_msgs/share/smartcar_msgs/local_setup.bash
[3.077s] -- Installing: /home/yappel/ros2_ws/install/smartcar_msgs/share/smartcar_msgs/local_setup.sh
[3.077s] -- Installing: /home/yappel/ros2_ws/install/smartcar_msgs/share/smartcar_msgs/local_setup.zsh
[3.077s] -- Installing: /home/yappel/ros2_ws/install/smartcar_msgs/share/smartcar_msgs/local_setup.dsv
[3.077s] -- Installing: /home/yappel/ros2_ws/install/smartcar_msgs/share/smartcar_msgs/package.dsv
[3.078s] -- Installing: /home/yappel/ros2_ws/install/smartcar_msgs/share/ament_index/resource_index/packages/smartcar_msgs
[3.078s] -- Installing: /home/yappel/ros2_ws/install/smartcar_msgs/share/smartcar_msgs/cmake/export_smartcar_msgs__rosidl_generator_cExport.cmake
[3.078s] -- Installing: /home/yappel/ros2_ws/install/smartcar_msgs/share/smartcar_msgs/cmake/export_smartcar_msgs__rosidl_generator_cExport-noconfig.cmake
[3.078s] -- Installing: /home/yappel/ros2_ws/install/smartcar_msgs/share/smartcar_msgs/cmake/export_smartcar_msgs__rosidl_typesupport_fastrtps_cExport.cmake
[3.078s] -- Installing: /home/yappel/ros2_ws/install/smartcar_msgs/share/smartcar_msgs/cmake/export_smartcar_msgs__rosidl_typesupport_fastrtps_cExport-noconfig.cmake
[3.078s] -- Installing: /home/yappel/ros2_ws/install/smartcar_msgs/share/smartcar_msgs/cmake/export_smartcar_msgs__rosidl_generator_cppExport.cmake
[3.079s] -- Installing: /home/yappel/ros2_ws/install/smartcar_msgs/share/smartcar_msgs/cmake/export_smartcar_msgs__rosidl_typesupport_fastrtps_cppExport.cmake
[3.079s] -- Installing: /home/yappel/ros2_ws/install/smartcar_msgs/share/smartcar_msgs/cmake/export_smartcar_msgs__rosidl_typesupport_fastrtps_cppExport-noconfig.cmake
[3.080s] -- Installing: /home/yappel/ros2_ws/install/smartcar_msgs/share/smartcar_msgs/cmake/smartcar_msgs__rosidl_typesupport_introspection_cExport.cmake
[3.080s] -- Installing: /home/yappel/ros2_ws/install/smartcar_msgs/share/smartcar_msgs/cmake/smartcar_msgs__rosidl_typesupport_introspection_cExport-noconfig.cmake
[3.080s] -- Installing: /home/yappel/ros2_ws/install/smartcar_msgs/share/smartcar_msgs/cmake/smartcar_msgs__rosidl_typesupport_cExport.cmake
[3.081s] -- Installing: /home/yappel/ros2_ws/install/smartcar_msgs/share/smartcar_msgs/cmake/smartcar_msgs__rosidl_typesupport_cExport-noconfig.cmake
[3.081s] -- Installing: /home/yappel/ros2_ws/install/smartcar_msgs/share/smartcar_msgs/cmake/smartcar_msgs__rosidl_typesupport_introspection_cppExport.cmake
[3.081s] -- Installing: /home/yappel/ros2_ws/install/smartcar_msgs/share/smartcar_msgs/cmake/smartcar_msgs__rosidl_typesupport_introspection_cppExport-noconfig.cmake
[3.082s] -- Installing: /home/yappel/ros2_ws/install/smartcar_msgs/share/smartcar_msgs/cmake/smartcar_msgs__rosidl_typesupport_cppExport.cmake
[3.082s] -- Installing: /home/yappel/ros2_ws/install/smartcar_msgs/share/smartcar_msgs/cmake/smartcar_msgs__rosidl_typesupport_cppExport-noconfig.cmake
[3.082s] -- Installing: /home/yappel/ros2_ws/install/smartcar_msgs/share/smartcar_msgs/cmake/rosidl_cmake-extras.cmake
[3.082s] -- Installing: /home/yappel/ros2_ws/install/smartcar_msgs/share/smartcar_msgs/cmake/ament_cmake_export_include_directories-extras.cmake
[3.083s] -- Installing: /home/yappel/ros2_ws/install/smartcar_msgs/share/smartcar_msgs/cmake/ament_cmake_export_libraries-extras.cmake
[3.083s] -- Installing: /home/yappel/ros2_ws/install/smartcar_msgs/share/smartcar_msgs/cmake/ament_cmake_export_targets-extras.cmake
[3.083s] -- Installing: /home/yappel/ros2_ws/install/smartcar_msgs/share/smartcar_msgs/cmake/rosidl_cmake_export_typesupport_targets-extras.cmake
[3.084s] -- Installing: /home/yappel/ros2_ws/install/smartcar_msgs/share/smartcar_msgs/cmake/ament_cmake_export_dependencies-extras.cmake
[3.084s] -- Installing: /home/yappel/ros2_ws/install/smartcar_msgs/share/smartcar_msgs/cmake/rosidl_cmake_export_typesupport_libraries-extras.cmake
[3.084s] -- Installing: /home/yappel/ros2_ws/install/smartcar_msgs/share/smartcar_msgs/cmake/smartcar_msgsConfig.cmake
[3.084s] -- Installing: /home/yappel/ros2_ws/install/smartcar_msgs/share/smartcar_msgs/cmake/smartcar_msgsConfig-version.cmake
[3.085s] -- Installing: /home/yappel/ros2_ws/install/smartcar_msgs/share/smartcar_msgs/package.xml
[3.091s] Invoked command in '/home/yappel/ros2_ws/build/smartcar_msgs' returned '0': /usr/bin/cmake --install /home/yappel/ros2_ws/build/smartcar_msgs
