-- Install configuration: ""
-- Up-to-date: /home/yappel/ros2_ws/install/smart_car/share/smart_car//launch
-- Up-to-date: /home/yappel/ros2_ws/install/smart_car/share/smart_car//launch/sim.launch.py
-- Up-to-date: /home/yappel/ros2_ws/install/smart_car/share/smart_car//urdf
-- Up-to-date: /home/yappel/ros2_ws/install/smart_car/share/smart_car//urdf/smart_car.urdf
-- Up-to-date: /home/yappel/ros2_ws/install/smart_car/share/smart_car//urdf/smartcar.urdf.xacro
-- Up-to-date: /home/yappel/ros2_ws/install/smart_car/share/smart_car//worlds
-- Up-to-date: /home/yappel/ros2_ws/install/smart_car/share/smart_car//worlds/empty.world
-- Up-to-date: /home/yappel/ros2_ws/install/smart_car/share/smart_car//worlds/smalltown.world
-- Up-to-date: /home/yappel/ros2_ws/install/smart_car/share/smart_car//scripts
-- Up-to-date: /home/yappel/ros2_ws/install/smart_car/share/smart_car//scripts/joint_state_publisher.py
-- Up-to-date: /home/yappel/ros2_ws/install/smart_car/share/ament_index/resource_index/package_run_dependencies/smart_car
-- Up-to-date: /home/yappel/ros2_ws/install/smart_car/share/ament_index/resource_index/parent_prefix_path/smart_car
-- Up-to-date: /home/yappel/ros2_ws/install/smart_car/share/smart_car/environment/ament_prefix_path.sh
-- Up-to-date: /home/yappel/ros2_ws/install/smart_car/share/smart_car/environment/ament_prefix_path.dsv
-- Up-to-date: /home/yappel/ros2_ws/install/smart_car/share/smart_car/environment/path.sh
-- Up-to-date: /home/yappel/ros2_ws/install/smart_car/share/smart_car/environment/path.dsv
-- Up-to-date: /home/yappel/ros2_ws/install/smart_car/share/smart_car/local_setup.bash
-- Up-to-date: /home/yappel/ros2_ws/install/smart_car/share/smart_car/local_setup.sh
-- Up-to-date: /home/yappel/ros2_ws/install/smart_car/share/smart_car/local_setup.zsh
-- Up-to-date: /home/yappel/ros2_ws/install/smart_car/share/smart_car/local_setup.dsv
-- Installing: /home/yappel/ros2_ws/install/smart_car/share/smart_car/package.dsv
-- Up-to-date: /home/yappel/ros2_ws/install/smart_car/share/ament_index/resource_index/packages/smart_car
-- Up-to-date: /home/yappel/ros2_ws/install/smart_car/share/smart_car/cmake/smart_carConfig.cmake
-- Up-to-date: /home/yappel/ros2_ws/install/smart_car/share/smart_car/cmake/smart_carConfig-version.cmake
-- Up-to-date: /home/yappel/ros2_ws/install/smart_car/share/smart_car/package.xml
