[0.017s] Invoking command in '/home/yappel/ros2_ws/build/ackermann_msgs': CMAKE_PREFIX_PATH=/opt/ros/humble:${CMAKE_PREFIX_PATH} /usr/bin/cmake --build /home/yappel/ros2_ws/build/ackermann_msgs -- -j16 -l16
[0.073s] [ 10%] Built target ackermann_msgs__rosidl_generator_c
[0.073s] [ 12%] Built target ackermann_msgs__cpp
[0.083s] [ 12%] Built target ament_cmake_python_copy_ackermann_msgs
[0.099s] [ 23%] Built target ackermann_msgs__rosidl_typesupport_introspection_c
[0.099s] [ 33%] Built target ackermann_msgs__rosidl_typesupport_c
[0.099s] [ 43%] Built target ackermann_msgs__rosidl_typesupport_fastrtps_c
[0.100s] [ 53%] Built target ackermann_msgs__rosidl_typesupport_introspection_cpp
[0.100s] [ 64%] Built target ackermann_msgs__rosidl_typesupport_fastrtps_cpp
[0.109s] [ 74%] Built target ackermann_msgs__rosidl_typesupport_cpp
[0.134s] [ 74%] Built target ackermann_msgs
[0.154s] [ 76%] Built target ackermann_msgs__py
[0.177s] [ 84%] Built target ackermann_msgs__rosidl_generator_py
[0.201s] [100%] Built target ackermann_msgs__rosidl_typesupport_fastrtps_c__pyext
[0.201s] [100%] Built target ackermann_msgs__rosidl_typesupport_c__pyext
[0.201s] [100%] Built target ackermann_msgs__rosidl_typesupport_introspection_c__pyext
[0.367s] running egg_info
[0.368s] writing ackermann_msgs.egg-info/PKG-INFO
[0.368s] writing dependency_links to ackermann_msgs.egg-info/dependency_links.txt
[0.368s] writing top-level names to ackermann_msgs.egg-info/top_level.txt
[0.370s] reading manifest file 'ackermann_msgs.egg-info/SOURCES.txt'
[0.370s] writing manifest file 'ackermann_msgs.egg-info/SOURCES.txt'
[0.398s] [100%] Built target ament_cmake_python_build_ackermann_msgs_egg
