[ 18%] Built target smartcar_msgs__cpp
[ 18%] Built target smartcar_msgs__rosidl_generator_c
[ 45%] Built target smartcar_msgs__rosidl_typesupport_fastrtps_c
[ 45%] Built target smartcar_msgs__rosidl_typesupport_introspection_c
[ 72%] Built target smartcar_msgs__rosidl_typesupport_c
[ 72%] Built target smartcar_msgs__rosidl_typesupport_introspection_cpp
[ 86%] Built target smartcar_msgs__rosidl_typesupport_fastrtps_cpp
[100%] Built target smartcar_msgs__rosidl_typesupport_cpp
[100%] Built target smartcar_msgs
-- Install configuration: ""
-- Up-to-date: /home/yappel/ros2_ws/install/smartcar_msgs/share/ament_index/resource_index/rosidl_interfaces/smartcar_msgs
-- Up-to-date: /home/yappel/ros2_ws/install/smartcar_msgs/include/smartcar_msgs/smartcar_msgs
-- Up-to-date: /home/yappel/ros2_ws/install/smartcar_msgs/include/smartcar_msgs/smartcar_msgs/msg
-- Up-to-date: /home/yappel/ros2_ws/install/smartcar_msgs/include/smartcar_msgs/smartcar_msgs/msg/status.h
-- Up-to-date: /home/yappel/ros2_ws/install/smartcar_msgs/include/smartcar_msgs/smartcar_msgs/msg/detail
-- Up-to-date: /home/yappel/ros2_ws/install/smartcar_msgs/include/smartcar_msgs/smartcar_msgs/msg/detail/status__type_support.h
-- Up-to-date: /home/yappel/ros2_ws/install/smartcar_msgs/include/smartcar_msgs/smartcar_msgs/msg/detail/status__functions.h
-- Up-to-date: /home/yappel/ros2_ws/install/smartcar_msgs/include/smartcar_msgs/smartcar_msgs/msg/detail/status__struct.h
-- Up-to-date: /home/yappel/ros2_ws/install/smartcar_msgs/include/smartcar_msgs/smartcar_msgs/msg/detail/status__functions.c
-- Up-to-date: /home/yappel/ros2_ws/install/smartcar_msgs/include/smartcar_msgs/smartcar_msgs/msg/rosidl_generator_c__visibility_control.h
-- Up-to-date: /home/yappel/ros2_ws/install/smartcar_msgs/share/smartcar_msgs/environment/library_path.sh
-- Up-to-date: /home/yappel/ros2_ws/install/smartcar_msgs/share/smartcar_msgs/environment/library_path.dsv
-- Up-to-date: /home/yappel/ros2_ws/install/smartcar_msgs/lib/libsmartcar_msgs__rosidl_generator_c.so
-- Up-to-date: /home/yappel/ros2_ws/install/smartcar_msgs/include/smartcar_msgs/smartcar_msgs
-- Up-to-date: /home/yappel/ros2_ws/install/smartcar_msgs/include/smartcar_msgs/smartcar_msgs/msg
-- Up-to-date: /home/yappel/ros2_ws/install/smartcar_msgs/include/smartcar_msgs/smartcar_msgs/msg/rosidl_typesupport_fastrtps_c__visibility_control.h
-- Up-to-date: /home/yappel/ros2_ws/install/smartcar_msgs/include/smartcar_msgs/smartcar_msgs/msg/detail
-- Up-to-date: /home/yappel/ros2_ws/install/smartcar_msgs/include/smartcar_msgs/smartcar_msgs/msg/detail/status__rosidl_typesupport_fastrtps_c.h
-- Up-to-date: /home/yappel/ros2_ws/install/smartcar_msgs/lib/libsmartcar_msgs__rosidl_typesupport_fastrtps_c.so
-- Up-to-date: /home/yappel/ros2_ws/install/smartcar_msgs/include/smartcar_msgs/smartcar_msgs
-- Up-to-date: /home/yappel/ros2_ws/install/smartcar_msgs/include/smartcar_msgs/smartcar_msgs/msg
-- Up-to-date: /home/yappel/ros2_ws/install/smartcar_msgs/include/smartcar_msgs/smartcar_msgs/msg/detail
-- Up-to-date: /home/yappel/ros2_ws/install/smartcar_msgs/include/smartcar_msgs/smartcar_msgs/msg/detail/status__builder.hpp
-- Up-to-date: /home/yappel/ros2_ws/install/smartcar_msgs/include/smartcar_msgs/smartcar_msgs/msg/detail/status__type_support.hpp
-- Up-to-date: /home/yappel/ros2_ws/install/smartcar_msgs/include/smartcar_msgs/smartcar_msgs/msg/detail/status__struct.hpp
-- Up-to-date: /home/yappel/ros2_ws/install/smartcar_msgs/include/smartcar_msgs/smartcar_msgs/msg/detail/status__traits.hpp
-- Up-to-date: /home/yappel/ros2_ws/install/smartcar_msgs/include/smartcar_msgs/smartcar_msgs/msg/status.hpp
-- Up-to-date: /home/yappel/ros2_ws/install/smartcar_msgs/include/smartcar_msgs/smartcar_msgs/msg/rosidl_generator_cpp__visibility_control.hpp
-- Up-to-date: /home/yappel/ros2_ws/install/smartcar_msgs/include/smartcar_msgs/smartcar_msgs
-- Up-to-date: /home/yappel/ros2_ws/install/smartcar_msgs/include/smartcar_msgs/smartcar_msgs/msg
-- Up-to-date: /home/yappel/ros2_ws/install/smartcar_msgs/include/smartcar_msgs/smartcar_msgs/msg/detail
-- Up-to-date: /home/yappel/ros2_ws/install/smartcar_msgs/include/smartcar_msgs/smartcar_msgs/msg/detail/status__rosidl_typesupport_fastrtps_cpp.hpp
-- Up-to-date: /home/yappel/ros2_ws/install/smartcar_msgs/include/smartcar_msgs/smartcar_msgs/msg/detail/dds_fastrtps
-- Up-to-date: /home/yappel/ros2_ws/install/smartcar_msgs/include/smartcar_msgs/smartcar_msgs/msg/rosidl_typesupport_fastrtps_cpp__visibility_control.h
-- Up-to-date: /home/yappel/ros2_ws/install/smartcar_msgs/lib/libsmartcar_msgs__rosidl_typesupport_fastrtps_cpp.so
-- Up-to-date: /home/yappel/ros2_ws/install/smartcar_msgs/include/smartcar_msgs/smartcar_msgs
-- Up-to-date: /home/yappel/ros2_ws/install/smartcar_msgs/include/smartcar_msgs/smartcar_msgs/msg
-- Up-to-date: /home/yappel/ros2_ws/install/smartcar_msgs/include/smartcar_msgs/smartcar_msgs/msg/rosidl_typesupport_introspection_c__visibility_control.h
-- Up-to-date: /home/yappel/ros2_ws/install/smartcar_msgs/include/smartcar_msgs/smartcar_msgs/msg/detail
-- Up-to-date: /home/yappel/ros2_ws/install/smartcar_msgs/include/smartcar_msgs/smartcar_msgs/msg/detail/status__type_support.c
-- Up-to-date: /home/yappel/ros2_ws/install/smartcar_msgs/include/smartcar_msgs/smartcar_msgs/msg/detail/status__rosidl_typesupport_introspection_c.h
-- Up-to-date: /home/yappel/ros2_ws/install/smartcar_msgs/lib/libsmartcar_msgs__rosidl_typesupport_introspection_c.so
-- Up-to-date: /home/yappel/ros2_ws/install/smartcar_msgs/lib/libsmartcar_msgs__rosidl_typesupport_c.so
-- Up-to-date: /home/yappel/ros2_ws/install/smartcar_msgs/include/smartcar_msgs/smartcar_msgs
-- Up-to-date: /home/yappel/ros2_ws/install/smartcar_msgs/include/smartcar_msgs/smartcar_msgs/msg
-- Up-to-date: /home/yappel/ros2_ws/install/smartcar_msgs/include/smartcar_msgs/smartcar_msgs/msg/detail
-- Up-to-date: /home/yappel/ros2_ws/install/smartcar_msgs/include/smartcar_msgs/smartcar_msgs/msg/detail/status__rosidl_typesupport_introspection_cpp.hpp
-- Up-to-date: /home/yappel/ros2_ws/install/smartcar_msgs/include/smartcar_msgs/smartcar_msgs/msg/detail/status__type_support.cpp
-- Up-to-date: /home/yappel/ros2_ws/install/smartcar_msgs/lib/libsmartcar_msgs__rosidl_typesupport_introspection_cpp.so
-- Up-to-date: /home/yappel/ros2_ws/install/smartcar_msgs/lib/libsmartcar_msgs__rosidl_typesupport_cpp.so
-- Up-to-date: /home/yappel/ros2_ws/install/smartcar_msgs/share/smartcar_msgs/msg/Status.idl
-- Up-to-date: /home/yappel/ros2_ws/install/smartcar_msgs/share/smartcar_msgs/msg/Status.msg
-- Up-to-date: /home/yappel/ros2_ws/install/smartcar_msgs/share/ament_index/resource_index/package_run_dependencies/smartcar_msgs
-- Up-to-date: /home/yappel/ros2_ws/install/smartcar_msgs/share/ament_index/resource_index/parent_prefix_path/smartcar_msgs
-- Up-to-date: /home/yappel/ros2_ws/install/smartcar_msgs/share/smartcar_msgs/environment/ament_prefix_path.sh
-- Up-to-date: /home/yappel/ros2_ws/install/smartcar_msgs/share/smartcar_msgs/environment/ament_prefix_path.dsv
-- Up-to-date: /home/yappel/ros2_ws/install/smartcar_msgs/share/smartcar_msgs/environment/path.sh
-- Up-to-date: /home/yappel/ros2_ws/install/smartcar_msgs/share/smartcar_msgs/environment/path.dsv
-- Up-to-date: /home/yappel/ros2_ws/install/smartcar_msgs/share/smartcar_msgs/local_setup.bash
-- Up-to-date: /home/yappel/ros2_ws/install/smartcar_msgs/share/smartcar_msgs/local_setup.sh
-- Up-to-date: /home/yappel/ros2_ws/install/smartcar_msgs/share/smartcar_msgs/local_setup.zsh
-- Up-to-date: /home/yappel/ros2_ws/install/smartcar_msgs/share/smartcar_msgs/local_setup.dsv
-- Installing: /home/yappel/ros2_ws/install/smartcar_msgs/share/smartcar_msgs/package.dsv
-- Up-to-date: /home/yappel/ros2_ws/install/smartcar_msgs/share/ament_index/resource_index/packages/smartcar_msgs
-- Up-to-date: /home/yappel/ros2_ws/install/smartcar_msgs/share/smartcar_msgs/cmake/export_smartcar_msgs__rosidl_generator_cExport.cmake
-- Up-to-date: /home/yappel/ros2_ws/install/smartcar_msgs/share/smartcar_msgs/cmake/export_smartcar_msgs__rosidl_generator_cExport-noconfig.cmake
-- Up-to-date: /home/yappel/ros2_ws/install/smartcar_msgs/share/smartcar_msgs/cmake/export_smartcar_msgs__rosidl_typesupport_fastrtps_cExport.cmake
-- Up-to-date: /home/yappel/ros2_ws/install/smartcar_msgs/share/smartcar_msgs/cmake/export_smartcar_msgs__rosidl_typesupport_fastrtps_cExport-noconfig.cmake
-- Up-to-date: /home/yappel/ros2_ws/install/smartcar_msgs/share/smartcar_msgs/cmake/export_smartcar_msgs__rosidl_generator_cppExport.cmake
-- Up-to-date: /home/yappel/ros2_ws/install/smartcar_msgs/share/smartcar_msgs/cmake/export_smartcar_msgs__rosidl_typesupport_fastrtps_cppExport.cmake
-- Up-to-date: /home/yappel/ros2_ws/install/smartcar_msgs/share/smartcar_msgs/cmake/export_smartcar_msgs__rosidl_typesupport_fastrtps_cppExport-noconfig.cmake
-- Up-to-date: /home/yappel/ros2_ws/install/smartcar_msgs/share/smartcar_msgs/cmake/smartcar_msgs__rosidl_typesupport_introspection_cExport.cmake
-- Up-to-date: /home/yappel/ros2_ws/install/smartcar_msgs/share/smartcar_msgs/cmake/smartcar_msgs__rosidl_typesupport_introspection_cExport-noconfig.cmake
-- Up-to-date: /home/yappel/ros2_ws/install/smartcar_msgs/share/smartcar_msgs/cmake/smartcar_msgs__rosidl_typesupport_cExport.cmake
-- Up-to-date: /home/yappel/ros2_ws/install/smartcar_msgs/share/smartcar_msgs/cmake/smartcar_msgs__rosidl_typesupport_cExport-noconfig.cmake
-- Up-to-date: /home/yappel/ros2_ws/install/smartcar_msgs/share/smartcar_msgs/cmake/smartcar_msgs__rosidl_typesupport_introspection_cppExport.cmake
-- Up-to-date: /home/yappel/ros2_ws/install/smartcar_msgs/share/smartcar_msgs/cmake/smartcar_msgs__rosidl_typesupport_introspection_cppExport-noconfig.cmake
-- Up-to-date: /home/yappel/ros2_ws/install/smartcar_msgs/share/smartcar_msgs/cmake/smartcar_msgs__rosidl_typesupport_cppExport.cmake
-- Up-to-date: /home/yappel/ros2_ws/install/smartcar_msgs/share/smartcar_msgs/cmake/smartcar_msgs__rosidl_typesupport_cppExport-noconfig.cmake
-- Up-to-date: /home/yappel/ros2_ws/install/smartcar_msgs/share/smartcar_msgs/cmake/rosidl_cmake-extras.cmake
-- Up-to-date: /home/yappel/ros2_ws/install/smartcar_msgs/share/smartcar_msgs/cmake/ament_cmake_export_include_directories-extras.cmake
-- Up-to-date: /home/yappel/ros2_ws/install/smartcar_msgs/share/smartcar_msgs/cmake/ament_cmake_export_libraries-extras.cmake
-- Up-to-date: /home/yappel/ros2_ws/install/smartcar_msgs/share/smartcar_msgs/cmake/ament_cmake_export_targets-extras.cmake
-- Up-to-date: /home/yappel/ros2_ws/install/smartcar_msgs/share/smartcar_msgs/cmake/rosidl_cmake_export_typesupport_targets-extras.cmake
-- Up-to-date: /home/yappel/ros2_ws/install/smartcar_msgs/share/smartcar_msgs/cmake/ament_cmake_export_dependencies-extras.cmake
-- Up-to-date: /home/yappel/ros2_ws/install/smartcar_msgs/share/smartcar_msgs/cmake/rosidl_cmake_export_typesupport_libraries-extras.cmake
-- Up-to-date: /home/yappel/ros2_ws/install/smartcar_msgs/share/smartcar_msgs/cmake/smartcar_msgsConfig.cmake
-- Up-to-date: /home/yappel/ros2_ws/install/smartcar_msgs/share/smartcar_msgs/cmake/smartcar_msgsConfig-version.cmake
-- Up-to-date: /home/yappel/ros2_ws/install/smartcar_msgs/share/smartcar_msgs/package.xml
