[0.019s] Invoking command in '/home/yappel/ros2_ws/build/smart_car': CMAKE_PREFIX_PATH=/opt/ros/humble:${CMAKE_PREFIX_PATH} /usr/bin/cmake --build /home/yappel/ros2_ws/build/smart_car -- -j16 -l16
[0.040s] -- Found ament_cmake: 1.3.12 (/opt/ros/humble/share/ament_cmake/cmake)
[0.262s] -- Configuring done
[0.264s] -- Generating done
[0.266s] -- Build files have been written to: /home/yappel/ros2_ws/build/smart_car
[0.290s] Invoked command in '/home/yappel/ros2_ws/build/smart_car' returned '0': CMAKE_PREFIX_PATH=/opt/ros/humble:${CMAKE_PREFIX_PATH} /usr/bin/cmake --build /home/yappel/ros2_ws/build/smart_car -- -j16 -l16
[0.291s] Invoking command in '/home/yappel/ros2_ws/build/smart_car': CMAKE_PREFIX_PATH=/opt/ros/humble:${CMAKE_PREFIX_PATH} /usr/bin/cmake --install /home/yappel/ros2_ws/build/smart_car
[0.298s] -- Install configuration: ""
[0.299s] -- Up-to-date: /home/yappel/ros2_ws/install/smart_car/share/smart_car/launch
[0.299s] -- Up-to-date: /home/yappel/ros2_ws/install/smart_car/share/smart_car/launch/sim.launch.py
[0.299s] -- Up-to-date: /home/yappel/ros2_ws/install/smart_car/share/smart_car/urdf
[0.299s] -- Up-to-date: /home/yappel/ros2_ws/install/smart_car/share/smart_car/urdf/smart_car.urdf
[0.299s] -- Up-to-date: /home/yappel/ros2_ws/install/smart_car/share/smart_car/urdf/smartcar.urdf.xacro
[0.299s] -- Up-to-date: /home/yappel/ros2_ws/install/smart_car/share/smart_car/worlds
[0.299s] -- Up-to-date: /home/yappel/ros2_ws/install/smart_car/share/smart_car/worlds/empty.world
[0.299s] -- Up-to-date: /home/yappel/ros2_ws/install/smart_car/share/smart_car/worlds/smalltown.world
[0.299s] -- Up-to-date: /home/yappel/ros2_ws/install/smart_car/share/smart_car/scripts
[0.299s] -- Up-to-date: /home/yappel/ros2_ws/install/smart_car/share/smart_car/scripts/joint_state_publisher.py
[0.299s] -- Installing: /home/yappel/ros2_ws/install/smart_car/lib/smart_car/joint_state_publisher.py
[0.300s] -- Up-to-date: /home/yappel/ros2_ws/install/smart_car/share/ament_index/resource_index/package_run_dependencies/smart_car
[0.300s] -- Up-to-date: /home/yappel/ros2_ws/install/smart_car/share/ament_index/resource_index/parent_prefix_path/smart_car
[0.300s] -- Up-to-date: /home/yappel/ros2_ws/install/smart_car/share/smart_car/environment/ament_prefix_path.sh
[0.300s] -- Installing: /home/yappel/ros2_ws/install/smart_car/share/smart_car/environment/ament_prefix_path.dsv
[0.300s] -- Up-to-date: /home/yappel/ros2_ws/install/smart_car/share/smart_car/environment/path.sh
[0.300s] -- Installing: /home/yappel/ros2_ws/install/smart_car/share/smart_car/environment/path.dsv
[0.300s] -- Up-to-date: /home/yappel/ros2_ws/install/smart_car/share/smart_car/local_setup.bash
[0.300s] -- Up-to-date: /home/yappel/ros2_ws/install/smart_car/share/smart_car/local_setup.sh
[0.300s] -- Up-to-date: /home/yappel/ros2_ws/install/smart_car/share/smart_car/local_setup.zsh
[0.300s] -- Installing: /home/yappel/ros2_ws/install/smart_car/share/smart_car/local_setup.dsv
[0.300s] -- Installing: /home/yappel/ros2_ws/install/smart_car/share/smart_car/package.dsv
[0.300s] -- Up-to-date: /home/yappel/ros2_ws/install/smart_car/share/ament_index/resource_index/packages/smart_car
[0.300s] -- Up-to-date: /home/yappel/ros2_ws/install/smart_car/share/smart_car/cmake/smart_carConfig.cmake
[0.300s] -- Up-to-date: /home/yappel/ros2_ws/install/smart_car/share/smart_car/cmake/smart_carConfig-version.cmake
[0.301s] -- Up-to-date: /home/yappel/ros2_ws/install/smart_car/share/smart_car/package.xml
[0.302s] Invoked command in '/home/yappel/ros2_ws/build/smart_car' returned '0': CMAKE_PREFIX_PATH=/opt/ros/humble:${CMAKE_PREFIX_PATH} /usr/bin/cmake --install /home/yappel/ros2_ws/build/smart_car
