[0.098s] DEBUG:colcon:Command line arguments: ['/usr/bin/colcon', 'build']
[0.098s] DEBUG:colcon:Parsed command line arguments: Namespace(log_base=None, log_level=None, verb_name='build', build_base='build', install_base='install', merge_install=False, symlink_install=False, test_result_base=None, continue_on_error=False, executor='parallel', parallel_workers=16, event_handlers=None, ignore_user_meta=False, metas=['./colcon.meta'], base_paths=['.'], packages_ignore=None, packages_ignore_regex=None, paths=None, packages_up_to=None, packages_up_to_regex=None, packages_above=None, packages_above_and_dependencies=None, packages_above_depth=None, packages_select_by_dep=None, packages_skip_by_dep=None, packages_skip_up_to=None, packages_select_build_failed=False, packages_skip_build_finished=False, packages_select_test_failures=False, packages_skip_test_passed=False, packages_select=None, packages_skip=None, packages_select_regex=None, packages_skip_regex=None, packages_start=None, packages_end=None, allow_overriding=[], cmake_args=None, cmake_target=None, cmake_target_skip_unavailable=False, cmake_clean_cache=False, cmake_clean_first=False, cmake_force_configure=False, ament_cmake_args=None, catkin_cmake_args=None, catkin_skip_building_tests=False, verb_parser=<colcon_defaults.argument_parser.defaults.DefaultArgumentsDecorator object at 0x7f80ef77d270>, verb_extension=<colcon_core.verb.build.BuildVerb object at 0x7f80ef77cd90>, main=<bound method BuildVerb.main of <colcon_core.verb.build.BuildVerb object at 0x7f80ef77cd90>>)
[0.304s] Level 1:colcon.colcon_core.package_discovery:discover_packages(colcon_meta) check parameters
[0.304s] Level 1:colcon.colcon_core.package_discovery:discover_packages(recursive) check parameters
[0.304s] Level 1:colcon.colcon_core.package_discovery:discover_packages(ignore) check parameters
[0.304s] Level 1:colcon.colcon_core.package_discovery:discover_packages(path) check parameters
[0.304s] Level 1:colcon.colcon_core.package_discovery:discover_packages(colcon_meta) discover
[0.304s] Level 1:colcon.colcon_core.package_discovery:discover_packages(recursive) discover
[0.304s] INFO:colcon.colcon_core.package_discovery:Crawling recursively for packages in '/home/yappel/ros2_ws'
[0.304s] Level 1:colcon.colcon_core.package_identification:_identify(.) by extensions ['ignore', 'ignore_ament_install']
[0.304s] Level 1:colcon.colcon_core.package_identification:_identify(.) by extension 'ignore'
[0.304s] Level 1:colcon.colcon_core.package_identification:_identify(.) by extension 'ignore_ament_install'
[0.304s] Level 1:colcon.colcon_core.package_identification:_identify(.) by extensions ['colcon_pkg']
[0.304s] Level 1:colcon.colcon_core.package_identification:_identify(.) by extension 'colcon_pkg'
[0.304s] Level 1:colcon.colcon_core.package_identification:_identify(.) by extensions ['colcon_meta']
[0.304s] Level 1:colcon.colcon_core.package_identification:_identify(.) by extension 'colcon_meta'
[0.304s] Level 1:colcon.colcon_core.package_identification:_identify(.) by extensions ['ros']
[0.304s] Level 1:colcon.colcon_core.package_identification:_identify(.) by extension 'ros'
[0.320s] Level 1:colcon.colcon_core.package_identification:_identify(.) by extensions ['cmake', 'python']
[0.320s] Level 1:colcon.colcon_core.package_identification:_identify(.) by extension 'cmake'
[0.320s] Level 1:colcon.colcon_core.package_identification:_identify(.) by extension 'python'
[0.320s] Level 1:colcon.colcon_core.package_identification:_identify(.) by extensions ['python_setup_py']
[0.320s] Level 1:colcon.colcon_core.package_identification:_identify(.) by extension 'python_setup_py'
[0.320s] Level 1:colcon.colcon_core.package_identification:_identify(build) by extensions ['ignore', 'ignore_ament_install']
[0.320s] Level 1:colcon.colcon_core.package_identification:_identify(build) by extension 'ignore'
[0.320s] Level 1:colcon.colcon_core.package_identification:_identify(build) ignored
[0.320s] Level 1:colcon.colcon_core.package_identification:_identify(install) by extensions ['ignore', 'ignore_ament_install']
[0.320s] Level 1:colcon.colcon_core.package_identification:_identify(install) by extension 'ignore'
[0.320s] Level 1:colcon.colcon_core.package_identification:_identify(install) ignored
[0.321s] Level 1:colcon.colcon_core.package_identification:_identify(log) by extensions ['ignore', 'ignore_ament_install']
[0.321s] Level 1:colcon.colcon_core.package_identification:_identify(log) by extension 'ignore'
[0.321s] Level 1:colcon.colcon_core.package_identification:_identify(log) ignored
[0.321s] Level 1:colcon.colcon_core.package_identification:_identify(src) by extensions ['ignore', 'ignore_ament_install']
[0.321s] Level 1:colcon.colcon_core.package_identification:_identify(src) by extension 'ignore'
[0.321s] Level 1:colcon.colcon_core.package_identification:_identify(src) by extension 'ignore_ament_install'
[0.321s] Level 1:colcon.colcon_core.package_identification:_identify(src) by extensions ['colcon_pkg']
[0.321s] Level 1:colcon.colcon_core.package_identification:_identify(src) by extension 'colcon_pkg'
[0.321s] Level 1:colcon.colcon_core.package_identification:_identify(src) by extensions ['colcon_meta']
[0.321s] Level 1:colcon.colcon_core.package_identification:_identify(src) by extension 'colcon_meta'
[0.321s] Level 1:colcon.colcon_core.package_identification:_identify(src) by extensions ['ros']
[0.321s] Level 1:colcon.colcon_core.package_identification:_identify(src) by extension 'ros'
[0.321s] Level 1:colcon.colcon_core.package_identification:_identify(src) by extensions ['cmake', 'python']
[0.321s] Level 1:colcon.colcon_core.package_identification:_identify(src) by extension 'cmake'
[0.321s] Level 1:colcon.colcon_core.package_identification:_identify(src) by extension 'python'
[0.321s] Level 1:colcon.colcon_core.package_identification:_identify(src) by extensions ['python_setup_py']
[0.321s] Level 1:colcon.colcon_core.package_identification:_identify(src) by extension 'python_setup_py'
[0.321s] Level 1:colcon.colcon_core.package_identification:_identify(src/ackermann_msgs) by extensions ['ignore', 'ignore_ament_install']
[0.321s] Level 1:colcon.colcon_core.package_identification:_identify(src/ackermann_msgs) by extension 'ignore'
[0.321s] Level 1:colcon.colcon_core.package_identification:_identify(src/ackermann_msgs) by extension 'ignore_ament_install'
[0.321s] Level 1:colcon.colcon_core.package_identification:_identify(src/ackermann_msgs) by extensions ['colcon_pkg']
[0.321s] Level 1:colcon.colcon_core.package_identification:_identify(src/ackermann_msgs) by extension 'colcon_pkg'
[0.322s] Level 1:colcon.colcon_core.package_identification:_identify(src/ackermann_msgs) by extensions ['colcon_meta']
[0.322s] Level 1:colcon.colcon_core.package_identification:_identify(src/ackermann_msgs) by extension 'colcon_meta'
[0.322s] Level 1:colcon.colcon_core.package_identification:_identify(src/ackermann_msgs) by extensions ['ros']
[0.322s] Level 1:colcon.colcon_core.package_identification:_identify(src/ackermann_msgs) by extension 'ros'
[0.324s] DEBUG:colcon.colcon_core.package_identification:Package 'src/ackermann_msgs' with type 'ros.ament_cmake' and name 'ackermann_msgs'
[0.324s] Level 1:colcon.colcon_core.package_identification:_identify(src/car_gazebo_plugin) by extensions ['ignore', 'ignore_ament_install']
[0.324s] Level 1:colcon.colcon_core.package_identification:_identify(src/car_gazebo_plugin) by extension 'ignore'
[0.324s] Level 1:colcon.colcon_core.package_identification:_identify(src/car_gazebo_plugin) by extension 'ignore_ament_install'
[0.324s] Level 1:colcon.colcon_core.package_identification:_identify(src/car_gazebo_plugin) by extensions ['colcon_pkg']
[0.324s] Level 1:colcon.colcon_core.package_identification:_identify(src/car_gazebo_plugin) by extension 'colcon_pkg'
[0.324s] Level 1:colcon.colcon_core.package_identification:_identify(src/car_gazebo_plugin) by extensions ['colcon_meta']
[0.324s] Level 1:colcon.colcon_core.package_identification:_identify(src/car_gazebo_plugin) by extension 'colcon_meta'
[0.324s] Level 1:colcon.colcon_core.package_identification:_identify(src/car_gazebo_plugin) by extensions ['ros']
[0.324s] Level 1:colcon.colcon_core.package_identification:_identify(src/car_gazebo_plugin) by extension 'ros'
[0.325s] DEBUG:colcon.colcon_core.package_identification:Package 'src/car_gazebo_plugin' with type 'ros.ament_cmake' and name 'car_gazebo_plugin'
[0.325s] Level 1:colcon.colcon_core.package_identification:_identify(src/nav2_map) by extensions ['ignore', 'ignore_ament_install']
[0.325s] Level 1:colcon.colcon_core.package_identification:_identify(src/nav2_map) by extension 'ignore'
[0.325s] Level 1:colcon.colcon_core.package_identification:_identify(src/nav2_map) by extension 'ignore_ament_install'
[0.325s] Level 1:colcon.colcon_core.package_identification:_identify(src/nav2_map) by extensions ['colcon_pkg']
[0.325s] Level 1:colcon.colcon_core.package_identification:_identify(src/nav2_map) by extension 'colcon_pkg'
[0.325s] Level 1:colcon.colcon_core.package_identification:_identify(src/nav2_map) by extensions ['colcon_meta']
[0.325s] Level 1:colcon.colcon_core.package_identification:_identify(src/nav2_map) by extension 'colcon_meta'
[0.325s] Level 1:colcon.colcon_core.package_identification:_identify(src/nav2_map) by extensions ['ros']
[0.325s] Level 1:colcon.colcon_core.package_identification:_identify(src/nav2_map) by extension 'ros'
[0.325s] Level 1:colcon.colcon_core.package_identification:_identify(src/nav2_map) by extensions ['cmake', 'python']
[0.325s] Level 1:colcon.colcon_core.package_identification:_identify(src/nav2_map) by extension 'cmake'
[0.326s] Level 1:colcon.colcon_core.package_identification:_identify(src/nav2_map) by extension 'python'
[0.326s] Level 1:colcon.colcon_core.package_identification:_identify(src/nav2_map) by extensions ['python_setup_py']
[0.326s] Level 1:colcon.colcon_core.package_identification:_identify(src/nav2_map) by extension 'python_setup_py'
[0.326s] Level 1:colcon.colcon_core.package_identification:_identify(src/smart_car) by extensions ['ignore', 'ignore_ament_install']
[0.326s] Level 1:colcon.colcon_core.package_identification:_identify(src/smart_car) by extension 'ignore'
[0.326s] Level 1:colcon.colcon_core.package_identification:_identify(src/smart_car) by extension 'ignore_ament_install'
[0.326s] Level 1:colcon.colcon_core.package_identification:_identify(src/smart_car) by extensions ['colcon_pkg']
[0.326s] Level 1:colcon.colcon_core.package_identification:_identify(src/smart_car) by extension 'colcon_pkg'
[0.326s] Level 1:colcon.colcon_core.package_identification:_identify(src/smart_car) by extensions ['colcon_meta']
[0.326s] Level 1:colcon.colcon_core.package_identification:_identify(src/smart_car) by extension 'colcon_meta'
[0.326s] Level 1:colcon.colcon_core.package_identification:_identify(src/smart_car) by extensions ['ros']
[0.326s] Level 1:colcon.colcon_core.package_identification:_identify(src/smart_car) by extension 'ros'
[0.326s] DEBUG:colcon.colcon_core.package_identification:Package 'src/smart_car' with type 'ros.ament_cmake' and name 'smart_car'
[0.326s] Level 1:colcon.colcon_core.package_identification:_identify(src/smartcar_msgs) by extensions ['ignore', 'ignore_ament_install']
[0.327s] Level 1:colcon.colcon_core.package_identification:_identify(src/smartcar_msgs) by extension 'ignore'
[0.327s] Level 1:colcon.colcon_core.package_identification:_identify(src/smartcar_msgs) by extension 'ignore_ament_install'
[0.327s] Level 1:colcon.colcon_core.package_identification:_identify(src/smartcar_msgs) by extensions ['colcon_pkg']
[0.327s] Level 1:colcon.colcon_core.package_identification:_identify(src/smartcar_msgs) by extension 'colcon_pkg'
[0.327s] Level 1:colcon.colcon_core.package_identification:_identify(src/smartcar_msgs) by extensions ['colcon_meta']
[0.327s] Level 1:colcon.colcon_core.package_identification:_identify(src/smartcar_msgs) by extension 'colcon_meta'
[0.327s] Level 1:colcon.colcon_core.package_identification:_identify(src/smartcar_msgs) by extensions ['ros']
[0.327s] Level 1:colcon.colcon_core.package_identification:_identify(src/smartcar_msgs) by extension 'ros'
[0.327s] DEBUG:colcon.colcon_core.package_identification:Package 'src/smartcar_msgs' with type 'ros.catkin' and name 'smartcar_msgs'
[0.327s] Level 1:colcon.colcon_core.package_discovery:discover_packages(recursive) using defaults
[0.327s] Level 1:colcon.colcon_core.package_discovery:discover_packages(ignore) discover
[0.327s] Level 1:colcon.colcon_core.package_discovery:discover_packages(ignore) using defaults
[0.327s] Level 1:colcon.colcon_core.package_discovery:discover_packages(path) discover
[0.327s] Level 1:colcon.colcon_core.package_discovery:discover_packages(path) using defaults
[0.346s] Level 1:colcon.colcon_core.package_discovery:discover_packages(prefix_path) check parameters
[0.346s] Level 1:colcon.colcon_core.package_discovery:discover_packages(prefix_path) discover
[0.348s] DEBUG:colcon.colcon_installed_package_information.package_discovery:Found 4 installed packages in /home/yappel/ros2_ws/install
[0.349s] DEBUG:colcon.colcon_installed_package_information.package_discovery:Found 312 installed packages in /opt/ros/humble
[0.351s] Level 1:colcon.colcon_core.package_discovery:discover_packages(prefix_path) using defaults
[0.382s] Level 5:colcon.colcon_core.verb:set package 'ackermann_msgs' build argument 'cmake_args' from command line to 'None'
[0.382s] Level 5:colcon.colcon_core.verb:set package 'ackermann_msgs' build argument 'cmake_target' from command line to 'None'
[0.382s] Level 5:colcon.colcon_core.verb:set package 'ackermann_msgs' build argument 'cmake_target_skip_unavailable' from command line to 'False'
[0.382s] Level 5:colcon.colcon_core.verb:set package 'ackermann_msgs' build argument 'cmake_clean_cache' from command line to 'False'
[0.382s] Level 5:colcon.colcon_core.verb:set package 'ackermann_msgs' build argument 'cmake_clean_first' from command line to 'False'
[0.382s] Level 5:colcon.colcon_core.verb:set package 'ackermann_msgs' build argument 'cmake_force_configure' from command line to 'False'
[0.382s] Level 5:colcon.colcon_core.verb:set package 'ackermann_msgs' build argument 'ament_cmake_args' from command line to 'None'
[0.382s] Level 5:colcon.colcon_core.verb:set package 'ackermann_msgs' build argument 'catkin_cmake_args' from command line to 'None'
[0.382s] Level 5:colcon.colcon_core.verb:set package 'ackermann_msgs' build argument 'catkin_skip_building_tests' from command line to 'False'
[0.382s] DEBUG:colcon.colcon_core.verb:Building package 'ackermann_msgs' with the following arguments: {'ament_cmake_args': None, 'build_base': '/home/yappel/ros2_ws/build/ackermann_msgs', 'catkin_cmake_args': None, 'catkin_skip_building_tests': False, 'cmake_args': None, 'cmake_clean_cache': False, 'cmake_clean_first': False, 'cmake_force_configure': False, 'cmake_target': None, 'cmake_target_skip_unavailable': False, 'install_base': '/home/yappel/ros2_ws/install/ackermann_msgs', 'merge_install': False, 'path': '/home/yappel/ros2_ws/src/ackermann_msgs', 'symlink_install': False, 'test_result_base': None}
[0.382s] Level 5:colcon.colcon_core.verb:set package 'smart_car' build argument 'cmake_args' from command line to 'None'
[0.382s] Level 5:colcon.colcon_core.verb:set package 'smart_car' build argument 'cmake_target' from command line to 'None'
[0.382s] Level 5:colcon.colcon_core.verb:set package 'smart_car' build argument 'cmake_target_skip_unavailable' from command line to 'False'
[0.382s] Level 5:colcon.colcon_core.verb:set package 'smart_car' build argument 'cmake_clean_cache' from command line to 'False'
[0.382s] Level 5:colcon.colcon_core.verb:set package 'smart_car' build argument 'cmake_clean_first' from command line to 'False'
[0.382s] Level 5:colcon.colcon_core.verb:set package 'smart_car' build argument 'cmake_force_configure' from command line to 'False'
[0.382s] Level 5:colcon.colcon_core.verb:set package 'smart_car' build argument 'ament_cmake_args' from command line to 'None'
[0.382s] Level 5:colcon.colcon_core.verb:set package 'smart_car' build argument 'catkin_cmake_args' from command line to 'None'
[0.382s] Level 5:colcon.colcon_core.verb:set package 'smart_car' build argument 'catkin_skip_building_tests' from command line to 'False'
[0.383s] DEBUG:colcon.colcon_core.verb:Building package 'smart_car' with the following arguments: {'ament_cmake_args': None, 'build_base': '/home/yappel/ros2_ws/build/smart_car', 'catkin_cmake_args': None, 'catkin_skip_building_tests': False, 'cmake_args': None, 'cmake_clean_cache': False, 'cmake_clean_first': False, 'cmake_force_configure': False, 'cmake_target': None, 'cmake_target_skip_unavailable': False, 'install_base': '/home/yappel/ros2_ws/install/smart_car', 'merge_install': False, 'path': '/home/yappel/ros2_ws/src/smart_car', 'symlink_install': False, 'test_result_base': None}
[0.383s] Level 5:colcon.colcon_core.verb:set package 'smartcar_msgs' build argument 'cmake_args' from command line to 'None'
[0.383s] Level 5:colcon.colcon_core.verb:set package 'smartcar_msgs' build argument 'cmake_target' from command line to 'None'
[0.383s] Level 5:colcon.colcon_core.verb:set package 'smartcar_msgs' build argument 'cmake_target_skip_unavailable' from command line to 'False'
[0.383s] Level 5:colcon.colcon_core.verb:set package 'smartcar_msgs' build argument 'cmake_clean_cache' from command line to 'False'
[0.383s] Level 5:colcon.colcon_core.verb:set package 'smartcar_msgs' build argument 'cmake_clean_first' from command line to 'False'
[0.383s] Level 5:colcon.colcon_core.verb:set package 'smartcar_msgs' build argument 'cmake_force_configure' from command line to 'False'
[0.383s] Level 5:colcon.colcon_core.verb:set package 'smartcar_msgs' build argument 'ament_cmake_args' from command line to 'None'
[0.383s] Level 5:colcon.colcon_core.verb:set package 'smartcar_msgs' build argument 'catkin_cmake_args' from command line to 'None'
[0.383s] Level 5:colcon.colcon_core.verb:set package 'smartcar_msgs' build argument 'catkin_skip_building_tests' from command line to 'False'
[0.383s] DEBUG:colcon.colcon_core.verb:Building package 'smartcar_msgs' with the following arguments: {'ament_cmake_args': None, 'build_base': '/home/yappel/ros2_ws/build/smartcar_msgs', 'catkin_cmake_args': None, 'catkin_skip_building_tests': False, 'cmake_args': None, 'cmake_clean_cache': False, 'cmake_clean_first': False, 'cmake_force_configure': False, 'cmake_target': None, 'cmake_target_skip_unavailable': False, 'install_base': '/home/yappel/ros2_ws/install/smartcar_msgs', 'merge_install': False, 'path': '/home/yappel/ros2_ws/src/smartcar_msgs', 'symlink_install': False, 'test_result_base': None}
[0.383s] Level 5:colcon.colcon_core.verb:set package 'car_gazebo_plugin' build argument 'cmake_args' from command line to 'None'
[0.383s] Level 5:colcon.colcon_core.verb:set package 'car_gazebo_plugin' build argument 'cmake_target' from command line to 'None'
[0.383s] Level 5:colcon.colcon_core.verb:set package 'car_gazebo_plugin' build argument 'cmake_target_skip_unavailable' from command line to 'False'
[0.383s] Level 5:colcon.colcon_core.verb:set package 'car_gazebo_plugin' build argument 'cmake_clean_cache' from command line to 'False'
[0.383s] Level 5:colcon.colcon_core.verb:set package 'car_gazebo_plugin' build argument 'cmake_clean_first' from command line to 'False'
[0.383s] Level 5:colcon.colcon_core.verb:set package 'car_gazebo_plugin' build argument 'cmake_force_configure' from command line to 'False'
[0.383s] Level 5:colcon.colcon_core.verb:set package 'car_gazebo_plugin' build argument 'ament_cmake_args' from command line to 'None'
[0.383s] Level 5:colcon.colcon_core.verb:set package 'car_gazebo_plugin' build argument 'catkin_cmake_args' from command line to 'None'
[0.383s] Level 5:colcon.colcon_core.verb:set package 'car_gazebo_plugin' build argument 'catkin_skip_building_tests' from command line to 'False'
[0.383s] DEBUG:colcon.colcon_core.verb:Building package 'car_gazebo_plugin' with the following arguments: {'ament_cmake_args': None, 'build_base': '/home/yappel/ros2_ws/build/car_gazebo_plugin', 'catkin_cmake_args': None, 'catkin_skip_building_tests': False, 'cmake_args': None, 'cmake_clean_cache': False, 'cmake_clean_first': False, 'cmake_force_configure': False, 'cmake_target': None, 'cmake_target_skip_unavailable': False, 'install_base': '/home/yappel/ros2_ws/install/car_gazebo_plugin', 'merge_install': False, 'path': '/home/yappel/ros2_ws/src/car_gazebo_plugin', 'symlink_install': False, 'test_result_base': None}
[0.384s] INFO:colcon.colcon_core.executor:Executing jobs using 'parallel' executor
[0.384s] DEBUG:colcon.colcon_parallel_executor.executor.parallel:run_until_complete
[0.385s] INFO:colcon.colcon_ros.task.ament_cmake.build:Building ROS package in '/home/yappel/ros2_ws/src/ackermann_msgs' with build type 'ament_cmake'
[0.385s] INFO:colcon.colcon_cmake.task.cmake.build:Building CMake package in '/home/yappel/ros2_ws/src/ackermann_msgs'
[0.387s] INFO:colcon.colcon_core.plugin_system:Skipping extension 'colcon_core.shell.bat': Not used on non-Windows systems
[0.387s] INFO:colcon.colcon_core.shell:Skip shell extension 'powershell' for command environment: Not usable outside of PowerShell
[0.387s] DEBUG:colcon.colcon_core.shell:Skip shell extension 'dsv' for command environment
[0.391s] INFO:colcon.colcon_ros.task.ament_cmake.build:Building ROS package in '/home/yappel/ros2_ws/src/smart_car' with build type 'ament_cmake'
[0.391s] INFO:colcon.colcon_cmake.task.cmake.build:Building CMake package in '/home/yappel/ros2_ws/src/smart_car'
[0.391s] INFO:colcon.colcon_core.shell:Skip shell extension 'powershell' for command environment: Not usable outside of PowerShell
[0.391s] DEBUG:colcon.colcon_core.shell:Skip shell extension 'dsv' for command environment
[0.394s] INFO:colcon.colcon_ros.task.catkin.build:Building ROS package in '/home/yappel/ros2_ws/src/smartcar_msgs' with build type 'catkin'
[0.394s] INFO:colcon.colcon_cmake.task.cmake.build:Building CMake package in '/home/yappel/ros2_ws/src/smartcar_msgs'
[0.395s] INFO:colcon.colcon_core.shell:Skip shell extension 'powershell' for command environment: Not usable outside of PowerShell
[0.395s] DEBUG:colcon.colcon_core.shell:Skip shell extension 'dsv' for command environment
[0.404s] DEBUG:colcon.colcon_core.event_handler.log_command:Invoking command in '/home/yappel/ros2_ws/build/ackermann_msgs': CMAKE_PREFIX_PATH=/opt/ros/humble:${CMAKE_PREFIX_PATH} /usr/bin/cmake --build /home/yappel/ros2_ws/build/ackermann_msgs -- -j16 -l16
[0.411s] DEBUG:colcon.colcon_core.event_handler.log_command:Invoking command in '/home/yappel/ros2_ws/build/smart_car': CMAKE_PREFIX_PATH=/opt/ros/humble:${CMAKE_PREFIX_PATH} /usr/bin/cmake --build /home/yappel/ros2_ws/build/smart_car -- -j16 -l16
[0.416s] DEBUG:colcon.colcon_core.event_handler.log_command:Invoking command in '/home/yappel/ros2_ws/build/smartcar_msgs': /usr/bin/cmake --build /home/yappel/ros2_ws/build/smartcar_msgs -- -j16 -l16
[0.461s] DEBUG:colcon.colcon_core.event_handler.log_command:Invoked command in '/home/yappel/ros2_ws/build/smart_car' returned '0': CMAKE_PREFIX_PATH=/opt/ros/humble:${CMAKE_PREFIX_PATH} /usr/bin/cmake --build /home/yappel/ros2_ws/build/smart_car -- -j16 -l16
[0.472s] DEBUG:colcon.colcon_core.event_handler.log_command:Invoking command in '/home/yappel/ros2_ws/build/smart_car': CMAKE_PREFIX_PATH=/opt/ros/humble:${CMAKE_PREFIX_PATH} /usr/bin/cmake --install /home/yappel/ros2_ws/build/smart_car
[0.484s] Level 1:colcon.colcon_core.environment:create_environment_scripts_only(smart_car)
[0.486s] DEBUG:colcon.colcon_core.event_handler.log_command:Invoked command in '/home/yappel/ros2_ws/build/smart_car' returned '0': CMAKE_PREFIX_PATH=/opt/ros/humble:${CMAKE_PREFIX_PATH} /usr/bin/cmake --install /home/yappel/ros2_ws/build/smart_car
[0.491s] Level 1:colcon.colcon_core.environment:checking '/home/yappel/ros2_ws/install/smart_car' for CMake module files
[0.492s] Level 1:colcon.colcon_core.environment:checking '/home/yappel/ros2_ws/install/smart_car' for CMake config files
[0.492s] Level 1:colcon.colcon_core.shell:create_environment_hook('smart_car', 'cmake_prefix_path')
[0.492s] INFO:colcon.colcon_core.shell:Creating environment hook '/home/yappel/ros2_ws/install/smart_car/share/smart_car/hook/cmake_prefix_path.ps1'
[0.494s] INFO:colcon.colcon_core.shell:Creating environment descriptor '/home/yappel/ros2_ws/install/smart_car/share/smart_car/hook/cmake_prefix_path.dsv'
[0.494s] INFO:colcon.colcon_core.shell:Creating environment hook '/home/yappel/ros2_ws/install/smart_car/share/smart_car/hook/cmake_prefix_path.sh'
[0.496s] Level 1:colcon.colcon_core.environment:checking '/home/yappel/ros2_ws/install/smart_car/lib'
[0.496s] Level 1:colcon.colcon_core.environment:checking '/home/yappel/ros2_ws/install/smart_car/bin'
[0.496s] Level 1:colcon.colcon_core.environment:checking '/home/yappel/ros2_ws/install/smart_car/lib/pkgconfig/smart_car.pc'
[0.497s] Level 1:colcon.colcon_core.environment:checking '/home/yappel/ros2_ws/install/smart_car/lib/python3.10/site-packages'
[0.497s] Level 1:colcon.colcon_core.environment:checking '/home/yappel/ros2_ws/install/smart_car/bin'
[0.497s] INFO:colcon.colcon_core.shell:Creating package script '/home/yappel/ros2_ws/install/smart_car/share/smart_car/package.ps1'
[0.499s] INFO:colcon.colcon_core.shell:Creating package descriptor '/home/yappel/ros2_ws/install/smart_car/share/smart_car/package.dsv'
[0.500s] INFO:colcon.colcon_core.shell:Creating package script '/home/yappel/ros2_ws/install/smart_car/share/smart_car/package.sh'
[0.501s] INFO:colcon.colcon_core.shell:Creating package script '/home/yappel/ros2_ws/install/smart_car/share/smart_car/package.bash'
[0.503s] INFO:colcon.colcon_core.shell:Creating package script '/home/yappel/ros2_ws/install/smart_car/share/smart_car/package.zsh'
[0.507s] Level 1:colcon.colcon_core.environment:create_file_with_runtime_dependencies(/home/yappel/ros2_ws/install/smart_car/share/colcon-core/packages/smart_car)
[0.509s] Level 1:colcon.colcon_core.environment:create_environment_scripts_only(smart_car)
[0.509s] Level 1:colcon.colcon_core.environment:checking '/home/yappel/ros2_ws/install/smart_car' for CMake module files
[0.510s] Level 1:colcon.colcon_core.environment:checking '/home/yappel/ros2_ws/install/smart_car' for CMake config files
[0.511s] Level 1:colcon.colcon_core.shell:create_environment_hook('smart_car', 'cmake_prefix_path')
[0.512s] INFO:colcon.colcon_core.shell:Creating environment hook '/home/yappel/ros2_ws/install/smart_car/share/smart_car/hook/cmake_prefix_path.ps1'
[0.512s] INFO:colcon.colcon_core.shell:Creating environment descriptor '/home/yappel/ros2_ws/install/smart_car/share/smart_car/hook/cmake_prefix_path.dsv'
[0.513s] INFO:colcon.colcon_core.shell:Creating environment hook '/home/yappel/ros2_ws/install/smart_car/share/smart_car/hook/cmake_prefix_path.sh'
[0.514s] Level 1:colcon.colcon_core.environment:checking '/home/yappel/ros2_ws/install/smart_car/lib'
[0.514s] Level 1:colcon.colcon_core.environment:checking '/home/yappel/ros2_ws/install/smart_car/bin'
[0.514s] Level 1:colcon.colcon_core.environment:checking '/home/yappel/ros2_ws/install/smart_car/lib/pkgconfig/smart_car.pc'
[0.514s] Level 1:colcon.colcon_core.environment:checking '/home/yappel/ros2_ws/install/smart_car/lib/python3.10/site-packages'
[0.515s] Level 1:colcon.colcon_core.environment:checking '/home/yappel/ros2_ws/install/smart_car/bin'
[0.515s] INFO:colcon.colcon_core.shell:Creating package script '/home/yappel/ros2_ws/install/smart_car/share/smart_car/package.ps1'
[0.516s] INFO:colcon.colcon_core.shell:Creating package descriptor '/home/yappel/ros2_ws/install/smart_car/share/smart_car/package.dsv'
[0.516s] INFO:colcon.colcon_core.shell:Creating package script '/home/yappel/ros2_ws/install/smart_car/share/smart_car/package.sh'
[0.517s] INFO:colcon.colcon_core.shell:Creating package script '/home/yappel/ros2_ws/install/smart_car/share/smart_car/package.bash'
[0.517s] INFO:colcon.colcon_core.shell:Creating package script '/home/yappel/ros2_ws/install/smart_car/share/smart_car/package.zsh'
[0.518s] Level 1:colcon.colcon_core.environment:create_file_with_runtime_dependencies(/home/yappel/ros2_ws/install/smart_car/share/colcon-core/packages/smart_car)
[0.553s] DEBUG:colcon.colcon_core.event_handler.log_command:Invoked command in '/home/yappel/ros2_ws/build/smartcar_msgs' returned '0': /usr/bin/cmake --build /home/yappel/ros2_ws/build/smartcar_msgs -- -j16 -l16
[0.556s] DEBUG:colcon.colcon_core.event_handler.log_command:Invoking command in '/home/yappel/ros2_ws/build/smartcar_msgs': /usr/bin/cmake --install /home/yappel/ros2_ws/build/smartcar_msgs
[0.573s] DEBUG:colcon.colcon_core.event_handler.log_command:Invoked command in '/home/yappel/ros2_ws/build/smartcar_msgs' returned '0': /usr/bin/cmake --install /home/yappel/ros2_ws/build/smartcar_msgs
[0.573s] Level 1:colcon.colcon_core.shell:create_environment_hook('smartcar_msgs', 'ros_package_path')
[0.574s] INFO:colcon.colcon_core.shell:Creating environment hook '/home/yappel/ros2_ws/install/smartcar_msgs/share/smartcar_msgs/hook/ros_package_path.ps1'
[0.574s] INFO:colcon.colcon_core.shell:Creating environment descriptor '/home/yappel/ros2_ws/install/smartcar_msgs/share/smartcar_msgs/hook/ros_package_path.dsv'
[0.574s] INFO:colcon.colcon_core.shell:Creating environment hook '/home/yappel/ros2_ws/install/smartcar_msgs/share/smartcar_msgs/hook/ros_package_path.sh'
[0.575s] Level 1:colcon.colcon_core.shell:create_environment_hook('smartcar_msgs', 'pkg_config_path')
[0.575s] INFO:colcon.colcon_core.shell:Creating environment hook '/home/yappel/ros2_ws/install/smartcar_msgs/share/smartcar_msgs/hook/pkg_config_path.ps1'
[0.576s] INFO:colcon.colcon_core.shell:Creating environment descriptor '/home/yappel/ros2_ws/install/smartcar_msgs/share/smartcar_msgs/hook/pkg_config_path.dsv'
[0.576s] INFO:colcon.colcon_core.shell:Creating environment hook '/home/yappel/ros2_ws/install/smartcar_msgs/share/smartcar_msgs/hook/pkg_config_path.sh'
[0.580s] Level 1:colcon.colcon_core.shell:create_environment_hook('smartcar_msgs', 'pkg_config_path_multiarch')
[0.580s] INFO:colcon.colcon_core.shell:Creating environment hook '/home/yappel/ros2_ws/install/smartcar_msgs/share/smartcar_msgs/hook/pkg_config_path_multiarch.ps1'
[0.580s] INFO:colcon.colcon_core.shell:Creating environment descriptor '/home/yappel/ros2_ws/install/smartcar_msgs/share/smartcar_msgs/hook/pkg_config_path_multiarch.dsv'
[0.581s] INFO:colcon.colcon_core.shell:Creating environment hook '/home/yappel/ros2_ws/install/smartcar_msgs/share/smartcar_msgs/hook/pkg_config_path_multiarch.sh'
[0.582s] Level 1:colcon.colcon_core.environment:create_environment_scripts_only(smartcar_msgs)
[0.582s] Level 1:colcon.colcon_core.environment:checking '/home/yappel/ros2_ws/install/smartcar_msgs' for CMake module files
[0.582s] Level 1:colcon.colcon_core.environment:checking '/home/yappel/ros2_ws/install/smartcar_msgs' for CMake config files
[0.583s] Level 1:colcon.colcon_core.shell:create_environment_hook('smartcar_msgs', 'cmake_prefix_path')
[0.583s] INFO:colcon.colcon_core.shell:Creating environment hook '/home/yappel/ros2_ws/install/smartcar_msgs/share/smartcar_msgs/hook/cmake_prefix_path.ps1'
[0.583s] INFO:colcon.colcon_core.shell:Creating environment descriptor '/home/yappel/ros2_ws/install/smartcar_msgs/share/smartcar_msgs/hook/cmake_prefix_path.dsv'
[0.584s] INFO:colcon.colcon_core.shell:Creating environment hook '/home/yappel/ros2_ws/install/smartcar_msgs/share/smartcar_msgs/hook/cmake_prefix_path.sh'
[0.584s] Level 1:colcon.colcon_core.environment:checking '/home/yappel/ros2_ws/install/smartcar_msgs/lib'
[0.584s] Level 1:colcon.colcon_core.shell:create_environment_hook('smartcar_msgs', 'ld_library_path_lib')
[0.584s] INFO:colcon.colcon_core.shell:Creating environment hook '/home/yappel/ros2_ws/install/smartcar_msgs/share/smartcar_msgs/hook/ld_library_path_lib.ps1'
[0.585s] INFO:colcon.colcon_core.shell:Creating environment descriptor '/home/yappel/ros2_ws/install/smartcar_msgs/share/smartcar_msgs/hook/ld_library_path_lib.dsv'
[0.585s] INFO:colcon.colcon_core.shell:Creating environment hook '/home/yappel/ros2_ws/install/smartcar_msgs/share/smartcar_msgs/hook/ld_library_path_lib.sh'
[0.585s] Level 1:colcon.colcon_core.environment:checking '/home/yappel/ros2_ws/install/smartcar_msgs/bin'
[0.585s] Level 1:colcon.colcon_core.environment:checking '/home/yappel/ros2_ws/install/smartcar_msgs/lib/pkgconfig/smartcar_msgs.pc'
[0.586s] Level 1:colcon.colcon_core.environment:checking '/home/yappel/ros2_ws/install/smartcar_msgs/lib/python3.10/site-packages'
[0.586s] Level 1:colcon.colcon_core.environment:checking '/home/yappel/ros2_ws/install/smartcar_msgs/bin'
[0.586s] INFO:colcon.colcon_core.shell:Creating package script '/home/yappel/ros2_ws/install/smartcar_msgs/share/smartcar_msgs/package.ps1'
[0.587s] INFO:colcon.colcon_core.shell:Creating package descriptor '/home/yappel/ros2_ws/install/smartcar_msgs/share/smartcar_msgs/package.dsv'
[0.587s] INFO:colcon.colcon_core.shell:Creating package script '/home/yappel/ros2_ws/install/smartcar_msgs/share/smartcar_msgs/package.sh'
[0.587s] INFO:colcon.colcon_core.shell:Creating package script '/home/yappel/ros2_ws/install/smartcar_msgs/share/smartcar_msgs/package.bash'
[0.588s] INFO:colcon.colcon_core.shell:Creating package script '/home/yappel/ros2_ws/install/smartcar_msgs/share/smartcar_msgs/package.zsh'
[0.588s] Level 1:colcon.colcon_core.environment:create_file_with_runtime_dependencies(/home/yappel/ros2_ws/install/smartcar_msgs/share/colcon-core/packages/smartcar_msgs)
[0.813s] DEBUG:colcon.colcon_core.event_handler.log_command:Invoked command in '/home/yappel/ros2_ws/build/ackermann_msgs' returned '0': CMAKE_PREFIX_PATH=/opt/ros/humble:${CMAKE_PREFIX_PATH} /usr/bin/cmake --build /home/yappel/ros2_ws/build/ackermann_msgs -- -j16 -l16
[0.817s] DEBUG:colcon.colcon_core.event_handler.log_command:Invoking command in '/home/yappel/ros2_ws/build/ackermann_msgs': CMAKE_PREFIX_PATH=/opt/ros/humble:${CMAKE_PREFIX_PATH} /usr/bin/cmake --install /home/yappel/ros2_ws/build/ackermann_msgs
[0.866s] Level 1:colcon.colcon_core.environment:create_environment_scripts_only(ackermann_msgs)
[0.866s] Level 1:colcon.colcon_core.environment:checking '/home/yappel/ros2_ws/install/ackermann_msgs' for CMake module files
[0.867s] DEBUG:colcon.colcon_core.event_handler.log_command:Invoked command in '/home/yappel/ros2_ws/build/ackermann_msgs' returned '0': CMAKE_PREFIX_PATH=/opt/ros/humble:${CMAKE_PREFIX_PATH} /usr/bin/cmake --install /home/yappel/ros2_ws/build/ackermann_msgs
[0.867s] Level 1:colcon.colcon_core.environment:checking '/home/yappel/ros2_ws/install/ackermann_msgs' for CMake config files
[0.868s] Level 1:colcon.colcon_core.shell:create_environment_hook('ackermann_msgs', 'cmake_prefix_path')
[0.868s] INFO:colcon.colcon_core.shell:Creating environment hook '/home/yappel/ros2_ws/install/ackermann_msgs/share/ackermann_msgs/hook/cmake_prefix_path.ps1'
[0.868s] INFO:colcon.colcon_core.shell:Creating environment descriptor '/home/yappel/ros2_ws/install/ackermann_msgs/share/ackermann_msgs/hook/cmake_prefix_path.dsv'
[0.869s] INFO:colcon.colcon_core.shell:Creating environment hook '/home/yappel/ros2_ws/install/ackermann_msgs/share/ackermann_msgs/hook/cmake_prefix_path.sh'
[0.869s] Level 1:colcon.colcon_core.environment:checking '/home/yappel/ros2_ws/install/ackermann_msgs/lib'
[0.869s] Level 1:colcon.colcon_core.shell:create_environment_hook('ackermann_msgs', 'ld_library_path_lib')
[0.869s] INFO:colcon.colcon_core.shell:Creating environment hook '/home/yappel/ros2_ws/install/ackermann_msgs/share/ackermann_msgs/hook/ld_library_path_lib.ps1'
[0.869s] INFO:colcon.colcon_core.shell:Creating environment descriptor '/home/yappel/ros2_ws/install/ackermann_msgs/share/ackermann_msgs/hook/ld_library_path_lib.dsv'
[0.870s] INFO:colcon.colcon_core.shell:Creating environment hook '/home/yappel/ros2_ws/install/ackermann_msgs/share/ackermann_msgs/hook/ld_library_path_lib.sh'
[0.870s] Level 1:colcon.colcon_core.environment:checking '/home/yappel/ros2_ws/install/ackermann_msgs/bin'
[0.870s] Level 1:colcon.colcon_core.environment:checking '/home/yappel/ros2_ws/install/ackermann_msgs/lib/pkgconfig/ackermann_msgs.pc'
[0.870s] Level 1:colcon.colcon_core.environment:checking '/home/yappel/ros2_ws/install/ackermann_msgs/lib/python3.10/site-packages'
[0.870s] Level 1:colcon.colcon_core.environment:checking '/home/yappel/ros2_ws/install/ackermann_msgs/bin'
[0.871s] INFO:colcon.colcon_core.shell:Creating package script '/home/yappel/ros2_ws/install/ackermann_msgs/share/ackermann_msgs/package.ps1'
[0.871s] INFO:colcon.colcon_core.shell:Creating package descriptor '/home/yappel/ros2_ws/install/ackermann_msgs/share/ackermann_msgs/package.dsv'
[0.871s] INFO:colcon.colcon_core.shell:Creating package script '/home/yappel/ros2_ws/install/ackermann_msgs/share/ackermann_msgs/package.sh'
[0.872s] INFO:colcon.colcon_core.shell:Creating package script '/home/yappel/ros2_ws/install/ackermann_msgs/share/ackermann_msgs/package.bash'
[0.872s] INFO:colcon.colcon_core.shell:Creating package script '/home/yappel/ros2_ws/install/ackermann_msgs/share/ackermann_msgs/package.zsh'
[0.872s] Level 1:colcon.colcon_core.environment:create_file_with_runtime_dependencies(/home/yappel/ros2_ws/install/ackermann_msgs/share/colcon-core/packages/ackermann_msgs)
[0.873s] Level 1:colcon.colcon_core.environment:create_environment_scripts_only(ackermann_msgs)
[0.873s] Level 1:colcon.colcon_core.environment:checking '/home/yappel/ros2_ws/install/ackermann_msgs' for CMake module files
[0.873s] Level 1:colcon.colcon_core.environment:checking '/home/yappel/ros2_ws/install/ackermann_msgs' for CMake config files
[0.874s] Level 1:colcon.colcon_core.shell:create_environment_hook('ackermann_msgs', 'cmake_prefix_path')
[0.874s] INFO:colcon.colcon_core.shell:Creating environment hook '/home/yappel/ros2_ws/install/ackermann_msgs/share/ackermann_msgs/hook/cmake_prefix_path.ps1'
[0.874s] INFO:colcon.colcon_core.shell:Creating environment descriptor '/home/yappel/ros2_ws/install/ackermann_msgs/share/ackermann_msgs/hook/cmake_prefix_path.dsv'
[0.874s] INFO:colcon.colcon_core.shell:Creating environment hook '/home/yappel/ros2_ws/install/ackermann_msgs/share/ackermann_msgs/hook/cmake_prefix_path.sh'
[0.875s] Level 1:colcon.colcon_core.environment:checking '/home/yappel/ros2_ws/install/ackermann_msgs/lib'
[0.875s] Level 1:colcon.colcon_core.shell:create_environment_hook('ackermann_msgs', 'ld_library_path_lib')
[0.875s] INFO:colcon.colcon_core.shell:Creating environment hook '/home/yappel/ros2_ws/install/ackermann_msgs/share/ackermann_msgs/hook/ld_library_path_lib.ps1'
[0.875s] INFO:colcon.colcon_core.shell:Creating environment descriptor '/home/yappel/ros2_ws/install/ackermann_msgs/share/ackermann_msgs/hook/ld_library_path_lib.dsv'
[0.876s] INFO:colcon.colcon_core.shell:Creating environment hook '/home/yappel/ros2_ws/install/ackermann_msgs/share/ackermann_msgs/hook/ld_library_path_lib.sh'
[0.876s] Level 1:colcon.colcon_core.environment:checking '/home/yappel/ros2_ws/install/ackermann_msgs/bin'
[0.876s] Level 1:colcon.colcon_core.environment:checking '/home/yappel/ros2_ws/install/ackermann_msgs/lib/pkgconfig/ackermann_msgs.pc'
[0.876s] Level 1:colcon.colcon_core.environment:checking '/home/yappel/ros2_ws/install/ackermann_msgs/lib/python3.10/site-packages'
[0.876s] Level 1:colcon.colcon_core.environment:checking '/home/yappel/ros2_ws/install/ackermann_msgs/bin'
[0.877s] INFO:colcon.colcon_core.shell:Creating package script '/home/yappel/ros2_ws/install/ackermann_msgs/share/ackermann_msgs/package.ps1'
[0.877s] INFO:colcon.colcon_core.shell:Creating package descriptor '/home/yappel/ros2_ws/install/ackermann_msgs/share/ackermann_msgs/package.dsv'
[0.878s] INFO:colcon.colcon_core.shell:Creating package script '/home/yappel/ros2_ws/install/ackermann_msgs/share/ackermann_msgs/package.sh'
[0.878s] INFO:colcon.colcon_core.shell:Creating package script '/home/yappel/ros2_ws/install/ackermann_msgs/share/ackermann_msgs/package.bash'
[0.878s] INFO:colcon.colcon_core.shell:Creating package script '/home/yappel/ros2_ws/install/ackermann_msgs/share/ackermann_msgs/package.zsh'
[0.879s] Level 1:colcon.colcon_core.environment:create_file_with_runtime_dependencies(/home/yappel/ros2_ws/install/ackermann_msgs/share/colcon-core/packages/ackermann_msgs)
[0.879s] INFO:colcon.colcon_ros.task.ament_cmake.build:Building ROS package in '/home/yappel/ros2_ws/src/car_gazebo_plugin' with build type 'ament_cmake'
[0.879s] INFO:colcon.colcon_cmake.task.cmake.build:Building CMake package in '/home/yappel/ros2_ws/src/car_gazebo_plugin'
[0.879s] INFO:colcon.colcon_core.shell:Skip shell extension 'powershell' for command environment: Not usable outside of PowerShell
[0.879s] DEBUG:colcon.colcon_core.shell:Skip shell extension 'dsv' for command environment
[0.891s] DEBUG:colcon.colcon_core.event_handler.log_command:Invoking command in '/home/yappel/ros2_ws/build/car_gazebo_plugin': CMAKE_PREFIX_PATH=/home/yappel/ros2_ws/install/ackermann_msgs:/opt/ros/humble:/home/yappel/ros2_ws/install/smartcar_msgs:/home/yappel/ros2_ws/install/smart_car:/home/yappel/ros2_ws/install/car_gazebo_plugin LD_LIBRARY_PATH=/home/yappel/ros2_ws/install/ackermann_msgs/lib:/home/yappel/ros2_ws/install/smartcar_msgs/lib:/home/yappel/ros2_ws/install/car_gazebo_plugin/lib:/usr/lib/x86_64-linux-gnu/gazebo-11/plugins:/opt/ros/humble/opt/rviz_ogre_vendor/lib:/opt/ros/humble/lib/x86_64-linux-gnu:/opt/ros/humble/lib /usr/bin/cmake --build /home/yappel/ros2_ws/build/car_gazebo_plugin -- -j16 -l16
[1.044s] DEBUG:colcon.colcon_core.event_handler.log_command:Invoked command in '/home/yappel/ros2_ws/build/car_gazebo_plugin' returned '0': CMAKE_PREFIX_PATH=/home/yappel/ros2_ws/install/ackermann_msgs:/opt/ros/humble:/home/yappel/ros2_ws/install/smartcar_msgs:/home/yappel/ros2_ws/install/smart_car:/home/yappel/ros2_ws/install/car_gazebo_plugin LD_LIBRARY_PATH=/home/yappel/ros2_ws/install/ackermann_msgs/lib:/home/yappel/ros2_ws/install/smartcar_msgs/lib:/home/yappel/ros2_ws/install/car_gazebo_plugin/lib:/usr/lib/x86_64-linux-gnu/gazebo-11/plugins:/opt/ros/humble/opt/rviz_ogre_vendor/lib:/opt/ros/humble/lib/x86_64-linux-gnu:/opt/ros/humble/lib /usr/bin/cmake --build /home/yappel/ros2_ws/build/car_gazebo_plugin -- -j16 -l16
[1.046s] DEBUG:colcon.colcon_core.event_handler.log_command:Invoking command in '/home/yappel/ros2_ws/build/car_gazebo_plugin': CMAKE_PREFIX_PATH=/home/yappel/ros2_ws/install/ackermann_msgs:/opt/ros/humble:/home/yappel/ros2_ws/install/smartcar_msgs:/home/yappel/ros2_ws/install/smart_car:/home/yappel/ros2_ws/install/car_gazebo_plugin LD_LIBRARY_PATH=/home/yappel/ros2_ws/install/ackermann_msgs/lib:/home/yappel/ros2_ws/install/smartcar_msgs/lib:/home/yappel/ros2_ws/install/car_gazebo_plugin/lib:/usr/lib/x86_64-linux-gnu/gazebo-11/plugins:/opt/ros/humble/opt/rviz_ogre_vendor/lib:/opt/ros/humble/lib/x86_64-linux-gnu:/opt/ros/humble/lib /usr/bin/cmake --install /home/yappel/ros2_ws/build/car_gazebo_plugin
[1.057s] Level 1:colcon.colcon_core.environment:create_environment_scripts_only(car_gazebo_plugin)
[1.057s] DEBUG:colcon.colcon_core.event_handler.log_command:Invoked command in '/home/yappel/ros2_ws/build/car_gazebo_plugin' returned '0': CMAKE_PREFIX_PATH=/home/yappel/ros2_ws/install/ackermann_msgs:/opt/ros/humble:/home/yappel/ros2_ws/install/smartcar_msgs:/home/yappel/ros2_ws/install/smart_car:/home/yappel/ros2_ws/install/car_gazebo_plugin LD_LIBRARY_PATH=/home/yappel/ros2_ws/install/ackermann_msgs/lib:/home/yappel/ros2_ws/install/smartcar_msgs/lib:/home/yappel/ros2_ws/install/car_gazebo_plugin/lib:/usr/lib/x86_64-linux-gnu/gazebo-11/plugins:/opt/ros/humble/opt/rviz_ogre_vendor/lib:/opt/ros/humble/lib/x86_64-linux-gnu:/opt/ros/humble/lib /usr/bin/cmake --install /home/yappel/ros2_ws/build/car_gazebo_plugin
[1.057s] Level 1:colcon.colcon_core.environment:checking '/home/yappel/ros2_ws/install/car_gazebo_plugin' for CMake module files
[1.058s] Level 1:colcon.colcon_core.environment:checking '/home/yappel/ros2_ws/install/car_gazebo_plugin' for CMake config files
[1.058s] Level 1:colcon.colcon_core.shell:create_environment_hook('car_gazebo_plugin', 'cmake_prefix_path')
[1.059s] INFO:colcon.colcon_core.shell:Creating environment hook '/home/yappel/ros2_ws/install/car_gazebo_plugin/share/car_gazebo_plugin/hook/cmake_prefix_path.ps1'
[1.059s] INFO:colcon.colcon_core.shell:Creating environment descriptor '/home/yappel/ros2_ws/install/car_gazebo_plugin/share/car_gazebo_plugin/hook/cmake_prefix_path.dsv'
[1.059s] INFO:colcon.colcon_core.shell:Creating environment hook '/home/yappel/ros2_ws/install/car_gazebo_plugin/share/car_gazebo_plugin/hook/cmake_prefix_path.sh'
[1.060s] Level 1:colcon.colcon_core.environment:checking '/home/yappel/ros2_ws/install/car_gazebo_plugin/lib'
[1.060s] Level 1:colcon.colcon_core.shell:create_environment_hook('car_gazebo_plugin', 'ld_library_path_lib')
[1.060s] INFO:colcon.colcon_core.shell:Creating environment hook '/home/yappel/ros2_ws/install/car_gazebo_plugin/share/car_gazebo_plugin/hook/ld_library_path_lib.ps1'
[1.060s] INFO:colcon.colcon_core.shell:Creating environment descriptor '/home/yappel/ros2_ws/install/car_gazebo_plugin/share/car_gazebo_plugin/hook/ld_library_path_lib.dsv'
[1.061s] INFO:colcon.colcon_core.shell:Creating environment hook '/home/yappel/ros2_ws/install/car_gazebo_plugin/share/car_gazebo_plugin/hook/ld_library_path_lib.sh'
[1.061s] Level 1:colcon.colcon_core.environment:checking '/home/yappel/ros2_ws/install/car_gazebo_plugin/bin'
[1.061s] Level 1:colcon.colcon_core.environment:checking '/home/yappel/ros2_ws/install/car_gazebo_plugin/lib/pkgconfig/car_gazebo_plugin.pc'
[1.061s] Level 1:colcon.colcon_core.environment:checking '/home/yappel/ros2_ws/install/car_gazebo_plugin/lib/python3.10/site-packages'
[1.061s] Level 1:colcon.colcon_core.environment:checking '/home/yappel/ros2_ws/install/car_gazebo_plugin/bin'
[1.062s] INFO:colcon.colcon_core.shell:Creating package script '/home/yappel/ros2_ws/install/car_gazebo_plugin/share/car_gazebo_plugin/package.ps1'
[1.062s] INFO:colcon.colcon_core.shell:Creating package descriptor '/home/yappel/ros2_ws/install/car_gazebo_plugin/share/car_gazebo_plugin/package.dsv'
[1.062s] INFO:colcon.colcon_core.shell:Creating package script '/home/yappel/ros2_ws/install/car_gazebo_plugin/share/car_gazebo_plugin/package.sh'
[1.063s] INFO:colcon.colcon_core.shell:Creating package script '/home/yappel/ros2_ws/install/car_gazebo_plugin/share/car_gazebo_plugin/package.bash'
[1.063s] INFO:colcon.colcon_core.shell:Creating package script '/home/yappel/ros2_ws/install/car_gazebo_plugin/share/car_gazebo_plugin/package.zsh'
[1.063s] Level 1:colcon.colcon_core.environment:create_file_with_runtime_dependencies(/home/yappel/ros2_ws/install/car_gazebo_plugin/share/colcon-core/packages/car_gazebo_plugin)
[1.064s] Level 1:colcon.colcon_core.environment:create_environment_scripts_only(car_gazebo_plugin)
[1.064s] Level 1:colcon.colcon_core.environment:checking '/home/yappel/ros2_ws/install/car_gazebo_plugin' for CMake module files
[1.064s] Level 1:colcon.colcon_core.environment:checking '/home/yappel/ros2_ws/install/car_gazebo_plugin' for CMake config files
[1.064s] Level 1:colcon.colcon_core.shell:create_environment_hook('car_gazebo_plugin', 'cmake_prefix_path')
[1.064s] INFO:colcon.colcon_core.shell:Creating environment hook '/home/yappel/ros2_ws/install/car_gazebo_plugin/share/car_gazebo_plugin/hook/cmake_prefix_path.ps1'
[1.065s] INFO:colcon.colcon_core.shell:Creating environment descriptor '/home/yappel/ros2_ws/install/car_gazebo_plugin/share/car_gazebo_plugin/hook/cmake_prefix_path.dsv'
[1.065s] INFO:colcon.colcon_core.shell:Creating environment hook '/home/yappel/ros2_ws/install/car_gazebo_plugin/share/car_gazebo_plugin/hook/cmake_prefix_path.sh'
[1.065s] Level 1:colcon.colcon_core.environment:checking '/home/yappel/ros2_ws/install/car_gazebo_plugin/lib'
[1.065s] Level 1:colcon.colcon_core.shell:create_environment_hook('car_gazebo_plugin', 'ld_library_path_lib')
[1.066s] INFO:colcon.colcon_core.shell:Creating environment hook '/home/yappel/ros2_ws/install/car_gazebo_plugin/share/car_gazebo_plugin/hook/ld_library_path_lib.ps1'
[1.066s] INFO:colcon.colcon_core.shell:Creating environment descriptor '/home/yappel/ros2_ws/install/car_gazebo_plugin/share/car_gazebo_plugin/hook/ld_library_path_lib.dsv'
[1.066s] INFO:colcon.colcon_core.shell:Creating environment hook '/home/yappel/ros2_ws/install/car_gazebo_plugin/share/car_gazebo_plugin/hook/ld_library_path_lib.sh'
[1.066s] Level 1:colcon.colcon_core.environment:checking '/home/yappel/ros2_ws/install/car_gazebo_plugin/bin'
[1.066s] Level 1:colcon.colcon_core.environment:checking '/home/yappel/ros2_ws/install/car_gazebo_plugin/lib/pkgconfig/car_gazebo_plugin.pc'
[1.067s] Level 1:colcon.colcon_core.environment:checking '/home/yappel/ros2_ws/install/car_gazebo_plugin/lib/python3.10/site-packages'
[1.067s] Level 1:colcon.colcon_core.environment:checking '/home/yappel/ros2_ws/install/car_gazebo_plugin/bin'
[1.067s] INFO:colcon.colcon_core.shell:Creating package script '/home/yappel/ros2_ws/install/car_gazebo_plugin/share/car_gazebo_plugin/package.ps1'
[1.067s] INFO:colcon.colcon_core.shell:Creating package descriptor '/home/yappel/ros2_ws/install/car_gazebo_plugin/share/car_gazebo_plugin/package.dsv'
[1.068s] INFO:colcon.colcon_core.shell:Creating package script '/home/yappel/ros2_ws/install/car_gazebo_plugin/share/car_gazebo_plugin/package.sh'
[1.068s] INFO:colcon.colcon_core.shell:Creating package script '/home/yappel/ros2_ws/install/car_gazebo_plugin/share/car_gazebo_plugin/package.bash'
[1.068s] INFO:colcon.colcon_core.shell:Creating package script '/home/yappel/ros2_ws/install/car_gazebo_plugin/share/car_gazebo_plugin/package.zsh'
[1.069s] Level 1:colcon.colcon_core.environment:create_file_with_runtime_dependencies(/home/yappel/ros2_ws/install/car_gazebo_plugin/share/colcon-core/packages/car_gazebo_plugin)
[1.069s] DEBUG:colcon.colcon_parallel_executor.executor.parallel:closing loop
[1.069s] DEBUG:colcon.colcon_parallel_executor.executor.parallel:loop closed
[1.069s] DEBUG:colcon.colcon_parallel_executor.executor.parallel:run_until_complete finished with '0'
[1.069s] DEBUG:colcon.colcon_core.event_reactor:joining thread
[1.074s] INFO:colcon.colcon_core.plugin_system:Skipping extension 'colcon_notification.desktop_notification.terminal_notifier': Not used on non-Darwin systems
[1.074s] INFO:colcon.colcon_core.plugin_system:Skipping extension 'colcon_notification.desktop_notification.win32': Not used on non-Windows systems
[1.074s] INFO:colcon.colcon_notification.desktop_notification:Sending desktop notification using 'notify2'
[1.089s] DEBUG:colcon.colcon_core.event_reactor:joined thread
[1.090s] INFO:colcon.colcon_core.shell:Creating prefix script '/home/yappel/ros2_ws/install/local_setup.ps1'
[1.091s] INFO:colcon.colcon_core.shell:Creating prefix util module '/home/yappel/ros2_ws/install/_local_setup_util_ps1.py'
[1.093s] INFO:colcon.colcon_core.shell:Creating prefix chain script '/home/yappel/ros2_ws/install/setup.ps1'
[1.095s] INFO:colcon.colcon_core.shell:Creating prefix script '/home/yappel/ros2_ws/install/local_setup.sh'
[1.095s] INFO:colcon.colcon_core.shell:Creating prefix util module '/home/yappel/ros2_ws/install/_local_setup_util_sh.py'
[1.096s] INFO:colcon.colcon_core.shell:Creating prefix chain script '/home/yappel/ros2_ws/install/setup.sh'
[1.097s] INFO:colcon.colcon_core.shell:Creating prefix script '/home/yappel/ros2_ws/install/local_setup.bash'
[1.098s] INFO:colcon.colcon_core.shell:Creating prefix chain script '/home/yappel/ros2_ws/install/setup.bash'
[1.099s] INFO:colcon.colcon_core.shell:Creating prefix script '/home/yappel/ros2_ws/install/local_setup.zsh'
[1.100s] INFO:colcon.colcon_core.shell:Creating prefix chain script '/home/yappel/ros2_ws/install/setup.zsh'
