[0.017s] Invoking command in '/home/yappel/ros2_ws/build/smart_car': CMAKE_PREFIX_PATH=/opt/ros/humble:${CMAKE_PREFIX_PATH} /usr/bin/cmake --build /home/yappel/ros2_ws/build/smart_car -- -j16 -l16
[0.039s] -- Found ament_cmake: 1.3.12 (/opt/ros/humble/share/ament_cmake/cmake)
[0.174s] -- Found ament_lint_auto: 0.12.14 (/opt/ros/humble/share/ament_lint_auto/cmake)
[0.245s] -- Added test 'flake8' to check Python code syntax and style conventions
[0.245s] -- Added test 'lint_cmake' to check CMake code style
[0.246s] -- Added test 'pep257' to check Python code against some of the docstring style conventions in PEP 257
[0.247s] -- Added test 'xmllint' to check XML markup files
[0.249s] -- Configuring done
[0.252s] -- Generating done
[0.256s] -- Build files have been written to: /home/yappel/ros2_ws/build/smart_car
[0.280s] Invoked command in '/home/yappel/ros2_ws/build/smart_car' returned '0': CMAKE_PREFIX_PATH=/opt/ros/humble:${CMAKE_PREFIX_PATH} /usr/bin/cmake --build /home/yappel/ros2_ws/build/smart_car -- -j16 -l16
[0.282s] Invoking command in '/home/yappel/ros2_ws/build/smart_car': CMAKE_PREFIX_PATH=/opt/ros/humble:${CMAKE_PREFIX_PATH} /usr/bin/cmake --install /home/yappel/ros2_ws/build/smart_car
[0.289s] -- Install configuration: ""
[0.289s] -- Up-to-date: /home/yappel/ros2_ws/install/smart_car/share/smart_car//launch
[0.289s] -- Installing: /home/yappel/ros2_ws/install/smart_car/share/smart_car//launch/sim.launch.py
[0.289s] -- Up-to-date: /home/yappel/ros2_ws/install/smart_car/share/smart_car//urdf
[0.289s] -- Up-to-date: /home/yappel/ros2_ws/install/smart_car/share/smart_car//urdf/smart_car.urdf
[0.289s] -- Up-to-date: /home/yappel/ros2_ws/install/smart_car/share/smart_car//urdf/smartcar.urdf.xacro
[0.290s] -- Up-to-date: /home/yappel/ros2_ws/install/smart_car/share/smart_car//worlds
[0.290s] -- Up-to-date: /home/yappel/ros2_ws/install/smart_car/share/smart_car//worlds/empty.world
[0.290s] -- Up-to-date: /home/yappel/ros2_ws/install/smart_car/share/smart_car//worlds/smalltown.world
[0.290s] -- Installing: /home/yappel/ros2_ws/install/smart_car/share/smart_car//scripts
[0.290s] -- Installing: /home/yappel/ros2_ws/install/smart_car/share/smart_car//scripts/joint_state_publisher.py
[0.290s] -- Up-to-date: /home/yappel/ros2_ws/install/smart_car/share/ament_index/resource_index/package_run_dependencies/smart_car
[0.290s] -- Up-to-date: /home/yappel/ros2_ws/install/smart_car/share/ament_index/resource_index/parent_prefix_path/smart_car
[0.290s] -- Up-to-date: /home/yappel/ros2_ws/install/smart_car/share/smart_car/environment/ament_prefix_path.sh
[0.290s] -- Installing: /home/yappel/ros2_ws/install/smart_car/share/smart_car/environment/ament_prefix_path.dsv
[0.291s] -- Up-to-date: /home/yappel/ros2_ws/install/smart_car/share/smart_car/environment/path.sh
[0.291s] -- Installing: /home/yappel/ros2_ws/install/smart_car/share/smart_car/environment/path.dsv
[0.291s] -- Up-to-date: /home/yappel/ros2_ws/install/smart_car/share/smart_car/local_setup.bash
[0.291s] -- Up-to-date: /home/yappel/ros2_ws/install/smart_car/share/smart_car/local_setup.sh
[0.291s] -- Up-to-date: /home/yappel/ros2_ws/install/smart_car/share/smart_car/local_setup.zsh
[0.291s] -- Installing: /home/yappel/ros2_ws/install/smart_car/share/smart_car/local_setup.dsv
[0.291s] -- Installing: /home/yappel/ros2_ws/install/smart_car/share/smart_car/package.dsv
[0.291s] -- Up-to-date: /home/yappel/ros2_ws/install/smart_car/share/ament_index/resource_index/packages/smart_car
[0.291s] -- Up-to-date: /home/yappel/ros2_ws/install/smart_car/share/smart_car/cmake/smart_carConfig.cmake
[0.291s] -- Up-to-date: /home/yappel/ros2_ws/install/smart_car/share/smart_car/cmake/smart_carConfig-version.cmake
[0.291s] -- Up-to-date: /home/yappel/ros2_ws/install/smart_car/share/smart_car/package.xml
[0.293s] Invoked command in '/home/yappel/ros2_ws/build/smart_car' returned '0': CMAKE_PREFIX_PATH=/opt/ros/humble:${CMAKE_PREFIX_PATH} /usr/bin/cmake --install /home/yappel/ros2_ws/build/smart_car
