[0.019s] Invoking command in '/home/yappel/ros2_ws/build/ackermann_msgs': CMAKE_PREFIX_PATH=/opt/ros/humble:${CMAKE_PREFIX_PATH} /usr/bin/cmake --build /home/yappel/ros2_ws/build/ackermann_msgs -- -j16 -l16
[0.075s] [  5%] Built target ackermann_msgs__cpp
[0.075s] [ 12%] Built target ackermann_msgs__rosidl_generator_c
[0.088s] [ 12%] Built target ament_cmake_python_copy_ackermann_msgs
[0.102s] [ 23%] Built target ackermann_msgs__rosidl_typesupport_introspection_c
[0.102s] [ 33%] Built target ackermann_msgs__rosidl_typesupport_cpp
[0.102s] [ 43%] Built target ackermann_msgs__rosidl_typesupport_c
[0.104s] [ 56%] Built target ackermann_msgs__rosidl_typesupport_fastrtps_c
[0.105s] [ 71%] Built target ackermann_msgs__rosidl_typesupport_introspection_cpp
[0.105s] [ 74%] Built target ackermann_msgs__rosidl_typesupport_fastrtps_cpp
[0.131s] [ 74%] Built target ackermann_msgs
[0.152s] [ 76%] Built target ackermann_msgs__py
[0.175s] [ 84%] Built target ackermann_msgs__rosidl_generator_py
[0.198s] [ 89%] Built target ackermann_msgs__rosidl_typesupport_introspection_c__pyext
[0.198s] [ 94%] Built target ackermann_msgs__rosidl_typesupport_c__pyext
[0.199s] [100%] Built target ackermann_msgs__rosidl_typesupport_fastrtps_c__pyext
[0.357s] running egg_info
[0.357s] writing ackermann_msgs.egg-info/PKG-INFO
[0.357s] writing dependency_links to ackermann_msgs.egg-info/dependency_links.txt
[0.357s] writing top-level names to ackermann_msgs.egg-info/top_level.txt
[0.359s] reading manifest file 'ackermann_msgs.egg-info/SOURCES.txt'
[0.359s] writing manifest file 'ackermann_msgs.egg-info/SOURCES.txt'
[0.384s] [100%] Built target ament_cmake_python_build_ackermann_msgs_egg
