-- Found ament_cmake: 1.3.12 (/opt/ros/humble/share/ament_cmake/cmake)
-- Configuring done
-- Generating done
-- Build files have been written to: /home/yappel/ros2_ws/build/smart_car
-- Install configuration: ""
-- Up-to-date: /home/yappel/ros2_ws/install/smart_car/share/smart_car/launch
-- Up-to-date: /home/yappel/ros2_ws/install/smart_car/share/smart_car/launch/sim.launch.py
-- Up-to-date: /home/yappel/ros2_ws/install/smart_car/share/smart_car/urdf
-- Up-to-date: /home/yappel/ros2_ws/install/smart_car/share/smart_car/urdf/smart_car.urdf
-- Up-to-date: /home/yappel/ros2_ws/install/smart_car/share/smart_car/urdf/smartcar.urdf.xacro
-- Up-to-date: /home/yappel/ros2_ws/install/smart_car/share/smart_car/worlds
-- Up-to-date: /home/yappel/ros2_ws/install/smart_car/share/smart_car/worlds/empty.world
-- Up-to-date: /home/yappel/ros2_ws/install/smart_car/share/smart_car/worlds/smalltown.world
-- Up-to-date: /home/yappel/ros2_ws/install/smart_car/share/smart_car/scripts
-- Up-to-date: /home/yappel/ros2_ws/install/smart_car/share/smart_car/scripts/joint_state_publisher.py
[31mCMake Error at cmake_install.cmake:55 (file):
  file INSTALL cannot find
  "/home/yappel/ros2_ws/src/smart_car/script/joint_state_publisher.py": No
  such file or directory.

[0m
