[0.013s] Invoking command in '/home/yappel/ros2_ws/build/smart_car': CMAKE_PREFIX_PATH=/opt/ros/humble:${CMAKE_PREFIX_PATH} /usr/bin/cmake --build /home/yappel/ros2_ws/build/smart_car -- -j16 -l16
[0.036s] -- Found ament_cmake: 1.3.12 (/opt/ros/humble/share/ament_cmake/cmake)
[0.222s] -- Configuring done
[0.225s] -- Generating done
[0.228s] -- Build files have been written to: /home/yappel/ros2_ws/build/smart_car
[0.250s] Invoked command in '/home/yappel/ros2_ws/build/smart_car' returned '0': CMAKE_PREFIX_PATH=/opt/ros/humble:${CMAKE_PREFIX_PATH} /usr/bin/cmake --build /home/yappel/ros2_ws/build/smart_car -- -j16 -l16
[0.252s] Invoking command in '/home/yappel/ros2_ws/build/smart_car': CMAKE_PREFIX_PATH=/opt/ros/humble:${CMAKE_PREFIX_PATH} /usr/bin/cmake --install /home/yappel/ros2_ws/build/smart_car
[0.259s] -- Install configuration: ""
[0.259s] -- Up-to-date: /home/yappel/ros2_ws/install/smart_car/share/smart_car/launch
[0.259s] -- Up-to-date: /home/yappel/ros2_ws/install/smart_car/share/smart_car/launch/sim.launch.py
[0.260s] -- Up-to-date: /home/yappel/ros2_ws/install/smart_car/share/smart_car/urdf
[0.260s] -- Up-to-date: /home/yappel/ros2_ws/install/smart_car/share/smart_car/urdf/smart_car.urdf
[0.260s] -- Up-to-date: /home/yappel/ros2_ws/install/smart_car/share/smart_car/urdf/smartcar.urdf.xacro
[0.260s] -- Up-to-date: /home/yappel/ros2_ws/install/smart_car/share/smart_car/worlds
[0.260s] -- Up-to-date: /home/yappel/ros2_ws/install/smart_car/share/smart_car/worlds/empty.world
[0.260s] -- Up-to-date: /home/yappel/ros2_ws/install/smart_car/share/smart_car/worlds/smalltown.world
[0.260s] -- Up-to-date: /home/yappel/ros2_ws/install/smart_car/share/smart_car/scripts
[0.260s] -- Up-to-date: /home/yappel/ros2_ws/install/smart_car/share/smart_car/scripts/joint_state_publisher.py
[0.260s] [31mCMake Error at cmake_install.cmake:55 (file):
[0.260s]   file INSTALL cannot find
[0.261s]   "/home/yappel/ros2_ws/src/smart_car/script/joint_state_publisher.py": No
[0.261s]   such file or directory.
[0.261s] 
[0.261s] [0m
[0.261s] Invoked command in '/home/yappel/ros2_ws/build/smart_car' returned '1': CMAKE_PREFIX_PATH=/opt/ros/humble:${CMAKE_PREFIX_PATH} /usr/bin/cmake --install /home/yappel/ros2_ws/build/smart_car
