[0.015s] Invoking command in '/home/yappel/ros2_ws/build/ackermann_msgs': CMAKE_PREFIX_PATH=/opt/ros/humble:${CMAKE_PREFIX_PATH} /usr/bin/cmake --build /home/yappel/ros2_ws/build/ackermann_msgs -- -j16 -l16
[0.074s] [  2%] Built target ackermann_msgs__cpp
[0.074s] [ 12%] Built target ackermann_msgs__rosidl_generator_c
[0.083s] [ 12%] Built target ament_cmake_python_copy_ackermann_msgs
[0.101s] [ 35%] Built target ackermann_msgs__rosidl_typesupport_cpp
[0.102s] [ 35%] Built target ackermann_msgs__rosidl_typesupport_introspection_cpp
[0.102s] [ 43%] Built target ackermann_msgs__rosidl_typesupport_fastrtps_cpp
[0.111s] [ 64%] Built target ackermann_msgs__rosidl_typesupport_introspection_c
[0.111s] [ 64%] Built target ackermann_msgs__rosidl_typesupport_c
[0.113s] [ 74%] Built target ackermann_msgs__rosidl_typesupport_fastrtps_c
[0.141s] [ 74%] Built target ackermann_msgs
[0.165s] [ 76%] Built target ackermann_msgs__py
[0.188s] [ 84%] Built target ackermann_msgs__rosidl_generator_py
[0.211s] [ 89%] Built target ackermann_msgs__rosidl_typesupport_introspection_c__pyext
[0.211s] [ 94%] Built target ackermann_msgs__rosidl_typesupport_c__pyext
[0.212s] [100%] Built target ackermann_msgs__rosidl_typesupport_fastrtps_c__pyext
[0.359s] running egg_info
[0.359s] writing ackermann_msgs.egg-info/PKG-INFO
[0.360s] writing dependency_links to ackermann_msgs.egg-info/dependency_links.txt
[0.360s] writing top-level names to ackermann_msgs.egg-info/top_level.txt
[0.362s] reading manifest file 'ackermann_msgs.egg-info/SOURCES.txt'
[0.362s] writing manifest file 'ackermann_msgs.egg-info/SOURCES.txt'
[0.390s] [100%] Built target ament_cmake_python_build_ackermann_msgs_egg
