[0.014s] Invoking command in '/home/yappel/ros2_ws/build/car_gazebo_plugin': CMAKE_PREFIX_PATH=/home/yappel/ros2_ws/install/ackermann_msgs:/opt/ros/humble:/home/yappel/ros2_ws/install/smartcar_msgs:/home/yappel/ros2_ws/install/smart_car:/home/yappel/ros2_ws/install/car_gazebo_plugin LD_LIBRARY_PATH=/home/yappel/ros2_ws/install/ackermann_msgs/lib:/home/yappel/ros2_ws/install/smartcar_msgs/lib:/home/yappel/ros2_ws/install/car_gazebo_plugin/lib:/usr/lib/x86_64-linux-gnu/gazebo-11/plugins:/opt/ros/humble/opt/rviz_ogre_vendor/lib:/opt/ros/humble/lib/x86_64-linux-gnu:/opt/ros/humble/lib /usr/bin/cmake --build /home/yappel/ros2_ws/build/car_gazebo_plugin -- -j16 -l16
[0.117s] [ 50%] [32mBuilding CXX object CMakeFiles/car_gazebo_plugin.dir/src/car_gazebo_plugin.cpp.o[0m
[22.903s] [100%] [32m[1mLinking CXX shared library libcar_gazebo_plugin.so[0m
[24.861s] [100%] Built target car_gazebo_plugin
[24.876s] Invoked command in '/home/yappel/ros2_ws/build/car_gazebo_plugin' returned '0': CMAKE_PREFIX_PATH=/home/yappel/ros2_ws/install/ackermann_msgs:/opt/ros/humble:/home/yappel/ros2_ws/install/smartcar_msgs:/home/yappel/ros2_ws/install/smart_car:/home/yappel/ros2_ws/install/car_gazebo_plugin LD_LIBRARY_PATH=/home/yappel/ros2_ws/install/ackermann_msgs/lib:/home/yappel/ros2_ws/install/smartcar_msgs/lib:/home/yappel/ros2_ws/install/car_gazebo_plugin/lib:/usr/lib/x86_64-linux-gnu/gazebo-11/plugins:/opt/ros/humble/opt/rviz_ogre_vendor/lib:/opt/ros/humble/lib/x86_64-linux-gnu:/opt/ros/humble/lib /usr/bin/cmake --build /home/yappel/ros2_ws/build/car_gazebo_plugin -- -j16 -l16
[24.878s] Invoking command in '/home/yappel/ros2_ws/build/car_gazebo_plugin': CMAKE_PREFIX_PATH=/home/yappel/ros2_ws/install/ackermann_msgs:/opt/ros/humble:/home/yappel/ros2_ws/install/smartcar_msgs:/home/yappel/ros2_ws/install/smart_car:/home/yappel/ros2_ws/install/car_gazebo_plugin LD_LIBRARY_PATH=/home/yappel/ros2_ws/install/ackermann_msgs/lib:/home/yappel/ros2_ws/install/smartcar_msgs/lib:/home/yappel/ros2_ws/install/car_gazebo_plugin/lib:/usr/lib/x86_64-linux-gnu/gazebo-11/plugins:/opt/ros/humble/opt/rviz_ogre_vendor/lib:/opt/ros/humble/lib/x86_64-linux-gnu:/opt/ros/humble/lib /usr/bin/cmake --install /home/yappel/ros2_ws/build/car_gazebo_plugin
[24.888s] -- Install configuration: ""
[24.888s] -- Up-to-date: /home/yappel/ros2_ws/install/car_gazebo_plugin/share/car_gazebo_plugin/environment/library_path.sh
[24.888s] -- Up-to-date: /home/yappel/ros2_ws/install/car_gazebo_plugin/share/car_gazebo_plugin/environment/library_path.dsv
[24.888s] -- Up-to-date: /home/yappel/ros2_ws/install/car_gazebo_plugin/share/ament_index/resource_index/package_run_dependencies/car_gazebo_plugin
[24.888s] -- Up-to-date: /home/yappel/ros2_ws/install/car_gazebo_plugin/share/ament_index/resource_index/parent_prefix_path/car_gazebo_plugin
[24.888s] -- Up-to-date: /home/yappel/ros2_ws/install/car_gazebo_plugin/share/car_gazebo_plugin/environment/ament_prefix_path.sh
[24.888s] -- Up-to-date: /home/yappel/ros2_ws/install/car_gazebo_plugin/share/car_gazebo_plugin/environment/ament_prefix_path.dsv
[24.888s] -- Up-to-date: /home/yappel/ros2_ws/install/car_gazebo_plugin/share/car_gazebo_plugin/environment/path.sh
[24.889s] -- Up-to-date: /home/yappel/ros2_ws/install/car_gazebo_plugin/share/car_gazebo_plugin/environment/path.dsv
[24.889s] -- Up-to-date: /home/yappel/ros2_ws/install/car_gazebo_plugin/share/car_gazebo_plugin/local_setup.bash
[24.889s] -- Up-to-date: /home/yappel/ros2_ws/install/car_gazebo_plugin/share/car_gazebo_plugin/local_setup.sh
[24.889s] -- Up-to-date: /home/yappel/ros2_ws/install/car_gazebo_plugin/share/car_gazebo_plugin/local_setup.zsh
[24.889s] -- Up-to-date: /home/yappel/ros2_ws/install/car_gazebo_plugin/share/car_gazebo_plugin/local_setup.dsv
[24.889s] -- Installing: /home/yappel/ros2_ws/install/car_gazebo_plugin/share/car_gazebo_plugin/package.dsv
[24.889s] -- Up-to-date: /home/yappel/ros2_ws/install/car_gazebo_plugin/share/ament_index/resource_index/packages/car_gazebo_plugin
[24.889s] -- Up-to-date: /home/yappel/ros2_ws/install/car_gazebo_plugin/share/car_gazebo_plugin/cmake/ament_cmake_export_libraries-extras.cmake
[24.889s] -- Up-to-date: /home/yappel/ros2_ws/install/car_gazebo_plugin/share/car_gazebo_plugin/cmake/ament_cmake_export_include_directories-extras.cmake
[24.889s] -- Up-to-date: /home/yappel/ros2_ws/install/car_gazebo_plugin/share/car_gazebo_plugin/cmake/ament_cmake_export_dependencies-extras.cmake
[24.889s] -- Up-to-date: /home/yappel/ros2_ws/install/car_gazebo_plugin/share/car_gazebo_plugin/cmake/car_gazebo_pluginConfig.cmake
[24.889s] -- Up-to-date: /home/yappel/ros2_ws/install/car_gazebo_plugin/share/car_gazebo_plugin/cmake/car_gazebo_pluginConfig-version.cmake
[24.890s] -- Up-to-date: /home/yappel/ros2_ws/install/car_gazebo_plugin/share/car_gazebo_plugin/package.xml
[24.890s] -- Installing: /home/yappel/ros2_ws/install/car_gazebo_plugin/lib/libcar_gazebo_plugin.so
[24.912s] -- Set runtime path of "/home/yappel/ros2_ws/install/car_gazebo_plugin/lib/libcar_gazebo_plugin.so" to ""
[24.918s] Invoked command in '/home/yappel/ros2_ws/build/car_gazebo_plugin' returned '0': CMAKE_PREFIX_PATH=/home/yappel/ros2_ws/install/ackermann_msgs:/opt/ros/humble:/home/yappel/ros2_ws/install/smartcar_msgs:/home/yappel/ros2_ws/install/smart_car:/home/yappel/ros2_ws/install/car_gazebo_plugin LD_LIBRARY_PATH=/home/yappel/ros2_ws/install/ackermann_msgs/lib:/home/yappel/ros2_ws/install/smartcar_msgs/lib:/home/yappel/ros2_ws/install/car_gazebo_plugin/lib:/usr/lib/x86_64-linux-gnu/gazebo-11/plugins:/opt/ros/humble/opt/rviz_ogre_vendor/lib:/opt/ros/humble/lib/x86_64-linux-gnu:/opt/ros/humble/lib /usr/bin/cmake --install /home/yappel/ros2_ws/build/car_gazebo_plugin
