[0.012s] Invoking command in '/home/yappel/ros2_ws/build/smartcar_msgs': /usr/bin/cmake --build /home/yappel/ros2_ws/build/smartcar_msgs -- -j16 -l16
[0.068s] [ 13%] Built target smartcar_msgs__rosidl_generator_c
[0.068s] [ 18%] Built target smartcar_msgs__cpp
[0.096s] [ 72%] Built target smartcar_msgs__rosidl_typesupport_c
[0.096s] [ 72%] Built target smartcar_msgs__rosidl_typesupport_introspection_c
[0.096s] [ 72%] Built target smartcar_msgs__rosidl_typesupport_introspection_cpp
[0.096s] [ 72%] Built target smartcar_msgs__rosidl_typesupport_fastrtps_c
[0.124s] [ 86%] Built target smartcar_msgs__rosidl_typesupport_fastrtps_cpp
[0.127s] [100%] Built target smartcar_msgs__rosidl_typesupport_cpp
[0.147s] [100%] Built target smartcar_msgs
[0.160s] Invoked command in '/home/yappel/ros2_ws/build/smartcar_msgs' returned '0': /usr/bin/cmake --build /home/yappel/ros2_ws/build/smartcar_msgs -- -j16 -l16
[0.169s] Invoking command in '/home/yappel/ros2_ws/build/smartcar_msgs': /usr/bin/cmake --install /home/yappel/ros2_ws/build/smartcar_msgs
[0.177s] -- Install configuration: ""
[0.177s] -- Up-to-date: /home/yappel/ros2_ws/install/smartcar_msgs/share/ament_index/resource_index/rosidl_interfaces/smartcar_msgs
[0.177s] -- Up-to-date: /home/yappel/ros2_ws/install/smartcar_msgs/include/smartcar_msgs/smartcar_msgs
[0.177s] -- Up-to-date: /home/yappel/ros2_ws/install/smartcar_msgs/include/smartcar_msgs/smartcar_msgs/msg
[0.177s] -- Up-to-date: /home/yappel/ros2_ws/install/smartcar_msgs/include/smartcar_msgs/smartcar_msgs/msg/status.h
[0.177s] -- Up-to-date: /home/yappel/ros2_ws/install/smartcar_msgs/include/smartcar_msgs/smartcar_msgs/msg/detail
[0.177s] -- Up-to-date: /home/yappel/ros2_ws/install/smartcar_msgs/include/smartcar_msgs/smartcar_msgs/msg/detail/status__type_support.h
[0.177s] -- Up-to-date: /home/yappel/ros2_ws/install/smartcar_msgs/include/smartcar_msgs/smartcar_msgs/msg/detail/status__functions.h
[0.177s] -- Up-to-date: /home/yappel/ros2_ws/install/smartcar_msgs/include/smartcar_msgs/smartcar_msgs/msg/detail/status__struct.h
[0.177s] -- Up-to-date: /home/yappel/ros2_ws/install/smartcar_msgs/include/smartcar_msgs/smartcar_msgs/msg/detail/status__functions.c
[0.177s] -- Up-to-date: /home/yappel/ros2_ws/install/smartcar_msgs/include/smartcar_msgs/smartcar_msgs/msg/rosidl_generator_c__visibility_control.h
[0.178s] -- Up-to-date: /home/yappel/ros2_ws/install/smartcar_msgs/share/smartcar_msgs/environment/library_path.sh
[0.178s] -- Up-to-date: /home/yappel/ros2_ws/install/smartcar_msgs/share/smartcar_msgs/environment/library_path.dsv
[0.178s] -- Up-to-date: /home/yappel/ros2_ws/install/smartcar_msgs/lib/libsmartcar_msgs__rosidl_generator_c.so
[0.178s] -- Up-to-date: /home/yappel/ros2_ws/install/smartcar_msgs/include/smartcar_msgs/smartcar_msgs
[0.178s] -- Up-to-date: /home/yappel/ros2_ws/install/smartcar_msgs/include/smartcar_msgs/smartcar_msgs/msg
[0.178s] -- Up-to-date: /home/yappel/ros2_ws/install/smartcar_msgs/include/smartcar_msgs/smartcar_msgs/msg/rosidl_typesupport_fastrtps_c__visibility_control.h
[0.178s] -- Up-to-date: /home/yappel/ros2_ws/install/smartcar_msgs/include/smartcar_msgs/smartcar_msgs/msg/detail
[0.178s] -- Up-to-date: /home/yappel/ros2_ws/install/smartcar_msgs/include/smartcar_msgs/smartcar_msgs/msg/detail/status__rosidl_typesupport_fastrtps_c.h
[0.178s] -- Up-to-date: /home/yappel/ros2_ws/install/smartcar_msgs/lib/libsmartcar_msgs__rosidl_typesupport_fastrtps_c.so
[0.178s] -- Up-to-date: /home/yappel/ros2_ws/install/smartcar_msgs/include/smartcar_msgs/smartcar_msgs
[0.178s] -- Up-to-date: /home/yappel/ros2_ws/install/smartcar_msgs/include/smartcar_msgs/smartcar_msgs/msg
[0.178s] -- Up-to-date: /home/yappel/ros2_ws/install/smartcar_msgs/include/smartcar_msgs/smartcar_msgs/msg/detail
[0.179s] -- Up-to-date: /home/yappel/ros2_ws/install/smartcar_msgs/include/smartcar_msgs/smartcar_msgs/msg/detail/status__builder.hpp
[0.179s] -- Up-to-date: /home/yappel/ros2_ws/install/smartcar_msgs/include/smartcar_msgs/smartcar_msgs/msg/detail/status__type_support.hpp
[0.179s] -- Up-to-date: /home/yappel/ros2_ws/install/smartcar_msgs/include/smartcar_msgs/smartcar_msgs/msg/detail/status__struct.hpp
[0.179s] -- Up-to-date: /home/yappel/ros2_ws/install/smartcar_msgs/include/smartcar_msgs/smartcar_msgs/msg/detail/status__traits.hpp
[0.179s] -- Up-to-date: /home/yappel/ros2_ws/install/smartcar_msgs/include/smartcar_msgs/smartcar_msgs/msg/status.hpp
[0.179s] -- Up-to-date: /home/yappel/ros2_ws/install/smartcar_msgs/include/smartcar_msgs/smartcar_msgs/msg/rosidl_generator_cpp__visibility_control.hpp
[0.179s] -- Up-to-date: /home/yappel/ros2_ws/install/smartcar_msgs/include/smartcar_msgs/smartcar_msgs
[0.179s] -- Up-to-date: /home/yappel/ros2_ws/install/smartcar_msgs/include/smartcar_msgs/smartcar_msgs/msg
[0.179s] -- Up-to-date: /home/yappel/ros2_ws/install/smartcar_msgs/include/smartcar_msgs/smartcar_msgs/msg/detail
[0.179s] -- Up-to-date: /home/yappel/ros2_ws/install/smartcar_msgs/include/smartcar_msgs/smartcar_msgs/msg/detail/status__rosidl_typesupport_fastrtps_cpp.hpp
[0.179s] -- Up-to-date: /home/yappel/ros2_ws/install/smartcar_msgs/include/smartcar_msgs/smartcar_msgs/msg/detail/dds_fastrtps
[0.179s] -- Up-to-date: /home/yappel/ros2_ws/install/smartcar_msgs/include/smartcar_msgs/smartcar_msgs/msg/rosidl_typesupport_fastrtps_cpp__visibility_control.h
[0.179s] -- Up-to-date: /home/yappel/ros2_ws/install/smartcar_msgs/lib/libsmartcar_msgs__rosidl_typesupport_fastrtps_cpp.so
[0.180s] -- Up-to-date: /home/yappel/ros2_ws/install/smartcar_msgs/include/smartcar_msgs/smartcar_msgs
[0.180s] -- Up-to-date: /home/yappel/ros2_ws/install/smartcar_msgs/include/smartcar_msgs/smartcar_msgs/msg
[0.180s] -- Up-to-date: /home/yappel/ros2_ws/install/smartcar_msgs/include/smartcar_msgs/smartcar_msgs/msg/rosidl_typesupport_introspection_c__visibility_control.h
[0.180s] -- Up-to-date: /home/yappel/ros2_ws/install/smartcar_msgs/include/smartcar_msgs/smartcar_msgs/msg/detail
[0.180s] -- Up-to-date: /home/yappel/ros2_ws/install/smartcar_msgs/include/smartcar_msgs/smartcar_msgs/msg/detail/status__type_support.c
[0.180s] -- Up-to-date: /home/yappel/ros2_ws/install/smartcar_msgs/include/smartcar_msgs/smartcar_msgs/msg/detail/status__rosidl_typesupport_introspection_c.h
[0.180s] -- Up-to-date: /home/yappel/ros2_ws/install/smartcar_msgs/lib/libsmartcar_msgs__rosidl_typesupport_introspection_c.so
[0.180s] -- Up-to-date: /home/yappel/ros2_ws/install/smartcar_msgs/lib/libsmartcar_msgs__rosidl_typesupport_c.so
[0.181s] -- Up-to-date: /home/yappel/ros2_ws/install/smartcar_msgs/include/smartcar_msgs/smartcar_msgs
[0.181s] -- Up-to-date: /home/yappel/ros2_ws/install/smartcar_msgs/include/smartcar_msgs/smartcar_msgs/msg
[0.181s] -- Up-to-date: /home/yappel/ros2_ws/install/smartcar_msgs/include/smartcar_msgs/smartcar_msgs/msg/detail
[0.181s] -- Up-to-date: /home/yappel/ros2_ws/install/smartcar_msgs/include/smartcar_msgs/smartcar_msgs/msg/detail/status__rosidl_typesupport_introspection_cpp.hpp
[0.181s] -- Up-to-date: /home/yappel/ros2_ws/install/smartcar_msgs/include/smartcar_msgs/smartcar_msgs/msg/detail/status__type_support.cpp
[0.181s] -- Up-to-date: /home/yappel/ros2_ws/install/smartcar_msgs/lib/libsmartcar_msgs__rosidl_typesupport_introspection_cpp.so
[0.182s] -- Up-to-date: /home/yappel/ros2_ws/install/smartcar_msgs/lib/libsmartcar_msgs__rosidl_typesupport_cpp.so
[0.182s] -- Up-to-date: /home/yappel/ros2_ws/install/smartcar_msgs/share/smartcar_msgs/msg/Status.idl
[0.182s] -- Up-to-date: /home/yappel/ros2_ws/install/smartcar_msgs/share/smartcar_msgs/msg/Status.msg
[0.182s] -- Up-to-date: /home/yappel/ros2_ws/install/smartcar_msgs/share/ament_index/resource_index/package_run_dependencies/smartcar_msgs
[0.182s] -- Up-to-date: /home/yappel/ros2_ws/install/smartcar_msgs/share/ament_index/resource_index/parent_prefix_path/smartcar_msgs
[0.182s] -- Up-to-date: /home/yappel/ros2_ws/install/smartcar_msgs/share/smartcar_msgs/environment/ament_prefix_path.sh
[0.182s] -- Up-to-date: /home/yappel/ros2_ws/install/smartcar_msgs/share/smartcar_msgs/environment/ament_prefix_path.dsv
[0.183s] -- Up-to-date: /home/yappel/ros2_ws/install/smartcar_msgs/share/smartcar_msgs/environment/path.sh
[0.183s] -- Up-to-date: /home/yappel/ros2_ws/install/smartcar_msgs/share/smartcar_msgs/environment/path.dsv
[0.183s] -- Up-to-date: /home/yappel/ros2_ws/install/smartcar_msgs/share/smartcar_msgs/local_setup.bash
[0.183s] -- Up-to-date: /home/yappel/ros2_ws/install/smartcar_msgs/share/smartcar_msgs/local_setup.sh
[0.183s] -- Up-to-date: /home/yappel/ros2_ws/install/smartcar_msgs/share/smartcar_msgs/local_setup.zsh
[0.183s] -- Up-to-date: /home/yappel/ros2_ws/install/smartcar_msgs/share/smartcar_msgs/local_setup.dsv
[0.183s] -- Installing: /home/yappel/ros2_ws/install/smartcar_msgs/share/smartcar_msgs/package.dsv
[0.183s] -- Up-to-date: /home/yappel/ros2_ws/install/smartcar_msgs/share/ament_index/resource_index/packages/smartcar_msgs
[0.183s] -- Up-to-date: /home/yappel/ros2_ws/install/smartcar_msgs/share/smartcar_msgs/cmake/export_smartcar_msgs__rosidl_generator_cExport.cmake
[0.183s] -- Up-to-date: /home/yappel/ros2_ws/install/smartcar_msgs/share/smartcar_msgs/cmake/export_smartcar_msgs__rosidl_generator_cExport-noconfig.cmake
[0.184s] -- Up-to-date: /home/yappel/ros2_ws/install/smartcar_msgs/share/smartcar_msgs/cmake/export_smartcar_msgs__rosidl_typesupport_fastrtps_cExport.cmake
[0.184s] -- Up-to-date: /home/yappel/ros2_ws/install/smartcar_msgs/share/smartcar_msgs/cmake/export_smartcar_msgs__rosidl_typesupport_fastrtps_cExport-noconfig.cmake
[0.184s] -- Up-to-date: /home/yappel/ros2_ws/install/smartcar_msgs/share/smartcar_msgs/cmake/export_smartcar_msgs__rosidl_generator_cppExport.cmake
[0.184s] -- Up-to-date: /home/yappel/ros2_ws/install/smartcar_msgs/share/smartcar_msgs/cmake/export_smartcar_msgs__rosidl_typesupport_fastrtps_cppExport.cmake
[0.184s] -- Up-to-date: /home/yappel/ros2_ws/install/smartcar_msgs/share/smartcar_msgs/cmake/export_smartcar_msgs__rosidl_typesupport_fastrtps_cppExport-noconfig.cmake
[0.184s] -- Up-to-date: /home/yappel/ros2_ws/install/smartcar_msgs/share/smartcar_msgs/cmake/smartcar_msgs__rosidl_typesupport_introspection_cExport.cmake
[0.184s] -- Up-to-date: /home/yappel/ros2_ws/install/smartcar_msgs/share/smartcar_msgs/cmake/smartcar_msgs__rosidl_typesupport_introspection_cExport-noconfig.cmake
[0.184s] -- Up-to-date: /home/yappel/ros2_ws/install/smartcar_msgs/share/smartcar_msgs/cmake/smartcar_msgs__rosidl_typesupport_cExport.cmake
[0.185s] -- Up-to-date: /home/yappel/ros2_ws/install/smartcar_msgs/share/smartcar_msgs/cmake/smartcar_msgs__rosidl_typesupport_cExport-noconfig.cmake
[0.185s] -- Up-to-date: /home/yappel/ros2_ws/install/smartcar_msgs/share/smartcar_msgs/cmake/smartcar_msgs__rosidl_typesupport_introspection_cppExport.cmake
[0.185s] -- Up-to-date: /home/yappel/ros2_ws/install/smartcar_msgs/share/smartcar_msgs/cmake/smartcar_msgs__rosidl_typesupport_introspection_cppExport-noconfig.cmake
[0.185s] -- Up-to-date: /home/yappel/ros2_ws/install/smartcar_msgs/share/smartcar_msgs/cmake/smartcar_msgs__rosidl_typesupport_cppExport.cmake
[0.185s] -- Up-to-date: /home/yappel/ros2_ws/install/smartcar_msgs/share/smartcar_msgs/cmake/smartcar_msgs__rosidl_typesupport_cppExport-noconfig.cmake
[0.185s] -- Up-to-date: /home/yappel/ros2_ws/install/smartcar_msgs/share/smartcar_msgs/cmake/rosidl_cmake-extras.cmake
[0.185s] -- Up-to-date: /home/yappel/ros2_ws/install/smartcar_msgs/share/smartcar_msgs/cmake/ament_cmake_export_include_directories-extras.cmake
[0.185s] -- Up-to-date: /home/yappel/ros2_ws/install/smartcar_msgs/share/smartcar_msgs/cmake/ament_cmake_export_libraries-extras.cmake
[0.185s] -- Up-to-date: /home/yappel/ros2_ws/install/smartcar_msgs/share/smartcar_msgs/cmake/ament_cmake_export_targets-extras.cmake
[0.185s] -- Up-to-date: /home/yappel/ros2_ws/install/smartcar_msgs/share/smartcar_msgs/cmake/rosidl_cmake_export_typesupport_targets-extras.cmake
[0.186s] -- Up-to-date: /home/yappel/ros2_ws/install/smartcar_msgs/share/smartcar_msgs/cmake/ament_cmake_export_dependencies-extras.cmake
[0.186s] -- Up-to-date: /home/yappel/ros2_ws/install/smartcar_msgs/share/smartcar_msgs/cmake/rosidl_cmake_export_typesupport_libraries-extras.cmake
[0.186s] -- Up-to-date: /home/yappel/ros2_ws/install/smartcar_msgs/share/smartcar_msgs/cmake/smartcar_msgsConfig.cmake
[0.186s] -- Up-to-date: /home/yappel/ros2_ws/install/smartcar_msgs/share/smartcar_msgs/cmake/smartcar_msgsConfig-version.cmake
[0.186s] -- Up-to-date: /home/yappel/ros2_ws/install/smartcar_msgs/share/smartcar_msgs/package.xml
[0.188s] Invoked command in '/home/yappel/ros2_ws/build/smartcar_msgs' returned '0': /usr/bin/cmake --install /home/yappel/ros2_ws/build/smartcar_msgs
