[0.018s] Invoking command in '/home/yappel/ros2_ws/build/ackermann_msgs': CMAKE_PREFIX_PATH=/opt/ros/humble:${CMAKE_PREFIX_PATH} /usr/bin/cmake --build /home/yappel/ros2_ws/build/ackermann_msgs -- -j16 -l16
[0.079s] [35m[1mConsolidate compiler generated dependencies of target ackermann_msgs__rosidl_generator_c[0m
[0.094s] [  2%] Built target ackermann_msgs__cpp
[0.099s] [ 12%] Built target ackermann_msgs__rosidl_generator_c
[0.107s] [35m[1mConsolidate compiler generated dependencies of target ackermann_msgs__rosidl_typesupport_cpp[0m
[0.107s] [35m[1mConsolidate compiler generated dependencies of target ackermann_msgs__rosidl_typesupport_introspection_cpp[0m
[0.108s] [35m[1mConsolidate compiler generated dependencies of target ackermann_msgs__rosidl_typesupport_fastrtps_cpp[0m
[0.112s] [ 12%] Built target ament_cmake_python_copy_ackermann_msgs
[0.126s] [35m[1mConsolidate compiler generated dependencies of target ackermann_msgs__rosidl_typesupport_c[0m
[0.126s] [35m[1mConsolidate compiler generated dependencies of target ackermann_msgs__rosidl_typesupport_introspection_c[0m
[0.126s] [35m[1mConsolidate compiler generated dependencies of target ackermann_msgs__rosidl_typesupport_fastrtps_c[0m
[0.138s] [ 23%] Built target ackermann_msgs__rosidl_typesupport_fastrtps_cpp
[0.139s] [ 33%] Built target ackermann_msgs__rosidl_typesupport_introspection_cpp
[0.146s] [ 43%] Built target ackermann_msgs__rosidl_typesupport_cpp
[0.164s] [ 56%] Built target ackermann_msgs__rosidl_typesupport_fastrtps_c
[0.165s] [ 71%] Built target ackermann_msgs__rosidl_typesupport_c
[0.165s] [ 74%] Built target ackermann_msgs__rosidl_typesupport_introspection_c
[0.203s] [ 74%] Built target ackermann_msgs
[0.241s] [ 76%] Built target ackermann_msgs__py
[0.262s] [35m[1mConsolidate compiler generated dependencies of target ackermann_msgs__rosidl_generator_py[0m
[0.283s] [ 84%] Built target ackermann_msgs__rosidl_generator_py
[0.299s] [35m[1mConsolidate compiler generated dependencies of target ackermann_msgs__rosidl_typesupport_introspection_c__pyext[0m
[0.299s] [35m[1mConsolidate compiler generated dependencies of target ackermann_msgs__rosidl_typesupport_c__pyext[0m
[0.301s] [35m[1mConsolidate compiler generated dependencies of target ackermann_msgs__rosidl_typesupport_fastrtps_c__pyext[0m
[0.324s] [100%] Built target ackermann_msgs__rosidl_typesupport_introspection_c__pyext
[0.324s] [100%] Built target ackermann_msgs__rosidl_typesupport_fastrtps_c__pyext
[0.324s] [100%] Built target ackermann_msgs__rosidl_typesupport_c__pyext
[0.478s] running egg_info
[0.479s] writing ackermann_msgs.egg-info/PKG-INFO
[0.486s] writing dependency_links to ackermann_msgs.egg-info/dependency_links.txt
[0.486s] writing top-level names to ackermann_msgs.egg-info/top_level.txt
[0.488s] reading manifest file 'ackermann_msgs.egg-info/SOURCES.txt'
[0.489s] writing manifest file 'ackermann_msgs.egg-info/SOURCES.txt'
[0.540s] [100%] Built target ament_cmake_python_build_ackermann_msgs_egg
[0.556s] Invoked command in '/home/yappel/ros2_ws/build/ackermann_msgs' returned '0': CMAKE_PREFIX_PATH=/opt/ros/humble:${CMAKE_PREFIX_PATH} /usr/bin/cmake --build /home/yappel/ros2_ws/build/ackermann_msgs -- -j16 -l16
[0.558s] Invoking command in '/home/yappel/ros2_ws/build/ackermann_msgs': CMAKE_PREFIX_PATH=/opt/ros/humble:${CMAKE_PREFIX_PATH} /usr/bin/cmake --install /home/yappel/ros2_ws/build/ackermann_msgs
[0.567s] -- Install configuration: ""
[0.567s] -- Up-to-date: /home/yappel/ros2_ws/install/ackermann_msgs/share/ament_index/resource_index/rosidl_interfaces/ackermann_msgs
[0.567s] -- Up-to-date: /home/yappel/ros2_ws/install/ackermann_msgs/include/ackermann_msgs/ackermann_msgs
[0.567s] -- Up-to-date: /home/yappel/ros2_ws/install/ackermann_msgs/include/ackermann_msgs/ackermann_msgs/msg
[0.567s] -- Up-to-date: /home/yappel/ros2_ws/install/ackermann_msgs/include/ackermann_msgs/ackermann_msgs/msg/detail
[0.567s] -- Up-to-date: /home/yappel/ros2_ws/install/ackermann_msgs/include/ackermann_msgs/ackermann_msgs/msg/detail/ackermann_drive_stamped__struct.h
[0.567s] -- Up-to-date: /home/yappel/ros2_ws/install/ackermann_msgs/include/ackermann_msgs/ackermann_msgs/msg/detail/ackermann_drive__type_support.h
[0.568s] -- Up-to-date: /home/yappel/ros2_ws/install/ackermann_msgs/include/ackermann_msgs/ackermann_msgs/msg/detail/ackermann_drive_stamped__functions.h
[0.568s] -- Up-to-date: /home/yappel/ros2_ws/install/ackermann_msgs/include/ackermann_msgs/ackermann_msgs/msg/detail/ackermann_drive__struct.h
[0.568s] -- Up-to-date: /home/yappel/ros2_ws/install/ackermann_msgs/include/ackermann_msgs/ackermann_msgs/msg/detail/ackermann_drive_stamped__type_support.h
[0.568s] -- Up-to-date: /home/yappel/ros2_ws/install/ackermann_msgs/include/ackermann_msgs/ackermann_msgs/msg/detail/ackermann_drive__functions.c
[0.568s] -- Up-to-date: /home/yappel/ros2_ws/install/ackermann_msgs/include/ackermann_msgs/ackermann_msgs/msg/detail/ackermann_drive_stamped__functions.c
[0.568s] -- Up-to-date: /home/yappel/ros2_ws/install/ackermann_msgs/include/ackermann_msgs/ackermann_msgs/msg/detail/ackermann_drive__functions.h
[0.568s] -- Up-to-date: /home/yappel/ros2_ws/install/ackermann_msgs/include/ackermann_msgs/ackermann_msgs/msg/ackermann_drive.h
[0.568s] -- Up-to-date: /home/yappel/ros2_ws/install/ackermann_msgs/include/ackermann_msgs/ackermann_msgs/msg/rosidl_generator_c__visibility_control.h
[0.568s] -- Up-to-date: /home/yappel/ros2_ws/install/ackermann_msgs/include/ackermann_msgs/ackermann_msgs/msg/ackermann_drive_stamped.h
[0.568s] -- Up-to-date: /home/yappel/ros2_ws/install/ackermann_msgs/share/ackermann_msgs/environment/library_path.sh
[0.568s] -- Up-to-date: /home/yappel/ros2_ws/install/ackermann_msgs/share/ackermann_msgs/environment/library_path.dsv
[0.568s] -- Up-to-date: /home/yappel/ros2_ws/install/ackermann_msgs/lib/libackermann_msgs__rosidl_generator_c.so
[0.568s] -- Up-to-date: /home/yappel/ros2_ws/install/ackermann_msgs/include/ackermann_msgs/ackermann_msgs
[0.568s] -- Up-to-date: /home/yappel/ros2_ws/install/ackermann_msgs/include/ackermann_msgs/ackermann_msgs/msg
[0.569s] -- Up-to-date: /home/yappel/ros2_ws/install/ackermann_msgs/include/ackermann_msgs/ackermann_msgs/msg/rosidl_typesupport_fastrtps_c__visibility_control.h
[0.569s] -- Up-to-date: /home/yappel/ros2_ws/install/ackermann_msgs/include/ackermann_msgs/ackermann_msgs/msg/detail
[0.569s] -- Up-to-date: /home/yappel/ros2_ws/install/ackermann_msgs/include/ackermann_msgs/ackermann_msgs/msg/detail/ackermann_drive__rosidl_typesupport_fastrtps_c.h
[0.569s] -- Up-to-date: /home/yappel/ros2_ws/install/ackermann_msgs/include/ackermann_msgs/ackermann_msgs/msg/detail/ackermann_drive_stamped__rosidl_typesupport_fastrtps_c.h
[0.569s] -- Up-to-date: /home/yappel/ros2_ws/install/ackermann_msgs/lib/libackermann_msgs__rosidl_typesupport_fastrtps_c.so
[0.569s] -- Up-to-date: /home/yappel/ros2_ws/install/ackermann_msgs/include/ackermann_msgs/ackermann_msgs
[0.569s] -- Up-to-date: /home/yappel/ros2_ws/install/ackermann_msgs/include/ackermann_msgs/ackermann_msgs/msg
[0.569s] -- Up-to-date: /home/yappel/ros2_ws/install/ackermann_msgs/include/ackermann_msgs/ackermann_msgs/msg/rosidl_typesupport_introspection_c__visibility_control.h
[0.569s] -- Up-to-date: /home/yappel/ros2_ws/install/ackermann_msgs/include/ackermann_msgs/ackermann_msgs/msg/detail
[0.569s] -- Up-to-date: /home/yappel/ros2_ws/install/ackermann_msgs/include/ackermann_msgs/ackermann_msgs/msg/detail/ackermann_drive_stamped__type_support.c
[0.569s] -- Up-to-date: /home/yappel/ros2_ws/install/ackermann_msgs/include/ackermann_msgs/ackermann_msgs/msg/detail/ackermann_drive_stamped__rosidl_typesupport_introspection_c.h
[0.569s] -- Up-to-date: /home/yappel/ros2_ws/install/ackermann_msgs/include/ackermann_msgs/ackermann_msgs/msg/detail/ackermann_drive__type_support.c
[0.569s] -- Up-to-date: /home/yappel/ros2_ws/install/ackermann_msgs/include/ackermann_msgs/ackermann_msgs/msg/detail/ackermann_drive__rosidl_typesupport_introspection_c.h
[0.569s] -- Up-to-date: /home/yappel/ros2_ws/install/ackermann_msgs/lib/libackermann_msgs__rosidl_typesupport_introspection_c.so
[0.570s] -- Up-to-date: /home/yappel/ros2_ws/install/ackermann_msgs/lib/libackermann_msgs__rosidl_typesupport_c.so
[0.570s] -- Up-to-date: /home/yappel/ros2_ws/install/ackermann_msgs/include/ackermann_msgs/ackermann_msgs
[0.570s] -- Up-to-date: /home/yappel/ros2_ws/install/ackermann_msgs/include/ackermann_msgs/ackermann_msgs/msg
[0.570s] -- Up-to-date: /home/yappel/ros2_ws/install/ackermann_msgs/include/ackermann_msgs/ackermann_msgs/msg/ackermann_drive.hpp
[0.570s] -- Up-to-date: /home/yappel/ros2_ws/install/ackermann_msgs/include/ackermann_msgs/ackermann_msgs/msg/detail
[0.570s] -- Up-to-date: /home/yappel/ros2_ws/install/ackermann_msgs/include/ackermann_msgs/ackermann_msgs/msg/detail/ackermann_drive_stamped__struct.hpp
[0.570s] -- Up-to-date: /home/yappel/ros2_ws/install/ackermann_msgs/include/ackermann_msgs/ackermann_msgs/msg/detail/ackermann_drive_stamped__type_support.hpp
[0.571s] -- Up-to-date: /home/yappel/ros2_ws/install/ackermann_msgs/include/ackermann_msgs/ackermann_msgs/msg/detail/ackermann_drive_stamped__traits.hpp
[0.571s] -- Up-to-date: /home/yappel/ros2_ws/install/ackermann_msgs/include/ackermann_msgs/ackermann_msgs/msg/detail/ackermann_drive__struct.hpp
[0.571s] -- Up-to-date: /home/yappel/ros2_ws/install/ackermann_msgs/include/ackermann_msgs/ackermann_msgs/msg/detail/ackermann_drive_stamped__builder.hpp
[0.571s] -- Up-to-date: /home/yappel/ros2_ws/install/ackermann_msgs/include/ackermann_msgs/ackermann_msgs/msg/detail/ackermann_drive__type_support.hpp
[0.571s] -- Up-to-date: /home/yappel/ros2_ws/install/ackermann_msgs/include/ackermann_msgs/ackermann_msgs/msg/detail/ackermann_drive__builder.hpp
[0.571s] -- Up-to-date: /home/yappel/ros2_ws/install/ackermann_msgs/include/ackermann_msgs/ackermann_msgs/msg/detail/ackermann_drive__traits.hpp
[0.571s] -- Up-to-date: /home/yappel/ros2_ws/install/ackermann_msgs/include/ackermann_msgs/ackermann_msgs/msg/ackermann_drive_stamped.hpp
[0.571s] -- Up-to-date: /home/yappel/ros2_ws/install/ackermann_msgs/include/ackermann_msgs/ackermann_msgs/msg/rosidl_generator_cpp__visibility_control.hpp
[0.571s] -- Up-to-date: /home/yappel/ros2_ws/install/ackermann_msgs/include/ackermann_msgs/ackermann_msgs
[0.571s] -- Up-to-date: /home/yappel/ros2_ws/install/ackermann_msgs/include/ackermann_msgs/ackermann_msgs/msg
[0.571s] -- Up-to-date: /home/yappel/ros2_ws/install/ackermann_msgs/include/ackermann_msgs/ackermann_msgs/msg/detail
[0.571s] -- Up-to-date: /home/yappel/ros2_ws/install/ackermann_msgs/include/ackermann_msgs/ackermann_msgs/msg/detail/ackermann_drive_stamped__rosidl_typesupport_fastrtps_cpp.hpp
[0.571s] -- Up-to-date: /home/yappel/ros2_ws/install/ackermann_msgs/include/ackermann_msgs/ackermann_msgs/msg/detail/ackermann_drive__rosidl_typesupport_fastrtps_cpp.hpp
[0.571s] -- Up-to-date: /home/yappel/ros2_ws/install/ackermann_msgs/include/ackermann_msgs/ackermann_msgs/msg/detail/dds_fastrtps
[0.572s] -- Up-to-date: /home/yappel/ros2_ws/install/ackermann_msgs/include/ackermann_msgs/ackermann_msgs/msg/rosidl_typesupport_fastrtps_cpp__visibility_control.h
[0.572s] -- Up-to-date: /home/yappel/ros2_ws/install/ackermann_msgs/lib/libackermann_msgs__rosidl_typesupport_fastrtps_cpp.so
[0.572s] -- Up-to-date: /home/yappel/ros2_ws/install/ackermann_msgs/include/ackermann_msgs/ackermann_msgs
[0.572s] -- Up-to-date: /home/yappel/ros2_ws/install/ackermann_msgs/include/ackermann_msgs/ackermann_msgs/msg
[0.572s] -- Up-to-date: /home/yappel/ros2_ws/install/ackermann_msgs/include/ackermann_msgs/ackermann_msgs/msg/detail
[0.572s] -- Up-to-date: /home/yappel/ros2_ws/install/ackermann_msgs/include/ackermann_msgs/ackermann_msgs/msg/detail/ackermann_drive__rosidl_typesupport_introspection_cpp.hpp
[0.572s] -- Up-to-date: /home/yappel/ros2_ws/install/ackermann_msgs/include/ackermann_msgs/ackermann_msgs/msg/detail/ackermann_drive_stamped__type_support.cpp
[0.572s] -- Up-to-date: /home/yappel/ros2_ws/install/ackermann_msgs/include/ackermann_msgs/ackermann_msgs/msg/detail/ackermann_drive_stamped__rosidl_typesupport_introspection_cpp.hpp
[0.572s] -- Up-to-date: /home/yappel/ros2_ws/install/ackermann_msgs/include/ackermann_msgs/ackermann_msgs/msg/detail/ackermann_drive__type_support.cpp
[0.572s] -- Up-to-date: /home/yappel/ros2_ws/install/ackermann_msgs/lib/libackermann_msgs__rosidl_typesupport_introspection_cpp.so
[0.572s] -- Up-to-date: /home/yappel/ros2_ws/install/ackermann_msgs/lib/libackermann_msgs__rosidl_typesupport_cpp.so
[0.573s] -- Up-to-date: /home/yappel/ros2_ws/install/ackermann_msgs/share/ackermann_msgs/environment/pythonpath.sh
[0.573s] -- Up-to-date: /home/yappel/ros2_ws/install/ackermann_msgs/share/ackermann_msgs/environment/pythonpath.dsv
[0.573s] -- Up-to-date: /home/yappel/ros2_ws/install/ackermann_msgs/local/lib/python3.10/dist-packages/ackermann_msgs-2.0.2-py3.10.egg-info
[0.573s] -- Installing: /home/yappel/ros2_ws/install/ackermann_msgs/local/lib/python3.10/dist-packages/ackermann_msgs-2.0.2-py3.10.egg-info/top_level.txt
[0.573s] -- Installing: /home/yappel/ros2_ws/install/ackermann_msgs/local/lib/python3.10/dist-packages/ackermann_msgs-2.0.2-py3.10.egg-info/dependency_links.txt
[0.573s] -- Installing: /home/yappel/ros2_ws/install/ackermann_msgs/local/lib/python3.10/dist-packages/ackermann_msgs-2.0.2-py3.10.egg-info/PKG-INFO
[0.574s] -- Installing: /home/yappel/ros2_ws/install/ackermann_msgs/local/lib/python3.10/dist-packages/ackermann_msgs-2.0.2-py3.10.egg-info/SOURCES.txt
[0.574s] -- Up-to-date: /home/yappel/ros2_ws/install/ackermann_msgs/local/lib/python3.10/dist-packages/ackermann_msgs
[0.574s] -- Up-to-date: /home/yappel/ros2_ws/install/ackermann_msgs/local/lib/python3.10/dist-packages/ackermann_msgs/_ackermann_msgs_s.ep.rosidl_typesupport_introspection_c.c
[0.574s] -- Up-to-date: /home/yappel/ros2_ws/install/ackermann_msgs/local/lib/python3.10/dist-packages/ackermann_msgs/_ackermann_msgs_s.ep.rosidl_typesupport_c.c
[0.574s] -- Up-to-date: /home/yappel/ros2_ws/install/ackermann_msgs/local/lib/python3.10/dist-packages/ackermann_msgs/_ackermann_msgs_s.ep.rosidl_typesupport_fastrtps_c.c
[0.574s] -- Up-to-date: /home/yappel/ros2_ws/install/ackermann_msgs/local/lib/python3.10/dist-packages/ackermann_msgs/msg
[0.574s] -- Up-to-date: /home/yappel/ros2_ws/install/ackermann_msgs/local/lib/python3.10/dist-packages/ackermann_msgs/msg/_ackermann_drive_s.c
[0.574s] -- Up-to-date: /home/yappel/ros2_ws/install/ackermann_msgs/local/lib/python3.10/dist-packages/ackermann_msgs/msg/_ackermann_drive.py
[0.575s] -- Up-to-date: /home/yappel/ros2_ws/install/ackermann_msgs/local/lib/python3.10/dist-packages/ackermann_msgs/msg/_ackermann_drive_stamped_s.c
[0.575s] -- Up-to-date: /home/yappel/ros2_ws/install/ackermann_msgs/local/lib/python3.10/dist-packages/ackermann_msgs/msg/_ackermann_drive_stamped.py
[0.575s] -- Up-to-date: /home/yappel/ros2_ws/install/ackermann_msgs/local/lib/python3.10/dist-packages/ackermann_msgs/msg/__init__.py
[0.575s] -- Up-to-date: /home/yappel/ros2_ws/install/ackermann_msgs/local/lib/python3.10/dist-packages/ackermann_msgs/ackermann_msgs_s__rosidl_typesupport_c.cpython-310-x86_64-linux-gnu.so
[0.575s] -- Up-to-date: /home/yappel/ros2_ws/install/ackermann_msgs/local/lib/python3.10/dist-packages/ackermann_msgs/ackermann_msgs_s__rosidl_typesupport_fastrtps_c.cpython-310-x86_64-linux-gnu.so
[0.575s] -- Up-to-date: /home/yappel/ros2_ws/install/ackermann_msgs/local/lib/python3.10/dist-packages/ackermann_msgs/__init__.py
[0.575s] -- Up-to-date: /home/yappel/ros2_ws/install/ackermann_msgs/local/lib/python3.10/dist-packages/ackermann_msgs/libackermann_msgs__rosidl_generator_py.so
[0.575s] -- Up-to-date: /home/yappel/ros2_ws/install/ackermann_msgs/local/lib/python3.10/dist-packages/ackermann_msgs/ackermann_msgs_s__rosidl_typesupport_introspection_c.cpython-310-x86_64-linux-gnu.so
[0.608s] Listing '/home/yappel/ros2_ws/install/ackermann_msgs/local/lib/python3.10/dist-packages/ackermann_msgs'...
[0.608s] Listing '/home/yappel/ros2_ws/install/ackermann_msgs/local/lib/python3.10/dist-packages/ackermann_msgs/msg'...
[0.616s] -- Up-to-date: /home/yappel/ros2_ws/install/ackermann_msgs/local/lib/python3.10/dist-packages/ackermann_msgs/ackermann_msgs_s__rosidl_typesupport_fastrtps_c.cpython-310-x86_64-linux-gnu.so
[0.616s] -- Up-to-date: /home/yappel/ros2_ws/install/ackermann_msgs/local/lib/python3.10/dist-packages/ackermann_msgs/ackermann_msgs_s__rosidl_typesupport_introspection_c.cpython-310-x86_64-linux-gnu.so
[0.616s] -- Up-to-date: /home/yappel/ros2_ws/install/ackermann_msgs/local/lib/python3.10/dist-packages/ackermann_msgs/ackermann_msgs_s__rosidl_typesupport_c.cpython-310-x86_64-linux-gnu.so
[0.617s] -- Up-to-date: /home/yappel/ros2_ws/install/ackermann_msgs/lib/libackermann_msgs__rosidl_generator_py.so
[0.617s] -- Up-to-date: /home/yappel/ros2_ws/install/ackermann_msgs/share/ackermann_msgs/msg/AckermannDrive.idl
[0.617s] -- Up-to-date: /home/yappel/ros2_ws/install/ackermann_msgs/share/ackermann_msgs/msg/AckermannDriveStamped.idl
[0.617s] -- Up-to-date: /home/yappel/ros2_ws/install/ackermann_msgs/share/ackermann_msgs/msg/AckermannDrive.msg
[0.618s] -- Up-to-date: /home/yappel/ros2_ws/install/ackermann_msgs/share/ackermann_msgs/msg/AckermannDriveStamped.msg
[0.618s] -- Up-to-date: /home/yappel/ros2_ws/install/ackermann_msgs/share/ament_index/resource_index/package_run_dependencies/ackermann_msgs
[0.618s] -- Up-to-date: /home/yappel/ros2_ws/install/ackermann_msgs/share/ament_index/resource_index/parent_prefix_path/ackermann_msgs
[0.618s] -- Up-to-date: /home/yappel/ros2_ws/install/ackermann_msgs/share/ackermann_msgs/environment/ament_prefix_path.sh
[0.618s] -- Up-to-date: /home/yappel/ros2_ws/install/ackermann_msgs/share/ackermann_msgs/environment/ament_prefix_path.dsv
[0.618s] -- Up-to-date: /home/yappel/ros2_ws/install/ackermann_msgs/share/ackermann_msgs/environment/path.sh
[0.618s] -- Up-to-date: /home/yappel/ros2_ws/install/ackermann_msgs/share/ackermann_msgs/environment/path.dsv
[0.618s] -- Up-to-date: /home/yappel/ros2_ws/install/ackermann_msgs/share/ackermann_msgs/local_setup.bash
[0.619s] -- Up-to-date: /home/yappel/ros2_ws/install/ackermann_msgs/share/ackermann_msgs/local_setup.sh
[0.619s] -- Up-to-date: /home/yappel/ros2_ws/install/ackermann_msgs/share/ackermann_msgs/local_setup.zsh
[0.619s] -- Up-to-date: /home/yappel/ros2_ws/install/ackermann_msgs/share/ackermann_msgs/local_setup.dsv
[0.619s] -- Installing: /home/yappel/ros2_ws/install/ackermann_msgs/share/ackermann_msgs/package.dsv
[0.619s] -- Up-to-date: /home/yappel/ros2_ws/install/ackermann_msgs/share/ament_index/resource_index/packages/ackermann_msgs
[0.619s] -- Up-to-date: /home/yappel/ros2_ws/install/ackermann_msgs/share/ackermann_msgs/cmake/export_ackermann_msgs__rosidl_generator_cExport.cmake
[0.619s] -- Up-to-date: /home/yappel/ros2_ws/install/ackermann_msgs/share/ackermann_msgs/cmake/export_ackermann_msgs__rosidl_generator_cExport-noconfig.cmake
[0.620s] -- Up-to-date: /home/yappel/ros2_ws/install/ackermann_msgs/share/ackermann_msgs/cmake/export_ackermann_msgs__rosidl_typesupport_fastrtps_cExport.cmake
[0.620s] -- Up-to-date: /home/yappel/ros2_ws/install/ackermann_msgs/share/ackermann_msgs/cmake/export_ackermann_msgs__rosidl_typesupport_fastrtps_cExport-noconfig.cmake
[0.620s] -- Up-to-date: /home/yappel/ros2_ws/install/ackermann_msgs/share/ackermann_msgs/cmake/ackermann_msgs__rosidl_typesupport_introspection_cExport.cmake
[0.620s] -- Up-to-date: /home/yappel/ros2_ws/install/ackermann_msgs/share/ackermann_msgs/cmake/ackermann_msgs__rosidl_typesupport_introspection_cExport-noconfig.cmake
[0.620s] -- Up-to-date: /home/yappel/ros2_ws/install/ackermann_msgs/share/ackermann_msgs/cmake/ackermann_msgs__rosidl_typesupport_cExport.cmake
[0.620s] -- Up-to-date: /home/yappel/ros2_ws/install/ackermann_msgs/share/ackermann_msgs/cmake/ackermann_msgs__rosidl_typesupport_cExport-noconfig.cmake
[0.620s] -- Up-to-date: /home/yappel/ros2_ws/install/ackermann_msgs/share/ackermann_msgs/cmake/export_ackermann_msgs__rosidl_generator_cppExport.cmake
[0.621s] -- Up-to-date: /home/yappel/ros2_ws/install/ackermann_msgs/share/ackermann_msgs/cmake/export_ackermann_msgs__rosidl_typesupport_fastrtps_cppExport.cmake
[0.621s] -- Up-to-date: /home/yappel/ros2_ws/install/ackermann_msgs/share/ackermann_msgs/cmake/export_ackermann_msgs__rosidl_typesupport_fastrtps_cppExport-noconfig.cmake
[0.621s] -- Up-to-date: /home/yappel/ros2_ws/install/ackermann_msgs/share/ackermann_msgs/cmake/ackermann_msgs__rosidl_typesupport_introspection_cppExport.cmake
[0.621s] -- Up-to-date: /home/yappel/ros2_ws/install/ackermann_msgs/share/ackermann_msgs/cmake/ackermann_msgs__rosidl_typesupport_introspection_cppExport-noconfig.cmake
[0.621s] -- Up-to-date: /home/yappel/ros2_ws/install/ackermann_msgs/share/ackermann_msgs/cmake/ackermann_msgs__rosidl_typesupport_cppExport.cmake
[0.621s] -- Up-to-date: /home/yappel/ros2_ws/install/ackermann_msgs/share/ackermann_msgs/cmake/ackermann_msgs__rosidl_typesupport_cppExport-noconfig.cmake
[0.621s] -- Up-to-date: /home/yappel/ros2_ws/install/ackermann_msgs/share/ackermann_msgs/cmake/export_ackermann_msgs__rosidl_generator_pyExport.cmake
[0.621s] -- Up-to-date: /home/yappel/ros2_ws/install/ackermann_msgs/share/ackermann_msgs/cmake/export_ackermann_msgs__rosidl_generator_pyExport-noconfig.cmake
[0.621s] -- Up-to-date: /home/yappel/ros2_ws/install/ackermann_msgs/share/ackermann_msgs/cmake/rosidl_cmake-extras.cmake
[0.621s] -- Up-to-date: /home/yappel/ros2_ws/install/ackermann_msgs/share/ackermann_msgs/cmake/ament_cmake_export_dependencies-extras.cmake
[0.621s] -- Up-to-date: /home/yappel/ros2_ws/install/ackermann_msgs/share/ackermann_msgs/cmake/ament_cmake_export_include_directories-extras.cmake
[0.622s] -- Up-to-date: /home/yappel/ros2_ws/install/ackermann_msgs/share/ackermann_msgs/cmake/ament_cmake_export_libraries-extras.cmake
[0.622s] -- Up-to-date: /home/yappel/ros2_ws/install/ackermann_msgs/share/ackermann_msgs/cmake/ament_cmake_export_targets-extras.cmake
[0.622s] -- Up-to-date: /home/yappel/ros2_ws/install/ackermann_msgs/share/ackermann_msgs/cmake/rosidl_cmake_export_typesupport_targets-extras.cmake
[0.622s] -- Up-to-date: /home/yappel/ros2_ws/install/ackermann_msgs/share/ackermann_msgs/cmake/rosidl_cmake_export_typesupport_libraries-extras.cmake
[0.622s] -- Up-to-date: /home/yappel/ros2_ws/install/ackermann_msgs/share/ackermann_msgs/cmake/ackermann_msgsConfig.cmake
[0.622s] -- Up-to-date: /home/yappel/ros2_ws/install/ackermann_msgs/share/ackermann_msgs/cmake/ackermann_msgsConfig-version.cmake
[0.622s] -- Up-to-date: /home/yappel/ros2_ws/install/ackermann_msgs/share/ackermann_msgs/package.xml
[0.626s] Invoked command in '/home/yappel/ros2_ws/build/ackermann_msgs' returned '0': CMAKE_PREFIX_PATH=/opt/ros/humble:${CMAKE_PREFIX_PATH} /usr/bin/cmake --install /home/yappel/ros2_ws/build/ackermann_msgs
