[0.017s] Invoking command in '/home/yappel/ros2_ws/build/smart_car': CMAKE_PREFIX_PATH=/opt/ros/humble:${CMAKE_PREFIX_PATH} /usr/bin/cmake --build /home/yappel/ros2_ws/build/smart_car -- -j16 -l16
[0.042s] -- Found ament_cmake: 1.3.12 (/opt/ros/humble/share/ament_cmake/cmake)
[0.241s] -- Configuring done
[0.241s] -- Generating done
[0.244s] -- Build files have been written to: /home/yappel/ros2_ws/build/smart_car
[0.268s] Invoked command in '/home/yappel/ros2_ws/build/smart_car' returned '0': CMAKE_PREFIX_PATH=/opt/ros/humble:${CMAKE_PREFIX_PATH} /usr/bin/cmake --build /home/yappel/ros2_ws/build/smart_car -- -j16 -l16
[0.269s] Invoking command in '/home/yappel/ros2_ws/build/smart_car': CMAKE_PREFIX_PATH=/opt/ros/humble:${CMAKE_PREFIX_PATH} /usr/bin/cmake --install /home/yappel/ros2_ws/build/smart_car
[0.277s] -- Install configuration: ""
[0.277s] -- Up-to-date: /home/yappel/ros2_ws/install/smart_car/share/smart_car/launch
[0.277s] -- Up-to-date: /home/yappel/ros2_ws/install/smart_car/share/smart_car/launch/sim.launch.py
[0.277s] -- Up-to-date: /home/yappel/ros2_ws/install/smart_car/share/smart_car/urdf
[0.277s] -- Up-to-date: /home/yappel/ros2_ws/install/smart_car/share/smart_car/urdf/smart_car.urdf
[0.277s] -- Up-to-date: /home/yappel/ros2_ws/install/smart_car/share/smart_car/urdf/smartcar.urdf.xacro
[0.277s] -- Up-to-date: /home/yappel/ros2_ws/install/smart_car/share/smart_car/worlds
[0.278s] -- Up-to-date: /home/yappel/ros2_ws/install/smart_car/share/smart_car/worlds/empty.world
[0.278s] -- Up-to-date: /home/yappel/ros2_ws/install/smart_car/share/smart_car/worlds/smalltown.world
[0.278s] [31mCMake Error at cmake_install.cmake:46 (file):
[0.278s]   file INSTALL cannot find "/home/yappel/ros2_ws/src/smart_car/script": No
[0.278s]   such file or directory.
[0.278s] 
[0.278s] [0m
[0.279s] Invoked command in '/home/yappel/ros2_ws/build/smart_car' returned '1': CMAKE_PREFIX_PATH=/opt/ros/humble:${CMAKE_PREFIX_PATH} /usr/bin/cmake --install /home/yappel/ros2_ws/build/smart_car
