[0.013s] Invoking command in '/home/yappel/ros2_ws/build/car_gazebo_plugin': CMAKE_PREFIX_PATH=/home/yappel/ros2_ws/install/ackermann_msgs:/opt/ros/humble:/home/yappel/ros2_ws/install/smartcar_msgs:/home/yappel/ros2_ws/install/smart_car:/home/yappel/ros2_ws/install/car_gazebo_plugin LD_LIBRARY_PATH=/home/yappel/ros2_ws/install/ackermann_msgs/lib:/home/yappel/ros2_ws/install/smartcar_msgs/lib:/home/yappel/ros2_ws/install/car_gazebo_plugin/lib:/usr/lib/x86_64-linux-gnu/gazebo-11/plugins:/opt/ros/humble/opt/rviz_ogre_vendor/lib:/opt/ros/humble/lib/x86_64-linux-gnu:/opt/ros/humble/lib /usr/bin/cmake /home/yappel/ros2_ws/src/car_gazebo_plugin -DCMAKE_INSTALL_PREFIX=/home/yappel/ros2_ws/install/car_gazebo_plugin
[0.076s] -- The C compiler identification is GNU 11.4.0
[0.135s] -- The CXX compiler identification is GNU 11.4.0
[0.143s] -- Detecting C compiler ABI info
[0.212s] -- Detecting C compiler ABI info - done
[0.219s] -- Check for working C compiler: /usr/bin/cc - skipped
[0.219s] -- Detecting C compile features
[0.219s] -- Detecting C compile features - done
[0.222s] -- Detecting CXX compiler ABI info
[0.300s] -- Detecting CXX compiler ABI info - done
[0.310s] -- Check for working CXX compiler: /usr/bin/c++ - skipped
[0.310s] -- Detecting CXX compile features
[0.311s] -- Detecting CXX compile features - done
[0.321s] [33mCMake Warning (dev) at /usr/share/cmake-3.22/Modules/FindPackageHandleStandardArgs.cmake:438 (message):
[0.321s]   The package name passed to `find_package_handle_standard_args` (PkgConfig)
[0.321s]   does not match the name of the calling package (gazebo).  This can lead to
[0.321s]   problems in calling code that expects `find_package` result variables
[0.322s]   (e.g., `_FOUND`) to follow a certain pattern.
[0.322s] Call Stack (most recent call first):
[0.322s]   /usr/share/cmake-3.22/Modules/FindPkgConfig.cmake:99 (find_package_handle_standard_args)
[0.322s]   /usr/lib/x86_64-linux-gnu/cmake/gazebo/gazebo-config.cmake:72 (include)
[0.322s]   CMakeLists.txt:14 (find_package)
[0.322s] This warning is for project developers.  Use -Wno-dev to suppress it.
[0.322s] [0m
[0.322s] -- Found PkgConfig: /usr/bin/pkg-config (found version "0.29.2") 
[0.325s] -- Checking for module 'bullet>=2.82'
[0.339s] --   Found bullet, version 3.05
[0.447s] -- Found fcl: /usr/include (found suitable version "0.7.0", minimum required is "0.5.0") 
[0.493s] -- Found assimp: /usr/include (found version "5.2.0") 
[0.517s] -- Found DART: /usr/include (Required is at least version "6.6") found components: dart 
[0.692s] -- Found Boost: /usr/lib/x86_64-linux-gnu/cmake/Boost-1.74.0/BoostConfig.cmake (found suitable version "1.74.0", minimum required is "1.40.0") found components: thread system filesystem program_options regex iostreams date_time 
[0.711s] -- Found Protobuf: /usr/lib/x86_64-linux-gnu/libprotobuf.so (found version "3.12.4") 
[0.719s] -- Looking for ignition-math6 -- found version 6.15.1
[0.725s] -- Searching for dependencies of ignition-math6
[0.726s] -- Looking for OGRE...
[0.726s] -- OGRE_PREFIX_WATCH changed.
[0.732s] -- Checking for module 'OGRE'
[0.744s] --   Found OGRE, version 1.9.0
[0.777s] -- Found Ogre Ghadamon (1.9.0)
[0.787s] -- Found OGRE: optimized;/usr/lib/x86_64-linux-gnu/libOgreMain.so;debug;/usr/lib/x86_64-linux-gnu/libOgreMain.so
[0.796s] -- Looking for OGRE_Paging...
[0.802s] -- Found OGRE_Paging: optimized;/usr/lib/x86_64-linux-gnu/libOgrePaging.so;debug;/usr/lib/x86_64-linux-gnu/libOgrePaging.so
[0.802s] -- Looking for OGRE_Terrain...
[0.808s] -- Found OGRE_Terrain: optimized;/usr/lib/x86_64-linux-gnu/libOgreTerrain.so;debug;/usr/lib/x86_64-linux-gnu/libOgreTerrain.so
[0.808s] -- Looking for OGRE_Property...
[0.814s] -- Found OGRE_Property: optimized;/usr/lib/x86_64-linux-gnu/libOgreProperty.so;debug;/usr/lib/x86_64-linux-gnu/libOgreProperty.so
[0.814s] -- Looking for OGRE_RTShaderSystem...
[0.821s] -- Found OGRE_RTShaderSystem: optimized;/usr/lib/x86_64-linux-gnu/libOgreRTShaderSystem.so;debug;/usr/lib/x86_64-linux-gnu/libOgreRTShaderSystem.so
[0.821s] -- Looking for OGRE_Volume...
[0.826s] -- Found OGRE_Volume: optimized;/usr/lib/x86_64-linux-gnu/libOgreVolume.so;debug;/usr/lib/x86_64-linux-gnu/libOgreVolume.so
[0.826s] -- Looking for OGRE_Overlay...
[0.831s] -- Found OGRE_Overlay: optimized;/usr/lib/x86_64-linux-gnu/libOgreOverlay.so;debug;/usr/lib/x86_64-linux-gnu/libOgreOverlay.so
[0.961s] -- Looking for ignition-math6 -- found version 6.15.1
[0.965s] -- Looking for ignition-transport8 -- found version 8.2.1
[0.965s] -- Searching for dependencies of ignition-transport8
[0.986s] -- Found Protobuf: /usr/lib/x86_64-linux-gnu/libprotobuf.so (found suitable version "3.12.4", minimum required is "3") 
[0.997s] -- Config-file not installed for ZeroMQ -- checking for pkg-config
[1.003s] -- Checking for module 'libzmq >= 4'
[1.022s] --   Found libzmq , version 4.3.4
[1.065s] -- Found ZeroMQ: TRUE (Required is at least version "4") 
[1.071s] -- Checking for module 'uuid'
[1.086s] --   Found uuid, version 2.37.2
[1.127s] -- Found UUID: TRUE  
[1.130s] -- Looking for ignition-msgs5 -- found version 5.8.1
[1.130s] -- Searching for dependencies of ignition-msgs5
[1.149s] -- Looking for ignition-math6 -- found version 6.15.1
[1.154s] -- Checking for module 'tinyxml2'
[1.168s] --   Found tinyxml2, version 9.0.0
[1.201s] -- Looking for ignition-msgs5 -- found version 5.8.1
[1.204s] -- Looking for ignition-common3 -- found version 3.14.0
[1.204s] -- Searching for dependencies of ignition-common3
[1.205s] -- Looking for dlfcn.h - found
[1.207s] -- Looking for libdl - found
[1.208s] -- Found DL: TRUE  
[1.222s] -- Found tinyobjloader: /usr/lib/x86_64-linux-gnu/cmake/tinyobjloader/tinyobjloader-config.cmake (found version "2.0.0") 
[1.222s] -- Searching for <ignition-common3> component [graphics]
[1.224s] -- Looking for ignition-common3-graphics -- found version 3.14.0
[1.225s] -- Searching for dependencies of ignition-common3-graphics
[1.225s] -- Looking for ignition-math6 -- found version 6.15.1
[1.228s] -- Looking for ignition-fuel_tools4 -- found version 4.4.0
[1.228s] -- Searching for dependencies of ignition-fuel_tools4
[1.310s] -- Found CURL: /usr/lib/x86_64-linux-gnu/libcurl.so (found version "7.81.0")  
[1.321s] -- Checking for module 'jsoncpp'
[1.339s] --   Found jsoncpp, version 1.9.5
[1.372s] -- Found JSONCPP: TRUE  
[1.377s] -- Checking for module 'libzip'
[1.391s] --   Found libzip, version 1.7.3
[1.431s] -- Found ZIP: TRUE  
[1.432s] -- Looking for ignition-common3 -- found version 3.14.0
[1.432s] -- Looking for ignition-math6 -- found version 6.15.1
[1.432s] -- Looking for ignition-msgs5 -- found version 5.8.1
[1.437s] -- Found gazebo_ros: 3.9.0 (/opt/ros/humble/share/gazebo_ros/cmake)
[1.584s] -- Found Python3: /usr/bin/python3 (found version "3.10.12") found components: Interpreter 
[1.719s] -- Found rosidl_generator_c: 3.1.7 (/opt/ros/humble/share/rosidl_generator_c/cmake)
[1.725s] -- Found rosidl_adapter: 3.1.7 (/opt/ros/humble/share/rosidl_adapter/cmake)
[1.732s] -- Found rosidl_generator_cpp: 3.1.7 (/opt/ros/humble/share/rosidl_generator_cpp/cmake)
[1.742s] -- Using all available rosidl_typesupport_c: rosidl_typesupport_fastrtps_c;rosidl_typesupport_introspection_c
[1.756s] -- Using all available rosidl_typesupport_cpp: rosidl_typesupport_fastrtps_cpp;rosidl_typesupport_introspection_cpp
[1.793s] -- Found rmw_implementation_cmake: 6.1.2 (/opt/ros/humble/share/rmw_implementation_cmake/cmake)
[1.796s] -- Found rmw_fastrtps_cpp: 6.2.8 (/opt/ros/humble/share/rmw_fastrtps_cpp/cmake)
[1.900s] -- Found OpenSSL: /usr/lib/x86_64-linux-gnu/libcrypto.so (found version "3.0.2")  
[1.928s] -- Found FastRTPS: /opt/ros/humble/include  
[1.968s] -- Using RMW implementation 'rmw_fastrtps_cpp' as default
[1.976s] -- Found Threads: TRUE  
[2.024s] -- Gazebo version: 11.10
[2.024s] -- Checking for module 'tbb'
[2.045s] --   Found tbb, version 2021.5.0
[2.080s] -- Found gazebo_ros_pkgs: 3.9.0 (/opt/ros/humble/share/gazebo_ros_pkgs/cmake)
[2.081s] -- Found sensor_msgs: 4.9.0 (/opt/ros/humble/share/sensor_msgs/cmake)
[2.111s] -- Found nav_msgs: 4.9.0 (/opt/ros/humble/share/nav_msgs/cmake)
[2.126s] -- Found ackermann_msgs: 2.0.2 (/home/yappel/ros2_ws/install/ackermann_msgs/share/ackermann_msgs/cmake)
[2.145s] -- Found tf2: 0.25.16 (/opt/ros/humble/share/tf2/cmake)
[2.154s] -- Found tf2_ros: 0.25.16 (/opt/ros/humble/share/tf2_ros/cmake)
[2.233s] -- Found smartcar_msgs: 0.0.1 (/home/yappel/ros2_ws/install/smartcar_msgs/share/smartcar_msgs/cmake)
[2.302s] -- Configuring done
[2.334s] -- Generating done
[2.339s] -- Build files have been written to: /home/yappel/ros2_ws/build/car_gazebo_plugin
[2.352s] Invoked command in '/home/yappel/ros2_ws/build/car_gazebo_plugin' returned '0': CMAKE_PREFIX_PATH=/home/yappel/ros2_ws/install/ackermann_msgs:/opt/ros/humble:/home/yappel/ros2_ws/install/smartcar_msgs:/home/yappel/ros2_ws/install/smart_car:/home/yappel/ros2_ws/install/car_gazebo_plugin LD_LIBRARY_PATH=/home/yappel/ros2_ws/install/ackermann_msgs/lib:/home/yappel/ros2_ws/install/smartcar_msgs/lib:/home/yappel/ros2_ws/install/car_gazebo_plugin/lib:/usr/lib/x86_64-linux-gnu/gazebo-11/plugins:/opt/ros/humble/opt/rviz_ogre_vendor/lib:/opt/ros/humble/lib/x86_64-linux-gnu:/opt/ros/humble/lib /usr/bin/cmake /home/yappel/ros2_ws/src/car_gazebo_plugin -DCMAKE_INSTALL_PREFIX=/home/yappel/ros2_ws/install/car_gazebo_plugin
[2.353s] Invoking command in '/home/yappel/ros2_ws/build/car_gazebo_plugin': CMAKE_PREFIX_PATH=/home/yappel/ros2_ws/install/ackermann_msgs:/opt/ros/humble:/home/yappel/ros2_ws/install/smartcar_msgs:/home/yappel/ros2_ws/install/smart_car:/home/yappel/ros2_ws/install/car_gazebo_plugin LD_LIBRARY_PATH=/home/yappel/ros2_ws/install/ackermann_msgs/lib:/home/yappel/ros2_ws/install/smartcar_msgs/lib:/home/yappel/ros2_ws/install/car_gazebo_plugin/lib:/usr/lib/x86_64-linux-gnu/gazebo-11/plugins:/opt/ros/humble/opt/rviz_ogre_vendor/lib:/opt/ros/humble/lib/x86_64-linux-gnu:/opt/ros/humble/lib /usr/bin/cmake --build /home/yappel/ros2_ws/build/car_gazebo_plugin -- -j16 -l16
[2.412s] [ 50%] [32mBuilding CXX object CMakeFiles/car_gazebo_plugin.dir/src/car_gazebo_plugin.cpp.o[0m
[22.869s] [100%] [32m[1mLinking CXX shared library libcar_gazebo_plugin.so[0m
[24.010s] [100%] Built target car_gazebo_plugin
[24.020s] Invoked command in '/home/yappel/ros2_ws/build/car_gazebo_plugin' returned '0': CMAKE_PREFIX_PATH=/home/yappel/ros2_ws/install/ackermann_msgs:/opt/ros/humble:/home/yappel/ros2_ws/install/smartcar_msgs:/home/yappel/ros2_ws/install/smart_car:/home/yappel/ros2_ws/install/car_gazebo_plugin LD_LIBRARY_PATH=/home/yappel/ros2_ws/install/ackermann_msgs/lib:/home/yappel/ros2_ws/install/smartcar_msgs/lib:/home/yappel/ros2_ws/install/car_gazebo_plugin/lib:/usr/lib/x86_64-linux-gnu/gazebo-11/plugins:/opt/ros/humble/opt/rviz_ogre_vendor/lib:/opt/ros/humble/lib/x86_64-linux-gnu:/opt/ros/humble/lib /usr/bin/cmake --build /home/yappel/ros2_ws/build/car_gazebo_plugin -- -j16 -l16
[24.022s] Invoking command in '/home/yappel/ros2_ws/build/car_gazebo_plugin': CMAKE_PREFIX_PATH=/home/yappel/ros2_ws/install/ackermann_msgs:/opt/ros/humble:/home/yappel/ros2_ws/install/smartcar_msgs:/home/yappel/ros2_ws/install/smart_car:/home/yappel/ros2_ws/install/car_gazebo_plugin LD_LIBRARY_PATH=/home/yappel/ros2_ws/install/ackermann_msgs/lib:/home/yappel/ros2_ws/install/smartcar_msgs/lib:/home/yappel/ros2_ws/install/car_gazebo_plugin/lib:/usr/lib/x86_64-linux-gnu/gazebo-11/plugins:/opt/ros/humble/opt/rviz_ogre_vendor/lib:/opt/ros/humble/lib/x86_64-linux-gnu:/opt/ros/humble/lib /usr/bin/cmake --install /home/yappel/ros2_ws/build/car_gazebo_plugin
[24.029s] -- Install configuration: ""
[24.030s] -- Installing: /home/yappel/ros2_ws/install/car_gazebo_plugin/share/car_gazebo_plugin/environment/library_path.sh
[24.030s] -- Installing: /home/yappel/ros2_ws/install/car_gazebo_plugin/share/car_gazebo_plugin/environment/library_path.dsv
[24.030s] -- Installing: /home/yappel/ros2_ws/install/car_gazebo_plugin/share/ament_index/resource_index/package_run_dependencies/car_gazebo_plugin
[24.030s] -- Installing: /home/yappel/ros2_ws/install/car_gazebo_plugin/share/ament_index/resource_index/parent_prefix_path/car_gazebo_plugin
[24.030s] -- Installing: /home/yappel/ros2_ws/install/car_gazebo_plugin/share/car_gazebo_plugin/environment/ament_prefix_path.sh
[24.031s] -- Installing: /home/yappel/ros2_ws/install/car_gazebo_plugin/share/car_gazebo_plugin/environment/ament_prefix_path.dsv
[24.031s] -- Installing: /home/yappel/ros2_ws/install/car_gazebo_plugin/share/car_gazebo_plugin/environment/path.sh
[24.031s] -- Installing: /home/yappel/ros2_ws/install/car_gazebo_plugin/share/car_gazebo_plugin/environment/path.dsv
[24.031s] -- Installing: /home/yappel/ros2_ws/install/car_gazebo_plugin/share/car_gazebo_plugin/local_setup.bash
[24.031s] -- Installing: /home/yappel/ros2_ws/install/car_gazebo_plugin/share/car_gazebo_plugin/local_setup.sh
[24.031s] -- Installing: /home/yappel/ros2_ws/install/car_gazebo_plugin/share/car_gazebo_plugin/local_setup.zsh
[24.031s] -- Installing: /home/yappel/ros2_ws/install/car_gazebo_plugin/share/car_gazebo_plugin/local_setup.dsv
[24.032s] -- Installing: /home/yappel/ros2_ws/install/car_gazebo_plugin/share/car_gazebo_plugin/package.dsv
[24.032s] -- Installing: /home/yappel/ros2_ws/install/car_gazebo_plugin/share/ament_index/resource_index/packages/car_gazebo_plugin
[24.032s] -- Installing: /home/yappel/ros2_ws/install/car_gazebo_plugin/share/car_gazebo_plugin/cmake/ament_cmake_export_libraries-extras.cmake
[24.032s] -- Installing: /home/yappel/ros2_ws/install/car_gazebo_plugin/share/car_gazebo_plugin/cmake/ament_cmake_export_include_directories-extras.cmake
[24.033s] -- Installing: /home/yappel/ros2_ws/install/car_gazebo_plugin/share/car_gazebo_plugin/cmake/ament_cmake_export_dependencies-extras.cmake
[24.033s] -- Installing: /home/yappel/ros2_ws/install/car_gazebo_plugin/share/car_gazebo_plugin/cmake/car_gazebo_pluginConfig.cmake
[24.033s] -- Installing: /home/yappel/ros2_ws/install/car_gazebo_plugin/share/car_gazebo_plugin/cmake/car_gazebo_pluginConfig-version.cmake
[24.033s] -- Installing: /home/yappel/ros2_ws/install/car_gazebo_plugin/share/car_gazebo_plugin/package.xml
[24.033s] -- Installing: /home/yappel/ros2_ws/install/car_gazebo_plugin/lib/libcar_gazebo_plugin.so
[24.049s] -- Set runtime path of "/home/yappel/ros2_ws/install/car_gazebo_plugin/lib/libcar_gazebo_plugin.so" to ""
[24.052s] Invoked command in '/home/yappel/ros2_ws/build/car_gazebo_plugin' returned '0': CMAKE_PREFIX_PATH=/home/yappel/ros2_ws/install/ackermann_msgs:/opt/ros/humble:/home/yappel/ros2_ws/install/smartcar_msgs:/home/yappel/ros2_ws/install/smart_car:/home/yappel/ros2_ws/install/car_gazebo_plugin LD_LIBRARY_PATH=/home/yappel/ros2_ws/install/ackermann_msgs/lib:/home/yappel/ros2_ws/install/smartcar_msgs/lib:/home/yappel/ros2_ws/install/car_gazebo_plugin/lib:/usr/lib/x86_64-linux-gnu/gazebo-11/plugins:/opt/ros/humble/opt/rviz_ogre_vendor/lib:/opt/ros/humble/lib/x86_64-linux-gnu:/opt/ros/humble/lib /usr/bin/cmake --install /home/yappel/ros2_ws/build/car_gazebo_plugin
