[0.021s] Invoking command in '/home/yappel/ros2_ws/build/smartcar_msgs': /usr/bin/cmake --build /home/yappel/ros2_ws/build/smartcar_msgs -- -j16 -l16
[0.077s] [35m[1mConsolidate compiler generated dependencies of target smartcar_msgs__rosidl_generator_c[0m
[0.093s] [  4%] Built target smartcar_msgs__cpp
[0.094s] [ 18%] Built target smartcar_msgs__rosidl_generator_c
[0.116s] [35m[1mConsolidate compiler generated dependencies of target smartcar_msgs__rosidl_typesupport_cpp[0m
[0.120s] [35m[1mConsolidate compiler generated dependencies of target smartcar_msgs__rosidl_typesupport_fastrtps_cpp[0m
[0.120s] [35m[1mConsolidate compiler generated dependencies of target smartcar_msgs__rosidl_typesupport_introspection_cpp[0m
[0.121s] [35m[1mConsolidate compiler generated dependencies of target smartcar_msgs__rosidl_typesupport_introspection_c[0m
[0.128s] [35m[1mConsolidate compiler generated dependencies of target smartcar_msgs__rosidl_typesupport_c[0m
[0.130s] [35m[1mConsolidate compiler generated dependencies of target smartcar_msgs__rosidl_typesupport_fastrtps_c[0m
[0.152s] [ 31%] Built target smartcar_msgs__rosidl_typesupport_fastrtps_cpp
[0.154s] [ 45%] Built target smartcar_msgs__rosidl_typesupport_introspection_c
[0.155s] [ 59%] Built target smartcar_msgs__rosidl_typesupport_cpp
[0.157s] [ 72%] Built target smartcar_msgs__rosidl_typesupport_introspection_cpp
[0.158s] [ 86%] Built target smartcar_msgs__rosidl_typesupport_fastrtps_c
[0.159s] [100%] Built target smartcar_msgs__rosidl_typesupport_c
[0.193s] [100%] Built target smartcar_msgs
[0.214s] Invoked command in '/home/yappel/ros2_ws/build/smartcar_msgs' returned '0': /usr/bin/cmake --build /home/yappel/ros2_ws/build/smartcar_msgs -- -j16 -l16
[0.217s] Invoking command in '/home/yappel/ros2_ws/build/smartcar_msgs': /usr/bin/cmake --install /home/yappel/ros2_ws/build/smartcar_msgs
[0.230s] -- Install configuration: ""
[0.230s] -- Up-to-date: /home/yappel/ros2_ws/install/smartcar_msgs/share/ament_index/resource_index/rosidl_interfaces/smartcar_msgs
[0.231s] -- Up-to-date: /home/yappel/ros2_ws/install/smartcar_msgs/include/smartcar_msgs/smartcar_msgs
[0.231s] -- Up-to-date: /home/yappel/ros2_ws/install/smartcar_msgs/include/smartcar_msgs/smartcar_msgs/msg
[0.231s] -- Up-to-date: /home/yappel/ros2_ws/install/smartcar_msgs/include/smartcar_msgs/smartcar_msgs/msg/status.h
[0.231s] -- Up-to-date: /home/yappel/ros2_ws/install/smartcar_msgs/include/smartcar_msgs/smartcar_msgs/msg/detail
[0.231s] -- Up-to-date: /home/yappel/ros2_ws/install/smartcar_msgs/include/smartcar_msgs/smartcar_msgs/msg/detail/status__type_support.h
[0.231s] -- Up-to-date: /home/yappel/ros2_ws/install/smartcar_msgs/include/smartcar_msgs/smartcar_msgs/msg/detail/status__functions.h
[0.232s] -- Up-to-date: /home/yappel/ros2_ws/install/smartcar_msgs/include/smartcar_msgs/smartcar_msgs/msg/detail/status__struct.h
[0.232s] -- Up-to-date: /home/yappel/ros2_ws/install/smartcar_msgs/include/smartcar_msgs/smartcar_msgs/msg/detail/status__functions.c
[0.232s] -- Up-to-date: /home/yappel/ros2_ws/install/smartcar_msgs/include/smartcar_msgs/smartcar_msgs/msg/rosidl_generator_c__visibility_control.h
[0.232s] -- Up-to-date: /home/yappel/ros2_ws/install/smartcar_msgs/share/smartcar_msgs/environment/library_path.sh
[0.232s] -- Up-to-date: /home/yappel/ros2_ws/install/smartcar_msgs/share/smartcar_msgs/environment/library_path.dsv
[0.232s] -- Up-to-date: /home/yappel/ros2_ws/install/smartcar_msgs/lib/libsmartcar_msgs__rosidl_generator_c.so
[0.232s] -- Up-to-date: /home/yappel/ros2_ws/install/smartcar_msgs/include/smartcar_msgs/smartcar_msgs
[0.232s] -- Up-to-date: /home/yappel/ros2_ws/install/smartcar_msgs/include/smartcar_msgs/smartcar_msgs/msg
[0.233s] -- Up-to-date: /home/yappel/ros2_ws/install/smartcar_msgs/include/smartcar_msgs/smartcar_msgs/msg/rosidl_typesupport_fastrtps_c__visibility_control.h
[0.233s] -- Up-to-date: /home/yappel/ros2_ws/install/smartcar_msgs/include/smartcar_msgs/smartcar_msgs/msg/detail
[0.233s] -- Up-to-date: /home/yappel/ros2_ws/install/smartcar_msgs/include/smartcar_msgs/smartcar_msgs/msg/detail/status__rosidl_typesupport_fastrtps_c.h
[0.233s] -- Up-to-date: /home/yappel/ros2_ws/install/smartcar_msgs/lib/libsmartcar_msgs__rosidl_typesupport_fastrtps_c.so
[0.233s] -- Up-to-date: /home/yappel/ros2_ws/install/smartcar_msgs/include/smartcar_msgs/smartcar_msgs
[0.233s] -- Up-to-date: /home/yappel/ros2_ws/install/smartcar_msgs/include/smartcar_msgs/smartcar_msgs/msg
[0.233s] -- Up-to-date: /home/yappel/ros2_ws/install/smartcar_msgs/include/smartcar_msgs/smartcar_msgs/msg/detail
[0.234s] -- Up-to-date: /home/yappel/ros2_ws/install/smartcar_msgs/include/smartcar_msgs/smartcar_msgs/msg/detail/status__builder.hpp
[0.234s] -- Up-to-date: /home/yappel/ros2_ws/install/smartcar_msgs/include/smartcar_msgs/smartcar_msgs/msg/detail/status__type_support.hpp
[0.234s] -- Up-to-date: /home/yappel/ros2_ws/install/smartcar_msgs/include/smartcar_msgs/smartcar_msgs/msg/detail/status__struct.hpp
[0.234s] -- Up-to-date: /home/yappel/ros2_ws/install/smartcar_msgs/include/smartcar_msgs/smartcar_msgs/msg/detail/status__traits.hpp
[0.235s] -- Up-to-date: /home/yappel/ros2_ws/install/smartcar_msgs/include/smartcar_msgs/smartcar_msgs/msg/status.hpp
[0.235s] -- Up-to-date: /home/yappel/ros2_ws/install/smartcar_msgs/include/smartcar_msgs/smartcar_msgs/msg/rosidl_generator_cpp__visibility_control.hpp
[0.235s] -- Up-to-date: /home/yappel/ros2_ws/install/smartcar_msgs/include/smartcar_msgs/smartcar_msgs
[0.235s] -- Up-to-date: /home/yappel/ros2_ws/install/smartcar_msgs/include/smartcar_msgs/smartcar_msgs/msg
[0.236s] -- Up-to-date: /home/yappel/ros2_ws/install/smartcar_msgs/include/smartcar_msgs/smartcar_msgs/msg/detail
[0.236s] -- Up-to-date: /home/yappel/ros2_ws/install/smartcar_msgs/include/smartcar_msgs/smartcar_msgs/msg/detail/status__rosidl_typesupport_fastrtps_cpp.hpp
[0.236s] -- Up-to-date: /home/yappel/ros2_ws/install/smartcar_msgs/include/smartcar_msgs/smartcar_msgs/msg/detail/dds_fastrtps
[0.236s] -- Up-to-date: /home/yappel/ros2_ws/install/smartcar_msgs/include/smartcar_msgs/smartcar_msgs/msg/rosidl_typesupport_fastrtps_cpp__visibility_control.h
[0.236s] -- Up-to-date: /home/yappel/ros2_ws/install/smartcar_msgs/lib/libsmartcar_msgs__rosidl_typesupport_fastrtps_cpp.so
[0.237s] -- Up-to-date: /home/yappel/ros2_ws/install/smartcar_msgs/include/smartcar_msgs/smartcar_msgs
[0.237s] -- Up-to-date: /home/yappel/ros2_ws/install/smartcar_msgs/include/smartcar_msgs/smartcar_msgs/msg
[0.237s] -- Up-to-date: /home/yappel/ros2_ws/install/smartcar_msgs/include/smartcar_msgs/smartcar_msgs/msg/rosidl_typesupport_introspection_c__visibility_control.h
[0.237s] -- Up-to-date: /home/yappel/ros2_ws/install/smartcar_msgs/include/smartcar_msgs/smartcar_msgs/msg/detail
[0.237s] -- Up-to-date: /home/yappel/ros2_ws/install/smartcar_msgs/include/smartcar_msgs/smartcar_msgs/msg/detail/status__type_support.c
[0.238s] -- Up-to-date: /home/yappel/ros2_ws/install/smartcar_msgs/include/smartcar_msgs/smartcar_msgs/msg/detail/status__rosidl_typesupport_introspection_c.h
[0.238s] -- Up-to-date: /home/yappel/ros2_ws/install/smartcar_msgs/lib/libsmartcar_msgs__rosidl_typesupport_introspection_c.so
[0.238s] -- Up-to-date: /home/yappel/ros2_ws/install/smartcar_msgs/lib/libsmartcar_msgs__rosidl_typesupport_c.so
[0.238s] -- Up-to-date: /home/yappel/ros2_ws/install/smartcar_msgs/include/smartcar_msgs/smartcar_msgs
[0.238s] -- Up-to-date: /home/yappel/ros2_ws/install/smartcar_msgs/include/smartcar_msgs/smartcar_msgs/msg
[0.238s] -- Up-to-date: /home/yappel/ros2_ws/install/smartcar_msgs/include/smartcar_msgs/smartcar_msgs/msg/detail
[0.238s] -- Up-to-date: /home/yappel/ros2_ws/install/smartcar_msgs/include/smartcar_msgs/smartcar_msgs/msg/detail/status__rosidl_typesupport_introspection_cpp.hpp
[0.238s] -- Up-to-date: /home/yappel/ros2_ws/install/smartcar_msgs/include/smartcar_msgs/smartcar_msgs/msg/detail/status__type_support.cpp
[0.238s] -- Up-to-date: /home/yappel/ros2_ws/install/smartcar_msgs/lib/libsmartcar_msgs__rosidl_typesupport_introspection_cpp.so
[0.239s] -- Up-to-date: /home/yappel/ros2_ws/install/smartcar_msgs/lib/libsmartcar_msgs__rosidl_typesupport_cpp.so
[0.239s] -- Up-to-date: /home/yappel/ros2_ws/install/smartcar_msgs/share/smartcar_msgs/msg/Status.idl
[0.239s] -- Up-to-date: /home/yappel/ros2_ws/install/smartcar_msgs/share/smartcar_msgs/msg/Status.msg
[0.239s] -- Up-to-date: /home/yappel/ros2_ws/install/smartcar_msgs/share/ament_index/resource_index/package_run_dependencies/smartcar_msgs
[0.239s] -- Up-to-date: /home/yappel/ros2_ws/install/smartcar_msgs/share/ament_index/resource_index/parent_prefix_path/smartcar_msgs
[0.239s] -- Up-to-date: /home/yappel/ros2_ws/install/smartcar_msgs/share/smartcar_msgs/environment/ament_prefix_path.sh
[0.239s] -- Up-to-date: /home/yappel/ros2_ws/install/smartcar_msgs/share/smartcar_msgs/environment/ament_prefix_path.dsv
[0.239s] -- Up-to-date: /home/yappel/ros2_ws/install/smartcar_msgs/share/smartcar_msgs/environment/path.sh
[0.239s] -- Up-to-date: /home/yappel/ros2_ws/install/smartcar_msgs/share/smartcar_msgs/environment/path.dsv
[0.240s] -- Up-to-date: /home/yappel/ros2_ws/install/smartcar_msgs/share/smartcar_msgs/local_setup.bash
[0.240s] -- Up-to-date: /home/yappel/ros2_ws/install/smartcar_msgs/share/smartcar_msgs/local_setup.sh
[0.240s] -- Up-to-date: /home/yappel/ros2_ws/install/smartcar_msgs/share/smartcar_msgs/local_setup.zsh
[0.240s] -- Up-to-date: /home/yappel/ros2_ws/install/smartcar_msgs/share/smartcar_msgs/local_setup.dsv
[0.240s] -- Installing: /home/yappel/ros2_ws/install/smartcar_msgs/share/smartcar_msgs/package.dsv
[0.240s] -- Up-to-date: /home/yappel/ros2_ws/install/smartcar_msgs/share/ament_index/resource_index/packages/smartcar_msgs
[0.240s] -- Up-to-date: /home/yappel/ros2_ws/install/smartcar_msgs/share/smartcar_msgs/cmake/export_smartcar_msgs__rosidl_generator_cExport.cmake
[0.240s] -- Up-to-date: /home/yappel/ros2_ws/install/smartcar_msgs/share/smartcar_msgs/cmake/export_smartcar_msgs__rosidl_generator_cExport-noconfig.cmake
[0.240s] -- Up-to-date: /home/yappel/ros2_ws/install/smartcar_msgs/share/smartcar_msgs/cmake/export_smartcar_msgs__rosidl_typesupport_fastrtps_cExport.cmake
[0.240s] -- Up-to-date: /home/yappel/ros2_ws/install/smartcar_msgs/share/smartcar_msgs/cmake/export_smartcar_msgs__rosidl_typesupport_fastrtps_cExport-noconfig.cmake
[0.240s] -- Up-to-date: /home/yappel/ros2_ws/install/smartcar_msgs/share/smartcar_msgs/cmake/export_smartcar_msgs__rosidl_generator_cppExport.cmake
[0.241s] -- Up-to-date: /home/yappel/ros2_ws/install/smartcar_msgs/share/smartcar_msgs/cmake/export_smartcar_msgs__rosidl_typesupport_fastrtps_cppExport.cmake
[0.241s] -- Up-to-date: /home/yappel/ros2_ws/install/smartcar_msgs/share/smartcar_msgs/cmake/export_smartcar_msgs__rosidl_typesupport_fastrtps_cppExport-noconfig.cmake
[0.241s] -- Up-to-date: /home/yappel/ros2_ws/install/smartcar_msgs/share/smartcar_msgs/cmake/smartcar_msgs__rosidl_typesupport_introspection_cExport.cmake
[0.241s] -- Up-to-date: /home/yappel/ros2_ws/install/smartcar_msgs/share/smartcar_msgs/cmake/smartcar_msgs__rosidl_typesupport_introspection_cExport-noconfig.cmake
[0.241s] -- Up-to-date: /home/yappel/ros2_ws/install/smartcar_msgs/share/smartcar_msgs/cmake/smartcar_msgs__rosidl_typesupport_cExport.cmake
[0.241s] -- Up-to-date: /home/yappel/ros2_ws/install/smartcar_msgs/share/smartcar_msgs/cmake/smartcar_msgs__rosidl_typesupport_cExport-noconfig.cmake
[0.241s] -- Up-to-date: /home/yappel/ros2_ws/install/smartcar_msgs/share/smartcar_msgs/cmake/smartcar_msgs__rosidl_typesupport_introspection_cppExport.cmake
[0.241s] -- Up-to-date: /home/yappel/ros2_ws/install/smartcar_msgs/share/smartcar_msgs/cmake/smartcar_msgs__rosidl_typesupport_introspection_cppExport-noconfig.cmake
[0.241s] -- Up-to-date: /home/yappel/ros2_ws/install/smartcar_msgs/share/smartcar_msgs/cmake/smartcar_msgs__rosidl_typesupport_cppExport.cmake
[0.241s] -- Up-to-date: /home/yappel/ros2_ws/install/smartcar_msgs/share/smartcar_msgs/cmake/smartcar_msgs__rosidl_typesupport_cppExport-noconfig.cmake
[0.241s] -- Up-to-date: /home/yappel/ros2_ws/install/smartcar_msgs/share/smartcar_msgs/cmake/rosidl_cmake-extras.cmake
[0.241s] -- Up-to-date: /home/yappel/ros2_ws/install/smartcar_msgs/share/smartcar_msgs/cmake/ament_cmake_export_include_directories-extras.cmake
[0.241s] -- Up-to-date: /home/yappel/ros2_ws/install/smartcar_msgs/share/smartcar_msgs/cmake/ament_cmake_export_libraries-extras.cmake
[0.241s] -- Up-to-date: /home/yappel/ros2_ws/install/smartcar_msgs/share/smartcar_msgs/cmake/ament_cmake_export_targets-extras.cmake
[0.241s] -- Up-to-date: /home/yappel/ros2_ws/install/smartcar_msgs/share/smartcar_msgs/cmake/rosidl_cmake_export_typesupport_targets-extras.cmake
[0.241s] -- Up-to-date: /home/yappel/ros2_ws/install/smartcar_msgs/share/smartcar_msgs/cmake/ament_cmake_export_dependencies-extras.cmake
[0.242s] -- Up-to-date: /home/yappel/ros2_ws/install/smartcar_msgs/share/smartcar_msgs/cmake/rosidl_cmake_export_typesupport_libraries-extras.cmake
[0.242s] -- Up-to-date: /home/yappel/ros2_ws/install/smartcar_msgs/share/smartcar_msgs/cmake/smartcar_msgsConfig.cmake
[0.242s] -- Up-to-date: /home/yappel/ros2_ws/install/smartcar_msgs/share/smartcar_msgs/cmake/smartcar_msgsConfig-version.cmake
[0.242s] -- Up-to-date: /home/yappel/ros2_ws/install/smartcar_msgs/share/smartcar_msgs/package.xml
[0.245s] Invoked command in '/home/yappel/ros2_ws/build/smartcar_msgs' returned '0': /usr/bin/cmake --install /home/yappel/ros2_ws/build/smartcar_msgs
