[0.018s] Invoking command in '/home/yappel/ros2_ws/build/smart_car': CMAKE_PREFIX_PATH=${CMAKE_PREFIX_PATH}:/opt/ros/humble /usr/bin/cmake /home/yappel/ros2_ws/src/smart_car -DCMAKE_INSTALL_PREFIX=/home/yappel/ros2_ws/install/smart_car
[0.095s] -- The C compiler identification is GNU 11.4.0
[0.162s] -- The CXX compiler identification is GNU 11.4.0
[0.169s] -- Detecting C compiler ABI info
[0.247s] -- Detecting C compiler ABI info - done
[0.254s] -- Check for working C compiler: /usr/bin/cc - skipped
[0.254s] -- Detecting C compile features
[0.254s] -- Detecting C compile features - done
[0.257s] -- Detecting CXX compiler ABI info
[0.351s] -- Detecting CXX compiler ABI info - done
[0.357s] -- Check for working CXX compiler: /usr/bin/c++ - skipped
[0.357s] -- Detecting CXX compile features
[0.358s] -- Detecting CXX compile features - done
[0.361s] -- Found ament_cmake: 1.3.12 (/opt/ros/humble/share/ament_cmake/cmake)
[0.559s] -- Found Python3: /usr/bin/python3 (found version "3.10.12") found components: Interpreter 
[0.663s] -- Found ament_lint_auto: 0.12.14 (/opt/ros/humble/share/ament_lint_auto/cmake)
[0.744s] -- Added test 'flake8' to check Python code syntax and style conventions
[0.744s] -- Added test 'lint_cmake' to check CMake code style
[0.745s] -- Added test 'pep257' to check Python code against some of the docstring style conventions in PEP 257
[0.747s] -- Added test 'xmllint' to check XML markup files
[0.748s] -- Configuring done
[0.751s] -- Generating done
[0.753s] -- Build files have been written to: /home/yappel/ros2_ws/build/smart_car
[0.760s] Invoked command in '/home/yappel/ros2_ws/build/smart_car' returned '0': CMAKE_PREFIX_PATH=${CMAKE_PREFIX_PATH}:/opt/ros/humble /usr/bin/cmake /home/yappel/ros2_ws/src/smart_car -DCMAKE_INSTALL_PREFIX=/home/yappel/ros2_ws/install/smart_car
[0.762s] Invoking command in '/home/yappel/ros2_ws/build/smart_car': CMAKE_PREFIX_PATH=${CMAKE_PREFIX_PATH}:/opt/ros/humble /usr/bin/cmake --build /home/yappel/ros2_ws/build/smart_car -- -j16 -l16
[0.820s] Invoked command in '/home/yappel/ros2_ws/build/smart_car' returned '0': CMAKE_PREFIX_PATH=${CMAKE_PREFIX_PATH}:/opt/ros/humble /usr/bin/cmake --build /home/yappel/ros2_ws/build/smart_car -- -j16 -l16
[0.830s] Invoking command in '/home/yappel/ros2_ws/build/smart_car': CMAKE_PREFIX_PATH=${CMAKE_PREFIX_PATH}:/opt/ros/humble /usr/bin/cmake --install /home/yappel/ros2_ws/build/smart_car
[0.841s] -- Install configuration: ""
[0.841s] -- Installing: /home/yappel/ros2_ws/install/smart_car/lib/smart_car/joint_state_publisher.py
[0.841s] -- Installing: /home/yappel/ros2_ws/install/smart_car/share/smart_car//launch
[0.841s] -- Installing: /home/yappel/ros2_ws/install/smart_car/share/smart_car//launch/sim.launch.py
[0.842s] -- Installing: /home/yappel/ros2_ws/install/smart_car/share/smart_car//urdf
[0.842s] -- Installing: /home/yappel/ros2_ws/install/smart_car/share/smart_car//urdf/smart_car.urdf
[0.842s] -- Installing: /home/yappel/ros2_ws/install/smart_car/share/smart_car//urdf/smartcar.urdf.xacro
[0.842s] -- Installing: /home/yappel/ros2_ws/install/smart_car/share/smart_car//worlds
[0.842s] -- Installing: /home/yappel/ros2_ws/install/smart_car/share/smart_car//worlds/empty.world
[0.842s] -- Installing: /home/yappel/ros2_ws/install/smart_car/share/smart_car//worlds/smalltown.world
[0.842s] -- Installing: /home/yappel/ros2_ws/install/smart_car/share/ament_index/resource_index/package_run_dependencies/smart_car
[0.843s] -- Installing: /home/yappel/ros2_ws/install/smart_car/share/ament_index/resource_index/parent_prefix_path/smart_car
[0.843s] -- Installing: /home/yappel/ros2_ws/install/smart_car/share/smart_car/environment/ament_prefix_path.sh
[0.843s] -- Installing: /home/yappel/ros2_ws/install/smart_car/share/smart_car/environment/ament_prefix_path.dsv
[0.843s] -- Installing: /home/yappel/ros2_ws/install/smart_car/share/smart_car/environment/path.sh
[0.843s] -- Installing: /home/yappel/ros2_ws/install/smart_car/share/smart_car/environment/path.dsv
[0.844s] -- Installing: /home/yappel/ros2_ws/install/smart_car/share/smart_car/local_setup.bash
[0.844s] -- Installing: /home/yappel/ros2_ws/install/smart_car/share/smart_car/local_setup.sh
[0.844s] -- Installing: /home/yappel/ros2_ws/install/smart_car/share/smart_car/local_setup.zsh
[0.844s] -- Installing: /home/yappel/ros2_ws/install/smart_car/share/smart_car/local_setup.dsv
[0.844s] -- Installing: /home/yappel/ros2_ws/install/smart_car/share/smart_car/package.dsv
[0.844s] -- Installing: /home/yappel/ros2_ws/install/smart_car/share/ament_index/resource_index/packages/smart_car
[0.845s] -- Installing: /home/yappel/ros2_ws/install/smart_car/share/smart_car/cmake/smart_carConfig.cmake
[0.845s] -- Installing: /home/yappel/ros2_ws/install/smart_car/share/smart_car/cmake/smart_carConfig-version.cmake
[0.845s] -- Installing: /home/yappel/ros2_ws/install/smart_car/share/smart_car/package.xml
[0.848s] Invoked command in '/home/yappel/ros2_ws/build/smart_car' returned '0': CMAKE_PREFIX_PATH=${CMAKE_PREFIX_PATH}:/opt/ros/humble /usr/bin/cmake --install /home/yappel/ros2_ws/build/smart_car
