[0.083s] DEBUG:colcon:Command line arguments: ['/usr/bin/colcon', 'build']
[0.083s] DEBUG:colcon:Parsed command line arguments: Namespace(log_base=None, log_level=None, verb_name='build', build_base='build', install_base='install', merge_install=False, symlink_install=False, test_result_base=None, continue_on_error=False, executor='parallel', parallel_workers=16, event_handlers=None, ignore_user_meta=False, metas=['./colcon.meta'], base_paths=['.'], packages_ignore=None, packages_ignore_regex=None, paths=None, packages_up_to=None, packages_up_to_regex=None, packages_above=None, packages_above_and_dependencies=None, packages_above_depth=None, packages_select_by_dep=None, packages_skip_by_dep=None, packages_skip_up_to=None, packages_select_build_failed=False, packages_skip_build_finished=False, packages_select_test_failures=False, packages_skip_test_passed=False, packages_select=None, packages_skip=None, packages_select_regex=None, packages_skip_regex=None, packages_start=None, packages_end=None, allow_overriding=[], cmake_args=None, cmake_target=None, cmake_target_skip_unavailable=False, cmake_clean_cache=False, cmake_clean_first=False, cmake_force_configure=False, ament_cmake_args=None, catkin_cmake_args=None, catkin_skip_building_tests=False, verb_parser=<colcon_defaults.argument_parser.defaults.DefaultArgumentsDecorator object at 0x74f9efd0d270>, verb_extension=<colcon_core.verb.build.BuildVerb object at 0x74f9efd0cd90>, main=<bound method BuildVerb.main of <colcon_core.verb.build.BuildVerb object at 0x74f9efd0cd90>>)
[0.246s] Level 1:colcon.colcon_core.package_discovery:discover_packages(colcon_meta) check parameters
[0.246s] Level 1:colcon.colcon_core.package_discovery:discover_packages(recursive) check parameters
[0.246s] Level 1:colcon.colcon_core.package_discovery:discover_packages(ignore) check parameters
[0.246s] Level 1:colcon.colcon_core.package_discovery:discover_packages(path) check parameters
[0.246s] Level 1:colcon.colcon_core.package_discovery:discover_packages(colcon_meta) discover
[0.246s] Level 1:colcon.colcon_core.package_discovery:discover_packages(recursive) discover
[0.246s] INFO:colcon.colcon_core.package_discovery:Crawling recursively for packages in '/home/yappel/ros2_ws'
[0.246s] Level 1:colcon.colcon_core.package_identification:_identify(.) by extensions ['ignore', 'ignore_ament_install']
[0.246s] Level 1:colcon.colcon_core.package_identification:_identify(.) by extension 'ignore'
[0.246s] Level 1:colcon.colcon_core.package_identification:_identify(.) by extension 'ignore_ament_install'
[0.246s] Level 1:colcon.colcon_core.package_identification:_identify(.) by extensions ['colcon_pkg']
[0.246s] Level 1:colcon.colcon_core.package_identification:_identify(.) by extension 'colcon_pkg'
[0.246s] Level 1:colcon.colcon_core.package_identification:_identify(.) by extensions ['colcon_meta']
[0.246s] Level 1:colcon.colcon_core.package_identification:_identify(.) by extension 'colcon_meta'
[0.246s] Level 1:colcon.colcon_core.package_identification:_identify(.) by extensions ['ros']
[0.246s] Level 1:colcon.colcon_core.package_identification:_identify(.) by extension 'ros'
[0.265s] Level 1:colcon.colcon_core.package_identification:_identify(.) by extensions ['cmake', 'python']
[0.265s] Level 1:colcon.colcon_core.package_identification:_identify(.) by extension 'cmake'
[0.265s] Level 1:colcon.colcon_core.package_identification:_identify(.) by extension 'python'
[0.265s] Level 1:colcon.colcon_core.package_identification:_identify(.) by extensions ['python_setup_py']
[0.265s] Level 1:colcon.colcon_core.package_identification:_identify(.) by extension 'python_setup_py'
[0.266s] Level 1:colcon.colcon_core.package_identification:_identify(build) by extensions ['ignore', 'ignore_ament_install']
[0.266s] Level 1:colcon.colcon_core.package_identification:_identify(build) by extension 'ignore'
[0.266s] Level 1:colcon.colcon_core.package_identification:_identify(build) ignored
[0.266s] Level 1:colcon.colcon_core.package_identification:_identify(install) by extensions ['ignore', 'ignore_ament_install']
[0.266s] Level 1:colcon.colcon_core.package_identification:_identify(install) by extension 'ignore'
[0.266s] Level 1:colcon.colcon_core.package_identification:_identify(install) ignored
[0.266s] Level 1:colcon.colcon_core.package_identification:_identify(log) by extensions ['ignore', 'ignore_ament_install']
[0.266s] Level 1:colcon.colcon_core.package_identification:_identify(log) by extension 'ignore'
[0.266s] Level 1:colcon.colcon_core.package_identification:_identify(log) ignored
[0.266s] Level 1:colcon.colcon_core.package_identification:_identify(src) by extensions ['ignore', 'ignore_ament_install']
[0.266s] Level 1:colcon.colcon_core.package_identification:_identify(src) by extension 'ignore'
[0.266s] Level 1:colcon.colcon_core.package_identification:_identify(src) by extension 'ignore_ament_install'
[0.266s] Level 1:colcon.colcon_core.package_identification:_identify(src) by extensions ['colcon_pkg']
[0.266s] Level 1:colcon.colcon_core.package_identification:_identify(src) by extension 'colcon_pkg'
[0.266s] Level 1:colcon.colcon_core.package_identification:_identify(src) by extensions ['colcon_meta']
[0.266s] Level 1:colcon.colcon_core.package_identification:_identify(src) by extension 'colcon_meta'
[0.266s] Level 1:colcon.colcon_core.package_identification:_identify(src) by extensions ['ros']
[0.266s] Level 1:colcon.colcon_core.package_identification:_identify(src) by extension 'ros'
[0.267s] Level 1:colcon.colcon_core.package_identification:_identify(src) by extensions ['cmake', 'python']
[0.267s] Level 1:colcon.colcon_core.package_identification:_identify(src) by extension 'cmake'
[0.267s] Level 1:colcon.colcon_core.package_identification:_identify(src) by extension 'python'
[0.267s] Level 1:colcon.colcon_core.package_identification:_identify(src) by extensions ['python_setup_py']
[0.267s] Level 1:colcon.colcon_core.package_identification:_identify(src) by extension 'python_setup_py'
[0.267s] Level 1:colcon.colcon_core.package_identification:_identify(src/ackermann_msgs) by extensions ['ignore', 'ignore_ament_install']
[0.267s] Level 1:colcon.colcon_core.package_identification:_identify(src/ackermann_msgs) by extension 'ignore'
[0.267s] Level 1:colcon.colcon_core.package_identification:_identify(src/ackermann_msgs) by extension 'ignore_ament_install'
[0.267s] Level 1:colcon.colcon_core.package_identification:_identify(src/ackermann_msgs) by extensions ['colcon_pkg']
[0.267s] Level 1:colcon.colcon_core.package_identification:_identify(src/ackermann_msgs) by extension 'colcon_pkg'
[0.267s] Level 1:colcon.colcon_core.package_identification:_identify(src/ackermann_msgs) by extensions ['colcon_meta']
[0.267s] Level 1:colcon.colcon_core.package_identification:_identify(src/ackermann_msgs) by extension 'colcon_meta'
[0.267s] Level 1:colcon.colcon_core.package_identification:_identify(src/ackermann_msgs) by extensions ['ros']
[0.267s] Level 1:colcon.colcon_core.package_identification:_identify(src/ackermann_msgs) by extension 'ros'
[0.269s] DEBUG:colcon.colcon_core.package_identification:Package 'src/ackermann_msgs' with type 'ros.ament_cmake' and name 'ackermann_msgs'
[0.269s] Level 1:colcon.colcon_core.package_identification:_identify(src/car_gazebo_plugin) by extensions ['ignore', 'ignore_ament_install']
[0.269s] Level 1:colcon.colcon_core.package_identification:_identify(src/car_gazebo_plugin) by extension 'ignore'
[0.269s] Level 1:colcon.colcon_core.package_identification:_identify(src/car_gazebo_plugin) by extension 'ignore_ament_install'
[0.269s] Level 1:colcon.colcon_core.package_identification:_identify(src/car_gazebo_plugin) by extensions ['colcon_pkg']
[0.269s] Level 1:colcon.colcon_core.package_identification:_identify(src/car_gazebo_plugin) by extension 'colcon_pkg'
[0.269s] Level 1:colcon.colcon_core.package_identification:_identify(src/car_gazebo_plugin) by extensions ['colcon_meta']
[0.269s] Level 1:colcon.colcon_core.package_identification:_identify(src/car_gazebo_plugin) by extension 'colcon_meta'
[0.269s] Level 1:colcon.colcon_core.package_identification:_identify(src/car_gazebo_plugin) by extensions ['ros']
[0.269s] Level 1:colcon.colcon_core.package_identification:_identify(src/car_gazebo_plugin) by extension 'ros'
[0.270s] DEBUG:colcon.colcon_core.package_identification:Package 'src/car_gazebo_plugin' with type 'ros.ament_cmake' and name 'car_gazebo_plugin'
[0.270s] Level 1:colcon.colcon_core.package_identification:_identify(src/nav2_map) by extensions ['ignore', 'ignore_ament_install']
[0.270s] Level 1:colcon.colcon_core.package_identification:_identify(src/nav2_map) by extension 'ignore'
[0.270s] Level 1:colcon.colcon_core.package_identification:_identify(src/nav2_map) by extension 'ignore_ament_install'
[0.270s] Level 1:colcon.colcon_core.package_identification:_identify(src/nav2_map) by extensions ['colcon_pkg']
[0.270s] Level 1:colcon.colcon_core.package_identification:_identify(src/nav2_map) by extension 'colcon_pkg'
[0.270s] Level 1:colcon.colcon_core.package_identification:_identify(src/nav2_map) by extensions ['colcon_meta']
[0.270s] Level 1:colcon.colcon_core.package_identification:_identify(src/nav2_map) by extension 'colcon_meta'
[0.270s] Level 1:colcon.colcon_core.package_identification:_identify(src/nav2_map) by extensions ['ros']
[0.270s] Level 1:colcon.colcon_core.package_identification:_identify(src/nav2_map) by extension 'ros'
[0.270s] Level 1:colcon.colcon_core.package_identification:_identify(src/nav2_map) by extensions ['cmake', 'python']
[0.270s] Level 1:colcon.colcon_core.package_identification:_identify(src/nav2_map) by extension 'cmake'
[0.270s] Level 1:colcon.colcon_core.package_identification:_identify(src/nav2_map) by extension 'python'
[0.270s] Level 1:colcon.colcon_core.package_identification:_identify(src/nav2_map) by extensions ['python_setup_py']
[0.270s] Level 1:colcon.colcon_core.package_identification:_identify(src/nav2_map) by extension 'python_setup_py'
[0.270s] Level 1:colcon.colcon_core.package_identification:_identify(src/smart_car) by extensions ['ignore', 'ignore_ament_install']
[0.270s] Level 1:colcon.colcon_core.package_identification:_identify(src/smart_car) by extension 'ignore'
[0.271s] Level 1:colcon.colcon_core.package_identification:_identify(src/smart_car) by extension 'ignore_ament_install'
[0.271s] Level 1:colcon.colcon_core.package_identification:_identify(src/smart_car) by extensions ['colcon_pkg']
[0.271s] Level 1:colcon.colcon_core.package_identification:_identify(src/smart_car) by extension 'colcon_pkg'
[0.271s] Level 1:colcon.colcon_core.package_identification:_identify(src/smart_car) by extensions ['colcon_meta']
[0.271s] Level 1:colcon.colcon_core.package_identification:_identify(src/smart_car) by extension 'colcon_meta'
[0.271s] Level 1:colcon.colcon_core.package_identification:_identify(src/smart_car) by extensions ['ros']
[0.271s] Level 1:colcon.colcon_core.package_identification:_identify(src/smart_car) by extension 'ros'
[0.271s] DEBUG:colcon.colcon_core.package_identification:Package 'src/smart_car' with type 'ros.ament_cmake' and name 'smart_car'
[0.271s] Level 1:colcon.colcon_core.package_identification:_identify(src/smartcar_msgs) by extensions ['ignore', 'ignore_ament_install']
[0.271s] Level 1:colcon.colcon_core.package_identification:_identify(src/smartcar_msgs) by extension 'ignore'
[0.271s] Level 1:colcon.colcon_core.package_identification:_identify(src/smartcar_msgs) by extension 'ignore_ament_install'
[0.271s] Level 1:colcon.colcon_core.package_identification:_identify(src/smartcar_msgs) by extensions ['colcon_pkg']
[0.271s] Level 1:colcon.colcon_core.package_identification:_identify(src/smartcar_msgs) by extension 'colcon_pkg'
[0.271s] Level 1:colcon.colcon_core.package_identification:_identify(src/smartcar_msgs) by extensions ['colcon_meta']
[0.271s] Level 1:colcon.colcon_core.package_identification:_identify(src/smartcar_msgs) by extension 'colcon_meta'
[0.271s] Level 1:colcon.colcon_core.package_identification:_identify(src/smartcar_msgs) by extensions ['ros']
[0.271s] Level 1:colcon.colcon_core.package_identification:_identify(src/smartcar_msgs) by extension 'ros'
[0.272s] DEBUG:colcon.colcon_core.package_identification:Package 'src/smartcar_msgs' with type 'ros.catkin' and name 'smartcar_msgs'
[0.272s] Level 1:colcon.colcon_core.package_discovery:discover_packages(recursive) using defaults
[0.272s] Level 1:colcon.colcon_core.package_discovery:discover_packages(ignore) discover
[0.272s] Level 1:colcon.colcon_core.package_discovery:discover_packages(ignore) using defaults
[0.272s] Level 1:colcon.colcon_core.package_discovery:discover_packages(path) discover
[0.272s] Level 1:colcon.colcon_core.package_discovery:discover_packages(path) using defaults
[0.287s] Level 1:colcon.colcon_core.package_discovery:discover_packages(prefix_path) check parameters
[0.287s] Level 1:colcon.colcon_core.package_discovery:discover_packages(prefix_path) discover
[0.288s] DEBUG:colcon.colcon_installed_package_information.package_discovery:Found 4 installed packages in /home/yappel/ros2_ws/install
[0.290s] DEBUG:colcon.colcon_installed_package_information.package_discovery:Found 312 installed packages in /opt/ros/humble
[0.292s] Level 1:colcon.colcon_core.package_discovery:discover_packages(prefix_path) using defaults
[0.324s] Level 5:colcon.colcon_core.verb:set package 'ackermann_msgs' build argument 'cmake_args' from command line to 'None'
[0.324s] Level 5:colcon.colcon_core.verb:set package 'ackermann_msgs' build argument 'cmake_target' from command line to 'None'
[0.324s] Level 5:colcon.colcon_core.verb:set package 'ackermann_msgs' build argument 'cmake_target_skip_unavailable' from command line to 'False'
[0.325s] Level 5:colcon.colcon_core.verb:set package 'ackermann_msgs' build argument 'cmake_clean_cache' from command line to 'False'
[0.325s] Level 5:colcon.colcon_core.verb:set package 'ackermann_msgs' build argument 'cmake_clean_first' from command line to 'False'
[0.325s] Level 5:colcon.colcon_core.verb:set package 'ackermann_msgs' build argument 'cmake_force_configure' from command line to 'False'
[0.325s] Level 5:colcon.colcon_core.verb:set package 'ackermann_msgs' build argument 'ament_cmake_args' from command line to 'None'
[0.325s] Level 5:colcon.colcon_core.verb:set package 'ackermann_msgs' build argument 'catkin_cmake_args' from command line to 'None'
[0.325s] Level 5:colcon.colcon_core.verb:set package 'ackermann_msgs' build argument 'catkin_skip_building_tests' from command line to 'False'
[0.325s] DEBUG:colcon.colcon_core.verb:Building package 'ackermann_msgs' with the following arguments: {'ament_cmake_args': None, 'build_base': '/home/yappel/ros2_ws/build/ackermann_msgs', 'catkin_cmake_args': None, 'catkin_skip_building_tests': False, 'cmake_args': None, 'cmake_clean_cache': False, 'cmake_clean_first': False, 'cmake_force_configure': False, 'cmake_target': None, 'cmake_target_skip_unavailable': False, 'install_base': '/home/yappel/ros2_ws/install/ackermann_msgs', 'merge_install': False, 'path': '/home/yappel/ros2_ws/src/ackermann_msgs', 'symlink_install': False, 'test_result_base': None}
[0.325s] Level 5:colcon.colcon_core.verb:set package 'smart_car' build argument 'cmake_args' from command line to 'None'
[0.325s] Level 5:colcon.colcon_core.verb:set package 'smart_car' build argument 'cmake_target' from command line to 'None'
[0.325s] Level 5:colcon.colcon_core.verb:set package 'smart_car' build argument 'cmake_target_skip_unavailable' from command line to 'False'
[0.325s] Level 5:colcon.colcon_core.verb:set package 'smart_car' build argument 'cmake_clean_cache' from command line to 'False'
[0.325s] Level 5:colcon.colcon_core.verb:set package 'smart_car' build argument 'cmake_clean_first' from command line to 'False'
[0.325s] Level 5:colcon.colcon_core.verb:set package 'smart_car' build argument 'cmake_force_configure' from command line to 'False'
[0.325s] Level 5:colcon.colcon_core.verb:set package 'smart_car' build argument 'ament_cmake_args' from command line to 'None'
[0.325s] Level 5:colcon.colcon_core.verb:set package 'smart_car' build argument 'catkin_cmake_args' from command line to 'None'
[0.325s] Level 5:colcon.colcon_core.verb:set package 'smart_car' build argument 'catkin_skip_building_tests' from command line to 'False'
[0.325s] DEBUG:colcon.colcon_core.verb:Building package 'smart_car' with the following arguments: {'ament_cmake_args': None, 'build_base': '/home/yappel/ros2_ws/build/smart_car', 'catkin_cmake_args': None, 'catkin_skip_building_tests': False, 'cmake_args': None, 'cmake_clean_cache': False, 'cmake_clean_first': False, 'cmake_force_configure': False, 'cmake_target': None, 'cmake_target_skip_unavailable': False, 'install_base': '/home/yappel/ros2_ws/install/smart_car', 'merge_install': False, 'path': '/home/yappel/ros2_ws/src/smart_car', 'symlink_install': False, 'test_result_base': None}
[0.325s] Level 5:colcon.colcon_core.verb:set package 'smartcar_msgs' build argument 'cmake_args' from command line to 'None'
[0.325s] Level 5:colcon.colcon_core.verb:set package 'smartcar_msgs' build argument 'cmake_target' from command line to 'None'
[0.325s] Level 5:colcon.colcon_core.verb:set package 'smartcar_msgs' build argument 'cmake_target_skip_unavailable' from command line to 'False'
[0.325s] Level 5:colcon.colcon_core.verb:set package 'smartcar_msgs' build argument 'cmake_clean_cache' from command line to 'False'
[0.325s] Level 5:colcon.colcon_core.verb:set package 'smartcar_msgs' build argument 'cmake_clean_first' from command line to 'False'
[0.325s] Level 5:colcon.colcon_core.verb:set package 'smartcar_msgs' build argument 'cmake_force_configure' from command line to 'False'
[0.326s] Level 5:colcon.colcon_core.verb:set package 'smartcar_msgs' build argument 'ament_cmake_args' from command line to 'None'
[0.326s] Level 5:colcon.colcon_core.verb:set package 'smartcar_msgs' build argument 'catkin_cmake_args' from command line to 'None'
[0.326s] Level 5:colcon.colcon_core.verb:set package 'smartcar_msgs' build argument 'catkin_skip_building_tests' from command line to 'False'
[0.326s] DEBUG:colcon.colcon_core.verb:Building package 'smartcar_msgs' with the following arguments: {'ament_cmake_args': None, 'build_base': '/home/yappel/ros2_ws/build/smartcar_msgs', 'catkin_cmake_args': None, 'catkin_skip_building_tests': False, 'cmake_args': None, 'cmake_clean_cache': False, 'cmake_clean_first': False, 'cmake_force_configure': False, 'cmake_target': None, 'cmake_target_skip_unavailable': False, 'install_base': '/home/yappel/ros2_ws/install/smartcar_msgs', 'merge_install': False, 'path': '/home/yappel/ros2_ws/src/smartcar_msgs', 'symlink_install': False, 'test_result_base': None}
[0.326s] Level 5:colcon.colcon_core.verb:set package 'car_gazebo_plugin' build argument 'cmake_args' from command line to 'None'
[0.326s] Level 5:colcon.colcon_core.verb:set package 'car_gazebo_plugin' build argument 'cmake_target' from command line to 'None'
[0.326s] Level 5:colcon.colcon_core.verb:set package 'car_gazebo_plugin' build argument 'cmake_target_skip_unavailable' from command line to 'False'
[0.326s] Level 5:colcon.colcon_core.verb:set package 'car_gazebo_plugin' build argument 'cmake_clean_cache' from command line to 'False'
[0.326s] Level 5:colcon.colcon_core.verb:set package 'car_gazebo_plugin' build argument 'cmake_clean_first' from command line to 'False'
[0.326s] Level 5:colcon.colcon_core.verb:set package 'car_gazebo_plugin' build argument 'cmake_force_configure' from command line to 'False'
[0.326s] Level 5:colcon.colcon_core.verb:set package 'car_gazebo_plugin' build argument 'ament_cmake_args' from command line to 'None'
[0.326s] Level 5:colcon.colcon_core.verb:set package 'car_gazebo_plugin' build argument 'catkin_cmake_args' from command line to 'None'
[0.326s] Level 5:colcon.colcon_core.verb:set package 'car_gazebo_plugin' build argument 'catkin_skip_building_tests' from command line to 'False'
[0.326s] DEBUG:colcon.colcon_core.verb:Building package 'car_gazebo_plugin' with the following arguments: {'ament_cmake_args': None, 'build_base': '/home/yappel/ros2_ws/build/car_gazebo_plugin', 'catkin_cmake_args': None, 'catkin_skip_building_tests': False, 'cmake_args': None, 'cmake_clean_cache': False, 'cmake_clean_first': False, 'cmake_force_configure': False, 'cmake_target': None, 'cmake_target_skip_unavailable': False, 'install_base': '/home/yappel/ros2_ws/install/car_gazebo_plugin', 'merge_install': False, 'path': '/home/yappel/ros2_ws/src/car_gazebo_plugin', 'symlink_install': False, 'test_result_base': None}
[0.326s] INFO:colcon.colcon_core.executor:Executing jobs using 'parallel' executor
[0.327s] DEBUG:colcon.colcon_parallel_executor.executor.parallel:run_until_complete
[0.327s] INFO:colcon.colcon_ros.task.ament_cmake.build:Building ROS package in '/home/yappel/ros2_ws/src/ackermann_msgs' with build type 'ament_cmake'
[0.327s] INFO:colcon.colcon_cmake.task.cmake.build:Building CMake package in '/home/yappel/ros2_ws/src/ackermann_msgs'
[0.329s] INFO:colcon.colcon_core.plugin_system:Skipping extension 'colcon_core.shell.bat': Not used on non-Windows systems
[0.329s] INFO:colcon.colcon_core.shell:Skip shell extension 'powershell' for command environment: Not usable outside of PowerShell
[0.329s] DEBUG:colcon.colcon_core.shell:Skip shell extension 'dsv' for command environment
[0.332s] INFO:colcon.colcon_ros.task.ament_cmake.build:Building ROS package in '/home/yappel/ros2_ws/src/smart_car' with build type 'ament_cmake'
[0.332s] INFO:colcon.colcon_cmake.task.cmake.build:Building CMake package in '/home/yappel/ros2_ws/src/smart_car'
[0.332s] INFO:colcon.colcon_core.shell:Skip shell extension 'powershell' for command environment: Not usable outside of PowerShell
[0.332s] DEBUG:colcon.colcon_core.shell:Skip shell extension 'dsv' for command environment
[0.335s] INFO:colcon.colcon_ros.task.catkin.build:Building ROS package in '/home/yappel/ros2_ws/src/smartcar_msgs' with build type 'catkin'
[0.335s] INFO:colcon.colcon_cmake.task.cmake.build:Building CMake package in '/home/yappel/ros2_ws/src/smartcar_msgs'
[0.336s] INFO:colcon.colcon_core.shell:Skip shell extension 'powershell' for command environment: Not usable outside of PowerShell
[0.336s] DEBUG:colcon.colcon_core.shell:Skip shell extension 'dsv' for command environment
[0.348s] DEBUG:colcon.colcon_core.event_handler.log_command:Invoking command in '/home/yappel/ros2_ws/build/ackermann_msgs': CMAKE_PREFIX_PATH=/opt/ros/humble:${CMAKE_PREFIX_PATH} /usr/bin/cmake --build /home/yappel/ros2_ws/build/ackermann_msgs -- -j16 -l16
[0.353s] DEBUG:colcon.colcon_core.event_handler.log_command:Invoking command in '/home/yappel/ros2_ws/build/smart_car': CMAKE_PREFIX_PATH=/opt/ros/humble:${CMAKE_PREFIX_PATH} /usr/bin/cmake --build /home/yappel/ros2_ws/build/smart_car -- -j16 -l16
[0.356s] DEBUG:colcon.colcon_core.event_handler.log_command:Invoking command in '/home/yappel/ros2_ws/build/smartcar_msgs': /usr/bin/cmake --build /home/yappel/ros2_ws/build/smartcar_msgs -- -j16 -l16
[0.399s] DEBUG:colcon.colcon_core.event_handler.log_command:Invoked command in '/home/yappel/ros2_ws/build/smart_car' returned '0': CMAKE_PREFIX_PATH=/opt/ros/humble:${CMAKE_PREFIX_PATH} /usr/bin/cmake --build /home/yappel/ros2_ws/build/smart_car -- -j16 -l16
[0.410s] DEBUG:colcon.colcon_core.event_handler.log_command:Invoking command in '/home/yappel/ros2_ws/build/smart_car': CMAKE_PREFIX_PATH=/opt/ros/humble:${CMAKE_PREFIX_PATH} /usr/bin/cmake --install /home/yappel/ros2_ws/build/smart_car
[0.425s] Level 1:colcon.colcon_core.environment:create_environment_scripts_only(smart_car)
[0.426s] DEBUG:colcon.colcon_core.event_handler.log_command:Invoked command in '/home/yappel/ros2_ws/build/smart_car' returned '0': CMAKE_PREFIX_PATH=/opt/ros/humble:${CMAKE_PREFIX_PATH} /usr/bin/cmake --install /home/yappel/ros2_ws/build/smart_car
[0.429s] Level 1:colcon.colcon_core.environment:checking '/home/yappel/ros2_ws/install/smart_car' for CMake module files
[0.430s] Level 1:colcon.colcon_core.environment:checking '/home/yappel/ros2_ws/install/smart_car' for CMake config files
[0.431s] Level 1:colcon.colcon_core.shell:create_environment_hook('smart_car', 'cmake_prefix_path')
[0.431s] INFO:colcon.colcon_core.shell:Creating environment hook '/home/yappel/ros2_ws/install/smart_car/share/smart_car/hook/cmake_prefix_path.ps1'
[0.432s] INFO:colcon.colcon_core.shell:Creating environment descriptor '/home/yappel/ros2_ws/install/smart_car/share/smart_car/hook/cmake_prefix_path.dsv'
[0.433s] INFO:colcon.colcon_core.shell:Creating environment hook '/home/yappel/ros2_ws/install/smart_car/share/smart_car/hook/cmake_prefix_path.sh'
[0.434s] Level 1:colcon.colcon_core.environment:checking '/home/yappel/ros2_ws/install/smart_car/lib'
[0.435s] Level 1:colcon.colcon_core.environment:checking '/home/yappel/ros2_ws/install/smart_car/bin'
[0.435s] Level 1:colcon.colcon_core.environment:checking '/home/yappel/ros2_ws/install/smart_car/lib/pkgconfig/smart_car.pc'
[0.435s] Level 1:colcon.colcon_core.environment:checking '/home/yappel/ros2_ws/install/smart_car/lib/python3.10/site-packages'
[0.435s] Level 1:colcon.colcon_core.environment:checking '/home/yappel/ros2_ws/install/smart_car/bin'
[0.436s] INFO:colcon.colcon_core.shell:Creating package script '/home/yappel/ros2_ws/install/smart_car/share/smart_car/package.ps1'
[0.438s] INFO:colcon.colcon_core.shell:Creating package descriptor '/home/yappel/ros2_ws/install/smart_car/share/smart_car/package.dsv'
[0.438s] INFO:colcon.colcon_core.shell:Creating package script '/home/yappel/ros2_ws/install/smart_car/share/smart_car/package.sh'
[0.439s] INFO:colcon.colcon_core.shell:Creating package script '/home/yappel/ros2_ws/install/smart_car/share/smart_car/package.bash'
[0.441s] INFO:colcon.colcon_core.shell:Creating package script '/home/yappel/ros2_ws/install/smart_car/share/smart_car/package.zsh'
[0.441s] Level 1:colcon.colcon_core.environment:create_file_with_runtime_dependencies(/home/yappel/ros2_ws/install/smart_car/share/colcon-core/packages/smart_car)
[0.442s] Level 1:colcon.colcon_core.environment:create_environment_scripts_only(smart_car)
[0.442s] Level 1:colcon.colcon_core.environment:checking '/home/yappel/ros2_ws/install/smart_car' for CMake module files
[0.442s] Level 1:colcon.colcon_core.environment:checking '/home/yappel/ros2_ws/install/smart_car' for CMake config files
[0.443s] Level 1:colcon.colcon_core.shell:create_environment_hook('smart_car', 'cmake_prefix_path')
[0.443s] INFO:colcon.colcon_core.shell:Creating environment hook '/home/yappel/ros2_ws/install/smart_car/share/smart_car/hook/cmake_prefix_path.ps1'
[0.444s] INFO:colcon.colcon_core.shell:Creating environment descriptor '/home/yappel/ros2_ws/install/smart_car/share/smart_car/hook/cmake_prefix_path.dsv'
[0.444s] INFO:colcon.colcon_core.shell:Creating environment hook '/home/yappel/ros2_ws/install/smart_car/share/smart_car/hook/cmake_prefix_path.sh'
[0.445s] Level 1:colcon.colcon_core.environment:checking '/home/yappel/ros2_ws/install/smart_car/lib'
[0.445s] Level 1:colcon.colcon_core.environment:checking '/home/yappel/ros2_ws/install/smart_car/bin'
[0.445s] Level 1:colcon.colcon_core.environment:checking '/home/yappel/ros2_ws/install/smart_car/lib/pkgconfig/smart_car.pc'
[0.445s] Level 1:colcon.colcon_core.environment:checking '/home/yappel/ros2_ws/install/smart_car/lib/python3.10/site-packages'
[0.445s] Level 1:colcon.colcon_core.environment:checking '/home/yappel/ros2_ws/install/smart_car/bin'
[0.446s] INFO:colcon.colcon_core.shell:Creating package script '/home/yappel/ros2_ws/install/smart_car/share/smart_car/package.ps1'
[0.447s] INFO:colcon.colcon_core.shell:Creating package descriptor '/home/yappel/ros2_ws/install/smart_car/share/smart_car/package.dsv'
[0.447s] INFO:colcon.colcon_core.shell:Creating package script '/home/yappel/ros2_ws/install/smart_car/share/smart_car/package.sh'
[0.448s] INFO:colcon.colcon_core.shell:Creating package script '/home/yappel/ros2_ws/install/smart_car/share/smart_car/package.bash'
[0.449s] INFO:colcon.colcon_core.shell:Creating package script '/home/yappel/ros2_ws/install/smart_car/share/smart_car/package.zsh'
[0.450s] Level 1:colcon.colcon_core.environment:create_file_with_runtime_dependencies(/home/yappel/ros2_ws/install/smart_car/share/colcon-core/packages/smart_car)
[0.497s] DEBUG:colcon.colcon_core.event_handler.log_command:Invoked command in '/home/yappel/ros2_ws/build/smartcar_msgs' returned '0': /usr/bin/cmake --build /home/yappel/ros2_ws/build/smartcar_msgs -- -j16 -l16
[0.499s] DEBUG:colcon.colcon_core.event_handler.log_command:Invoking command in '/home/yappel/ros2_ws/build/smartcar_msgs': /usr/bin/cmake --install /home/yappel/ros2_ws/build/smartcar_msgs
[0.514s] DEBUG:colcon.colcon_core.event_handler.log_command:Invoked command in '/home/yappel/ros2_ws/build/smartcar_msgs' returned '0': /usr/bin/cmake --install /home/yappel/ros2_ws/build/smartcar_msgs
[0.515s] Level 1:colcon.colcon_core.shell:create_environment_hook('smartcar_msgs', 'ros_package_path')
[0.515s] INFO:colcon.colcon_core.shell:Creating environment hook '/home/yappel/ros2_ws/install/smartcar_msgs/share/smartcar_msgs/hook/ros_package_path.ps1'
[0.515s] INFO:colcon.colcon_core.shell:Creating environment descriptor '/home/yappel/ros2_ws/install/smartcar_msgs/share/smartcar_msgs/hook/ros_package_path.dsv'
[0.516s] INFO:colcon.colcon_core.shell:Creating environment hook '/home/yappel/ros2_ws/install/smartcar_msgs/share/smartcar_msgs/hook/ros_package_path.sh'
[0.516s] Level 1:colcon.colcon_core.shell:create_environment_hook('smartcar_msgs', 'pkg_config_path')
[0.516s] INFO:colcon.colcon_core.shell:Creating environment hook '/home/yappel/ros2_ws/install/smartcar_msgs/share/smartcar_msgs/hook/pkg_config_path.ps1'
[0.517s] INFO:colcon.colcon_core.shell:Creating environment descriptor '/home/yappel/ros2_ws/install/smartcar_msgs/share/smartcar_msgs/hook/pkg_config_path.dsv'
[0.517s] INFO:colcon.colcon_core.shell:Creating environment hook '/home/yappel/ros2_ws/install/smartcar_msgs/share/smartcar_msgs/hook/pkg_config_path.sh'
[0.519s] Level 1:colcon.colcon_core.shell:create_environment_hook('smartcar_msgs', 'pkg_config_path_multiarch')
[0.519s] INFO:colcon.colcon_core.shell:Creating environment hook '/home/yappel/ros2_ws/install/smartcar_msgs/share/smartcar_msgs/hook/pkg_config_path_multiarch.ps1'
[0.520s] INFO:colcon.colcon_core.shell:Creating environment descriptor '/home/yappel/ros2_ws/install/smartcar_msgs/share/smartcar_msgs/hook/pkg_config_path_multiarch.dsv'
[0.520s] INFO:colcon.colcon_core.shell:Creating environment hook '/home/yappel/ros2_ws/install/smartcar_msgs/share/smartcar_msgs/hook/pkg_config_path_multiarch.sh'
[0.521s] Level 1:colcon.colcon_core.environment:create_environment_scripts_only(smartcar_msgs)
[0.521s] Level 1:colcon.colcon_core.environment:checking '/home/yappel/ros2_ws/install/smartcar_msgs' for CMake module files
[0.521s] Level 1:colcon.colcon_core.environment:checking '/home/yappel/ros2_ws/install/smartcar_msgs' for CMake config files
[0.522s] Level 1:colcon.colcon_core.shell:create_environment_hook('smartcar_msgs', 'cmake_prefix_path')
[0.522s] INFO:colcon.colcon_core.shell:Creating environment hook '/home/yappel/ros2_ws/install/smartcar_msgs/share/smartcar_msgs/hook/cmake_prefix_path.ps1'
[0.522s] INFO:colcon.colcon_core.shell:Creating environment descriptor '/home/yappel/ros2_ws/install/smartcar_msgs/share/smartcar_msgs/hook/cmake_prefix_path.dsv'
[0.523s] INFO:colcon.colcon_core.shell:Creating environment hook '/home/yappel/ros2_ws/install/smartcar_msgs/share/smartcar_msgs/hook/cmake_prefix_path.sh'
[0.523s] Level 1:colcon.colcon_core.environment:checking '/home/yappel/ros2_ws/install/smartcar_msgs/lib'
[0.523s] Level 1:colcon.colcon_core.shell:create_environment_hook('smartcar_msgs', 'ld_library_path_lib')
[0.523s] INFO:colcon.colcon_core.shell:Creating environment hook '/home/yappel/ros2_ws/install/smartcar_msgs/share/smartcar_msgs/hook/ld_library_path_lib.ps1'
[0.524s] INFO:colcon.colcon_core.shell:Creating environment descriptor '/home/yappel/ros2_ws/install/smartcar_msgs/share/smartcar_msgs/hook/ld_library_path_lib.dsv'
[0.524s] INFO:colcon.colcon_core.shell:Creating environment hook '/home/yappel/ros2_ws/install/smartcar_msgs/share/smartcar_msgs/hook/ld_library_path_lib.sh'
[0.524s] Level 1:colcon.colcon_core.environment:checking '/home/yappel/ros2_ws/install/smartcar_msgs/bin'
[0.524s] Level 1:colcon.colcon_core.environment:checking '/home/yappel/ros2_ws/install/smartcar_msgs/lib/pkgconfig/smartcar_msgs.pc'
[0.525s] Level 1:colcon.colcon_core.environment:checking '/home/yappel/ros2_ws/install/smartcar_msgs/lib/python3.10/site-packages'
[0.525s] Level 1:colcon.colcon_core.environment:checking '/home/yappel/ros2_ws/install/smartcar_msgs/bin'
[0.525s] INFO:colcon.colcon_core.shell:Creating package script '/home/yappel/ros2_ws/install/smartcar_msgs/share/smartcar_msgs/package.ps1'
[0.525s] INFO:colcon.colcon_core.shell:Creating package descriptor '/home/yappel/ros2_ws/install/smartcar_msgs/share/smartcar_msgs/package.dsv'
[0.526s] INFO:colcon.colcon_core.shell:Creating package script '/home/yappel/ros2_ws/install/smartcar_msgs/share/smartcar_msgs/package.sh'
[0.526s] INFO:colcon.colcon_core.shell:Creating package script '/home/yappel/ros2_ws/install/smartcar_msgs/share/smartcar_msgs/package.bash'
[0.527s] INFO:colcon.colcon_core.shell:Creating package script '/home/yappel/ros2_ws/install/smartcar_msgs/share/smartcar_msgs/package.zsh'
[0.527s] Level 1:colcon.colcon_core.environment:create_file_with_runtime_dependencies(/home/yappel/ros2_ws/install/smartcar_msgs/share/colcon-core/packages/smartcar_msgs)
[0.725s] DEBUG:colcon.colcon_core.event_handler.log_command:Invoked command in '/home/yappel/ros2_ws/build/ackermann_msgs' returned '0': CMAKE_PREFIX_PATH=/opt/ros/humble:${CMAKE_PREFIX_PATH} /usr/bin/cmake --build /home/yappel/ros2_ws/build/ackermann_msgs -- -j16 -l16
[0.727s] DEBUG:colcon.colcon_core.event_handler.log_command:Invoking command in '/home/yappel/ros2_ws/build/ackermann_msgs': CMAKE_PREFIX_PATH=/opt/ros/humble:${CMAKE_PREFIX_PATH} /usr/bin/cmake --install /home/yappel/ros2_ws/build/ackermann_msgs
[0.787s] Level 1:colcon.colcon_core.environment:create_environment_scripts_only(ackermann_msgs)
[0.788s] Level 1:colcon.colcon_core.environment:checking '/home/yappel/ros2_ws/install/ackermann_msgs' for CMake module files
[0.788s] DEBUG:colcon.colcon_core.event_handler.log_command:Invoked command in '/home/yappel/ros2_ws/build/ackermann_msgs' returned '0': CMAKE_PREFIX_PATH=/opt/ros/humble:${CMAKE_PREFIX_PATH} /usr/bin/cmake --install /home/yappel/ros2_ws/build/ackermann_msgs
[0.789s] Level 1:colcon.colcon_core.environment:checking '/home/yappel/ros2_ws/install/ackermann_msgs' for CMake config files
[0.790s] Level 1:colcon.colcon_core.shell:create_environment_hook('ackermann_msgs', 'cmake_prefix_path')
[0.790s] INFO:colcon.colcon_core.shell:Creating environment hook '/home/yappel/ros2_ws/install/ackermann_msgs/share/ackermann_msgs/hook/cmake_prefix_path.ps1'
[0.791s] INFO:colcon.colcon_core.shell:Creating environment descriptor '/home/yappel/ros2_ws/install/ackermann_msgs/share/ackermann_msgs/hook/cmake_prefix_path.dsv'
[0.791s] INFO:colcon.colcon_core.shell:Creating environment hook '/home/yappel/ros2_ws/install/ackermann_msgs/share/ackermann_msgs/hook/cmake_prefix_path.sh'
[0.792s] Level 1:colcon.colcon_core.environment:checking '/home/yappel/ros2_ws/install/ackermann_msgs/lib'
[0.792s] Level 1:colcon.colcon_core.shell:create_environment_hook('ackermann_msgs', 'ld_library_path_lib')
[0.792s] INFO:colcon.colcon_core.shell:Creating environment hook '/home/yappel/ros2_ws/install/ackermann_msgs/share/ackermann_msgs/hook/ld_library_path_lib.ps1'
[0.793s] INFO:colcon.colcon_core.shell:Creating environment descriptor '/home/yappel/ros2_ws/install/ackermann_msgs/share/ackermann_msgs/hook/ld_library_path_lib.dsv'
[0.793s] INFO:colcon.colcon_core.shell:Creating environment hook '/home/yappel/ros2_ws/install/ackermann_msgs/share/ackermann_msgs/hook/ld_library_path_lib.sh'
[0.794s] Level 1:colcon.colcon_core.environment:checking '/home/yappel/ros2_ws/install/ackermann_msgs/bin'
[0.794s] Level 1:colcon.colcon_core.environment:checking '/home/yappel/ros2_ws/install/ackermann_msgs/lib/pkgconfig/ackermann_msgs.pc'
[0.794s] Level 1:colcon.colcon_core.environment:checking '/home/yappel/ros2_ws/install/ackermann_msgs/lib/python3.10/site-packages'
[0.794s] Level 1:colcon.colcon_core.environment:checking '/home/yappel/ros2_ws/install/ackermann_msgs/bin'
[0.795s] INFO:colcon.colcon_core.shell:Creating package script '/home/yappel/ros2_ws/install/ackermann_msgs/share/ackermann_msgs/package.ps1'
[0.795s] INFO:colcon.colcon_core.shell:Creating package descriptor '/home/yappel/ros2_ws/install/ackermann_msgs/share/ackermann_msgs/package.dsv'
[0.796s] INFO:colcon.colcon_core.shell:Creating package script '/home/yappel/ros2_ws/install/ackermann_msgs/share/ackermann_msgs/package.sh'
[0.796s] INFO:colcon.colcon_core.shell:Creating package script '/home/yappel/ros2_ws/install/ackermann_msgs/share/ackermann_msgs/package.bash'
[0.797s] INFO:colcon.colcon_core.shell:Creating package script '/home/yappel/ros2_ws/install/ackermann_msgs/share/ackermann_msgs/package.zsh'
[0.797s] Level 1:colcon.colcon_core.environment:create_file_with_runtime_dependencies(/home/yappel/ros2_ws/install/ackermann_msgs/share/colcon-core/packages/ackermann_msgs)
[0.798s] Level 1:colcon.colcon_core.environment:create_environment_scripts_only(ackermann_msgs)
[0.798s] Level 1:colcon.colcon_core.environment:checking '/home/yappel/ros2_ws/install/ackermann_msgs' for CMake module files
[0.799s] Level 1:colcon.colcon_core.environment:checking '/home/yappel/ros2_ws/install/ackermann_msgs' for CMake config files
[0.800s] Level 1:colcon.colcon_core.shell:create_environment_hook('ackermann_msgs', 'cmake_prefix_path')
[0.800s] INFO:colcon.colcon_core.shell:Creating environment hook '/home/yappel/ros2_ws/install/ackermann_msgs/share/ackermann_msgs/hook/cmake_prefix_path.ps1'
[0.801s] INFO:colcon.colcon_core.shell:Creating environment descriptor '/home/yappel/ros2_ws/install/ackermann_msgs/share/ackermann_msgs/hook/cmake_prefix_path.dsv'
[0.801s] INFO:colcon.colcon_core.shell:Creating environment hook '/home/yappel/ros2_ws/install/ackermann_msgs/share/ackermann_msgs/hook/cmake_prefix_path.sh'
[0.802s] Level 1:colcon.colcon_core.environment:checking '/home/yappel/ros2_ws/install/ackermann_msgs/lib'
[0.802s] Level 1:colcon.colcon_core.shell:create_environment_hook('ackermann_msgs', 'ld_library_path_lib')
[0.802s] INFO:colcon.colcon_core.shell:Creating environment hook '/home/yappel/ros2_ws/install/ackermann_msgs/share/ackermann_msgs/hook/ld_library_path_lib.ps1'
[0.802s] INFO:colcon.colcon_core.shell:Creating environment descriptor '/home/yappel/ros2_ws/install/ackermann_msgs/share/ackermann_msgs/hook/ld_library_path_lib.dsv'
[0.803s] INFO:colcon.colcon_core.shell:Creating environment hook '/home/yappel/ros2_ws/install/ackermann_msgs/share/ackermann_msgs/hook/ld_library_path_lib.sh'
[0.803s] Level 1:colcon.colcon_core.environment:checking '/home/yappel/ros2_ws/install/ackermann_msgs/bin'
[0.803s] Level 1:colcon.colcon_core.environment:checking '/home/yappel/ros2_ws/install/ackermann_msgs/lib/pkgconfig/ackermann_msgs.pc'
[0.803s] Level 1:colcon.colcon_core.environment:checking '/home/yappel/ros2_ws/install/ackermann_msgs/lib/python3.10/site-packages'
[0.804s] Level 1:colcon.colcon_core.environment:checking '/home/yappel/ros2_ws/install/ackermann_msgs/bin'
[0.804s] INFO:colcon.colcon_core.shell:Creating package script '/home/yappel/ros2_ws/install/ackermann_msgs/share/ackermann_msgs/package.ps1'
[0.805s] INFO:colcon.colcon_core.shell:Creating package descriptor '/home/yappel/ros2_ws/install/ackermann_msgs/share/ackermann_msgs/package.dsv'
[0.805s] INFO:colcon.colcon_core.shell:Creating package script '/home/yappel/ros2_ws/install/ackermann_msgs/share/ackermann_msgs/package.sh'
[0.806s] INFO:colcon.colcon_core.shell:Creating package script '/home/yappel/ros2_ws/install/ackermann_msgs/share/ackermann_msgs/package.bash'
[0.806s] INFO:colcon.colcon_core.shell:Creating package script '/home/yappel/ros2_ws/install/ackermann_msgs/share/ackermann_msgs/package.zsh'
[0.807s] Level 1:colcon.colcon_core.environment:create_file_with_runtime_dependencies(/home/yappel/ros2_ws/install/ackermann_msgs/share/colcon-core/packages/ackermann_msgs)
[0.807s] INFO:colcon.colcon_ros.task.ament_cmake.build:Building ROS package in '/home/yappel/ros2_ws/src/car_gazebo_plugin' with build type 'ament_cmake'
[0.807s] INFO:colcon.colcon_cmake.task.cmake.build:Building CMake package in '/home/yappel/ros2_ws/src/car_gazebo_plugin'
[0.807s] INFO:colcon.colcon_core.shell:Skip shell extension 'powershell' for command environment: Not usable outside of PowerShell
[0.807s] DEBUG:colcon.colcon_core.shell:Skip shell extension 'dsv' for command environment
[0.821s] DEBUG:colcon.colcon_core.event_handler.log_command:Invoking command in '/home/yappel/ros2_ws/build/car_gazebo_plugin': CMAKE_PREFIX_PATH=/home/yappel/ros2_ws/install/ackermann_msgs:/opt/ros/humble:/home/yappel/ros2_ws/install/smartcar_msgs:/home/yappel/ros2_ws/install/smart_car:/home/yappel/ros2_ws/install/car_gazebo_plugin LD_LIBRARY_PATH=/home/yappel/ros2_ws/install/ackermann_msgs/lib:/home/yappel/ros2_ws/install/smartcar_msgs/lib:/home/yappel/ros2_ws/install/car_gazebo_plugin/lib:/usr/lib/x86_64-linux-gnu/gazebo-11/plugins:/opt/ros/humble/opt/rviz_ogre_vendor/lib:/opt/ros/humble/lib/x86_64-linux-gnu:/opt/ros/humble/lib /usr/bin/cmake --build /home/yappel/ros2_ws/build/car_gazebo_plugin -- -j16 -l16
[0.928s] DEBUG:colcon.colcon_core.event_handler.log_command:Invoked command in '/home/yappel/ros2_ws/build/car_gazebo_plugin' returned '0': CMAKE_PREFIX_PATH=/home/yappel/ros2_ws/install/ackermann_msgs:/opt/ros/humble:/home/yappel/ros2_ws/install/smartcar_msgs:/home/yappel/ros2_ws/install/smart_car:/home/yappel/ros2_ws/install/car_gazebo_plugin LD_LIBRARY_PATH=/home/yappel/ros2_ws/install/ackermann_msgs/lib:/home/yappel/ros2_ws/install/smartcar_msgs/lib:/home/yappel/ros2_ws/install/car_gazebo_plugin/lib:/usr/lib/x86_64-linux-gnu/gazebo-11/plugins:/opt/ros/humble/opt/rviz_ogre_vendor/lib:/opt/ros/humble/lib/x86_64-linux-gnu:/opt/ros/humble/lib /usr/bin/cmake --build /home/yappel/ros2_ws/build/car_gazebo_plugin -- -j16 -l16
[0.930s] DEBUG:colcon.colcon_core.event_handler.log_command:Invoking command in '/home/yappel/ros2_ws/build/car_gazebo_plugin': CMAKE_PREFIX_PATH=/home/yappel/ros2_ws/install/ackermann_msgs:/opt/ros/humble:/home/yappel/ros2_ws/install/smartcar_msgs:/home/yappel/ros2_ws/install/smart_car:/home/yappel/ros2_ws/install/car_gazebo_plugin LD_LIBRARY_PATH=/home/yappel/ros2_ws/install/ackermann_msgs/lib:/home/yappel/ros2_ws/install/smartcar_msgs/lib:/home/yappel/ros2_ws/install/car_gazebo_plugin/lib:/usr/lib/x86_64-linux-gnu/gazebo-11/plugins:/opt/ros/humble/opt/rviz_ogre_vendor/lib:/opt/ros/humble/lib/x86_64-linux-gnu:/opt/ros/humble/lib /usr/bin/cmake --install /home/yappel/ros2_ws/build/car_gazebo_plugin
[0.940s] Level 1:colcon.colcon_core.environment:create_environment_scripts_only(car_gazebo_plugin)
[0.941s] Level 1:colcon.colcon_core.environment:checking '/home/yappel/ros2_ws/install/car_gazebo_plugin' for CMake module files
[0.941s] DEBUG:colcon.colcon_core.event_handler.log_command:Invoked command in '/home/yappel/ros2_ws/build/car_gazebo_plugin' returned '0': CMAKE_PREFIX_PATH=/home/yappel/ros2_ws/install/ackermann_msgs:/opt/ros/humble:/home/yappel/ros2_ws/install/smartcar_msgs:/home/yappel/ros2_ws/install/smart_car:/home/yappel/ros2_ws/install/car_gazebo_plugin LD_LIBRARY_PATH=/home/yappel/ros2_ws/install/ackermann_msgs/lib:/home/yappel/ros2_ws/install/smartcar_msgs/lib:/home/yappel/ros2_ws/install/car_gazebo_plugin/lib:/usr/lib/x86_64-linux-gnu/gazebo-11/plugins:/opt/ros/humble/opt/rviz_ogre_vendor/lib:/opt/ros/humble/lib/x86_64-linux-gnu:/opt/ros/humble/lib /usr/bin/cmake --install /home/yappel/ros2_ws/build/car_gazebo_plugin
[0.942s] Level 1:colcon.colcon_core.environment:checking '/home/yappel/ros2_ws/install/car_gazebo_plugin' for CMake config files
[0.942s] Level 1:colcon.colcon_core.shell:create_environment_hook('car_gazebo_plugin', 'cmake_prefix_path')
[0.943s] INFO:colcon.colcon_core.shell:Creating environment hook '/home/yappel/ros2_ws/install/car_gazebo_plugin/share/car_gazebo_plugin/hook/cmake_prefix_path.ps1'
[0.943s] INFO:colcon.colcon_core.shell:Creating environment descriptor '/home/yappel/ros2_ws/install/car_gazebo_plugin/share/car_gazebo_plugin/hook/cmake_prefix_path.dsv'
[0.944s] INFO:colcon.colcon_core.shell:Creating environment hook '/home/yappel/ros2_ws/install/car_gazebo_plugin/share/car_gazebo_plugin/hook/cmake_prefix_path.sh'
[0.944s] Level 1:colcon.colcon_core.environment:checking '/home/yappel/ros2_ws/install/car_gazebo_plugin/lib'
[0.944s] Level 1:colcon.colcon_core.shell:create_environment_hook('car_gazebo_plugin', 'ld_library_path_lib')
[0.945s] INFO:colcon.colcon_core.shell:Creating environment hook '/home/yappel/ros2_ws/install/car_gazebo_plugin/share/car_gazebo_plugin/hook/ld_library_path_lib.ps1'
[0.945s] INFO:colcon.colcon_core.shell:Creating environment descriptor '/home/yappel/ros2_ws/install/car_gazebo_plugin/share/car_gazebo_plugin/hook/ld_library_path_lib.dsv'
[0.945s] INFO:colcon.colcon_core.shell:Creating environment hook '/home/yappel/ros2_ws/install/car_gazebo_plugin/share/car_gazebo_plugin/hook/ld_library_path_lib.sh'
[0.946s] Level 1:colcon.colcon_core.environment:checking '/home/yappel/ros2_ws/install/car_gazebo_plugin/bin'
[0.946s] Level 1:colcon.colcon_core.environment:checking '/home/yappel/ros2_ws/install/car_gazebo_plugin/lib/pkgconfig/car_gazebo_plugin.pc'
[0.946s] Level 1:colcon.colcon_core.environment:checking '/home/yappel/ros2_ws/install/car_gazebo_plugin/lib/python3.10/site-packages'
[0.946s] Level 1:colcon.colcon_core.environment:checking '/home/yappel/ros2_ws/install/car_gazebo_plugin/bin'
[0.947s] INFO:colcon.colcon_core.shell:Creating package script '/home/yappel/ros2_ws/install/car_gazebo_plugin/share/car_gazebo_plugin/package.ps1'
[0.947s] INFO:colcon.colcon_core.shell:Creating package descriptor '/home/yappel/ros2_ws/install/car_gazebo_plugin/share/car_gazebo_plugin/package.dsv'
[0.948s] INFO:colcon.colcon_core.shell:Creating package script '/home/yappel/ros2_ws/install/car_gazebo_plugin/share/car_gazebo_plugin/package.sh'
[0.948s] INFO:colcon.colcon_core.shell:Creating package script '/home/yappel/ros2_ws/install/car_gazebo_plugin/share/car_gazebo_plugin/package.bash'
[0.948s] INFO:colcon.colcon_core.shell:Creating package script '/home/yappel/ros2_ws/install/car_gazebo_plugin/share/car_gazebo_plugin/package.zsh'
[0.949s] Level 1:colcon.colcon_core.environment:create_file_with_runtime_dependencies(/home/yappel/ros2_ws/install/car_gazebo_plugin/share/colcon-core/packages/car_gazebo_plugin)
[0.949s] Level 1:colcon.colcon_core.environment:create_environment_scripts_only(car_gazebo_plugin)
[0.950s] Level 1:colcon.colcon_core.environment:checking '/home/yappel/ros2_ws/install/car_gazebo_plugin' for CMake module files
[0.950s] Level 1:colcon.colcon_core.environment:checking '/home/yappel/ros2_ws/install/car_gazebo_plugin' for CMake config files
[0.951s] Level 1:colcon.colcon_core.shell:create_environment_hook('car_gazebo_plugin', 'cmake_prefix_path')
[0.951s] INFO:colcon.colcon_core.shell:Creating environment hook '/home/yappel/ros2_ws/install/car_gazebo_plugin/share/car_gazebo_plugin/hook/cmake_prefix_path.ps1'
[0.951s] INFO:colcon.colcon_core.shell:Creating environment descriptor '/home/yappel/ros2_ws/install/car_gazebo_plugin/share/car_gazebo_plugin/hook/cmake_prefix_path.dsv'
[0.952s] INFO:colcon.colcon_core.shell:Creating environment hook '/home/yappel/ros2_ws/install/car_gazebo_plugin/share/car_gazebo_plugin/hook/cmake_prefix_path.sh'
[0.952s] Level 1:colcon.colcon_core.environment:checking '/home/yappel/ros2_ws/install/car_gazebo_plugin/lib'
[0.952s] Level 1:colcon.colcon_core.shell:create_environment_hook('car_gazebo_plugin', 'ld_library_path_lib')
[0.953s] INFO:colcon.colcon_core.shell:Creating environment hook '/home/yappel/ros2_ws/install/car_gazebo_plugin/share/car_gazebo_plugin/hook/ld_library_path_lib.ps1'
[0.953s] INFO:colcon.colcon_core.shell:Creating environment descriptor '/home/yappel/ros2_ws/install/car_gazebo_plugin/share/car_gazebo_plugin/hook/ld_library_path_lib.dsv'
[0.953s] INFO:colcon.colcon_core.shell:Creating environment hook '/home/yappel/ros2_ws/install/car_gazebo_plugin/share/car_gazebo_plugin/hook/ld_library_path_lib.sh'
[0.954s] Level 1:colcon.colcon_core.environment:checking '/home/yappel/ros2_ws/install/car_gazebo_plugin/bin'
[0.954s] Level 1:colcon.colcon_core.environment:checking '/home/yappel/ros2_ws/install/car_gazebo_plugin/lib/pkgconfig/car_gazebo_plugin.pc'
[0.954s] Level 1:colcon.colcon_core.environment:checking '/home/yappel/ros2_ws/install/car_gazebo_plugin/lib/python3.10/site-packages'
[0.954s] Level 1:colcon.colcon_core.environment:checking '/home/yappel/ros2_ws/install/car_gazebo_plugin/bin'
[0.955s] INFO:colcon.colcon_core.shell:Creating package script '/home/yappel/ros2_ws/install/car_gazebo_plugin/share/car_gazebo_plugin/package.ps1'
[0.955s] INFO:colcon.colcon_core.shell:Creating package descriptor '/home/yappel/ros2_ws/install/car_gazebo_plugin/share/car_gazebo_plugin/package.dsv'
[0.956s] INFO:colcon.colcon_core.shell:Creating package script '/home/yappel/ros2_ws/install/car_gazebo_plugin/share/car_gazebo_plugin/package.sh'
[0.956s] INFO:colcon.colcon_core.shell:Creating package script '/home/yappel/ros2_ws/install/car_gazebo_plugin/share/car_gazebo_plugin/package.bash'
[0.956s] INFO:colcon.colcon_core.shell:Creating package script '/home/yappel/ros2_ws/install/car_gazebo_plugin/share/car_gazebo_plugin/package.zsh'
[0.957s] Level 1:colcon.colcon_core.environment:create_file_with_runtime_dependencies(/home/yappel/ros2_ws/install/car_gazebo_plugin/share/colcon-core/packages/car_gazebo_plugin)
[0.957s] DEBUG:colcon.colcon_parallel_executor.executor.parallel:closing loop
[0.958s] DEBUG:colcon.colcon_parallel_executor.executor.parallel:loop closed
[0.958s] DEBUG:colcon.colcon_parallel_executor.executor.parallel:run_until_complete finished with '0'
[0.958s] DEBUG:colcon.colcon_core.event_reactor:joining thread
[0.964s] INFO:colcon.colcon_core.plugin_system:Skipping extension 'colcon_notification.desktop_notification.terminal_notifier': Not used on non-Darwin systems
[0.964s] INFO:colcon.colcon_core.plugin_system:Skipping extension 'colcon_notification.desktop_notification.win32': Not used on non-Windows systems
[0.964s] INFO:colcon.colcon_notification.desktop_notification:Sending desktop notification using 'notify2'
[0.973s] DEBUG:colcon.colcon_core.event_reactor:joined thread
[0.974s] INFO:colcon.colcon_core.shell:Creating prefix script '/home/yappel/ros2_ws/install/local_setup.ps1'
[0.975s] INFO:colcon.colcon_core.shell:Creating prefix util module '/home/yappel/ros2_ws/install/_local_setup_util_ps1.py'
[0.976s] INFO:colcon.colcon_core.shell:Creating prefix chain script '/home/yappel/ros2_ws/install/setup.ps1'
[0.978s] INFO:colcon.colcon_core.shell:Creating prefix script '/home/yappel/ros2_ws/install/local_setup.sh'
[0.978s] INFO:colcon.colcon_core.shell:Creating prefix util module '/home/yappel/ros2_ws/install/_local_setup_util_sh.py'
[0.979s] INFO:colcon.colcon_core.shell:Creating prefix chain script '/home/yappel/ros2_ws/install/setup.sh'
[0.980s] INFO:colcon.colcon_core.shell:Creating prefix script '/home/yappel/ros2_ws/install/local_setup.bash'
[0.981s] INFO:colcon.colcon_core.shell:Creating prefix chain script '/home/yappel/ros2_ws/install/setup.bash'
[0.982s] INFO:colcon.colcon_core.shell:Creating prefix script '/home/yappel/ros2_ws/install/local_setup.zsh'
[0.983s] INFO:colcon.colcon_core.shell:Creating prefix chain script '/home/yappel/ros2_ws/install/setup.zsh'
