[0.017s] Invoking command in '/home/yappel/ros2_ws/build/ackermann_msgs': CMAKE_PREFIX_PATH=/opt/ros/humble:${CMAKE_PREFIX_PATH} /usr/bin/cmake --build /home/yappel/ros2_ws/build/ackermann_msgs -- -j16 -l16
[0.078s] [  2%] Built target ackermann_msgs__cpp
[0.079s] [ 12%] Built target ackermann_msgs__rosidl_generator_c
[0.091s] [ 12%] Built target ament_cmake_python_copy_ackermann_msgs
[0.107s] [ 23%] Built target ackermann_msgs__rosidl_typesupport_c
[0.107s] [ 38%] Built target ackermann_msgs__rosidl_typesupport_cpp
[0.107s] [ 43%] Built target ackermann_msgs__rosidl_typesupport_fastrtps_c
[0.107s] [ 53%] Built target ackermann_msgs__rosidl_typesupport_introspection_cpp
[0.107s] [ 64%] Built target ackermann_msgs__rosidl_typesupport_introspection_c
[0.108s] [ 74%] Built target ackermann_msgs__rosidl_typesupport_fastrtps_cpp
[0.138s] [ 74%] Built target ackermann_msgs
[0.159s] [ 76%] Built target ackermann_msgs__py
[0.182s] [ 84%] Built target ackermann_msgs__rosidl_generator_py
[0.205s] [ 89%] Built target ackermann_msgs__rosidl_typesupport_introspection_c__pyext
[0.206s] [ 94%] Built target ackermann_msgs__rosidl_typesupport_fastrtps_c__pyext
[0.206s] [100%] Built target ackermann_msgs__rosidl_typesupport_c__pyext
[0.372s] running egg_info
[0.372s] writing ackermann_msgs.egg-info/PKG-INFO
[0.373s] writing dependency_links to ackermann_msgs.egg-info/dependency_links.txt
[0.373s] writing top-level names to ackermann_msgs.egg-info/top_level.txt
[0.375s] reading manifest file 'ackermann_msgs.egg-info/SOURCES.txt'
[0.375s] writing manifest file 'ackermann_msgs.egg-info/SOURCES.txt'
[0.402s] [100%] Built target ament_cmake_python_build_ackermann_msgs_egg
